DHED21-38375452 U5C 1
aln/U5C.r1.sam aln/U5C.r1.bam
CREATE_INDEX=true VALIDATION_STRINGENCY=LENIENT TMP_DIR=/scratch/jstajich RGID=DHED21-38375452 RGSM=U5C.r1 RGPL=NextSeq RGPU=Dartmouth RGLB=DHED21-38375452
23:40:28.630 INFO  NativeLibraryLoader - Loading libgkl_compression.so from jar:file:/bigdata/bioinfo/pkgadmin/opt/linux/centos/7.x/x86_64/pkgs/picard/2.14.1/lib/picard.jar!/com/intel/gkl/native/libgkl_compression.so
[Mon Dec 18 23:40:28 PST 2017] AddOrReplaceReadGroups INPUT=aln/U5C.r1.sam OUTPUT=aln/U5C.r1.bam SORT_ORDER=coordinate RGID=DHED21-38375452 RGLB=DHED21-38375452 RGPL=NextSeq RGPU=Dartmouth RGSM=U5C.r1 TMP_DIR=[/scratch/jstajich] VALIDATION_STRINGENCY=LENIENT CREATE_INDEX=true    VERBOSITY=INFO QUIET=false COMPRESSION_LEVEL=5 MAX_RECORDS_IN_RAM=500000 CREATE_MD5_FILE=false GA4GH_CLIENT_SECRETS=client_secrets.json USE_JDK_DEFLATER=false USE_JDK_INFLATER=false
[Mon Dec 18 23:40:28 PST 2017] Executing as jstajich@i33 on Linux 3.10.0-229.1.2.el7.x86_64 amd64; Java HotSpot(TM) 64-Bit Server VM 1.8.0_45-b14; Deflater: Intel; Inflater: Intel; Picard version: 2.14.1-SNAPSHOT
Ignoring SAM validation error: ERROR: Error parsing SAM header. @RG line missing SM tag. Line:
@RG	ID:DHED21-38375452
INFO	2017-12-18 23:40:29	AddOrReplaceReadGroups	Created read group ID=DHED21-38375452 PL=NextSeq LB=DHED21-38375452 SM=U5C.r1

INFO	2017-12-18 23:40:55	AddOrReplaceReadGroups	Processed     1,000,000 records.  Elapsed time: 00:00:26s.  Time for last 1,000,000:   26s.  Last read position: Supercontig_1.3:1,431,344
INFO	2017-12-18 23:41:18	AddOrReplaceReadGroups	Processed     2,000,000 records.  Elapsed time: 00:00:49s.  Time for last 1,000,000:   23s.  Last read position: Supercontig_1.1:1,225,479
INFO	2017-12-18 23:41:44	AddOrReplaceReadGroups	Processed     3,000,000 records.  Elapsed time: 00:01:15s.  Time for last 1,000,000:   26s.  Last read position: Supercontig_1.2:786,676
INFO	2017-12-18 23:42:10	AddOrReplaceReadGroups	Processed     4,000,000 records.  Elapsed time: 00:01:41s.  Time for last 1,000,000:   25s.  Last read position: */*
INFO	2017-12-18 23:42:34	AddOrReplaceReadGroups	Processed     5,000,000 records.  Elapsed time: 00:02:05s.  Time for last 1,000,000:   24s.  Last read position: Supercontig_1.2:1,852,189
INFO	2017-12-18 23:43:02	AddOrReplaceReadGroups	Processed     6,000,000 records.  Elapsed time: 00:02:33s.  Time for last 1,000,000:   28s.  Last read position: Supercontig_1.5:232,256
INFO	2017-12-18 23:43:29	AddOrReplaceReadGroups	Processed     7,000,000 records.  Elapsed time: 00:03:00s.  Time for last 1,000,000:   26s.  Last read position: Supercontig_1.1:1,722,492
INFO	2017-12-18 23:43:53	AddOrReplaceReadGroups	Processed     8,000,000 records.  Elapsed time: 00:03:24s.  Time for last 1,000,000:   24s.  Last read position: Supercontig_1.1:969,892
INFO	2017-12-18 23:44:19	AddOrReplaceReadGroups	Processed     9,000,000 records.  Elapsed time: 00:03:50s.  Time for last 1,000,000:   25s.  Last read position: Supercontig_1.4:566,751
INFO	2017-12-18 23:44:43	AddOrReplaceReadGroups	Processed    10,000,000 records.  Elapsed time: 00:04:13s.  Time for last 1,000,000:   23s.  Last read position: Supercontig_1.2:1,217,835
INFO	2017-12-18 23:45:08	AddOrReplaceReadGroups	Processed    11,000,000 records.  Elapsed time: 00:04:39s.  Time for last 1,000,000:   25s.  Last read position: Supercontig_1.5:634,276
INFO	2017-12-18 23:45:34	AddOrReplaceReadGroups	Processed    12,000,000 records.  Elapsed time: 00:05:05s.  Time for last 1,000,000:   25s.  Last read position: Supercontig_1.1:253,635
INFO	2017-12-18 23:46:01	AddOrReplaceReadGroups	Processed    13,000,000 records.  Elapsed time: 00:05:32s.  Time for last 1,000,000:   27s.  Last read position: Supercontig_1.5:442,475
INFO	2017-12-18 23:46:29	AddOrReplaceReadGroups	Processed    14,000,000 records.  Elapsed time: 00:06:00s.  Time for last 1,000,000:   27s.  Last read position: Supercontig_1.1:1,073,560
INFO	2017-12-18 23:46:55	AddOrReplaceReadGroups	Processed    15,000,000 records.  Elapsed time: 00:06:26s.  Time for last 1,000,000:   25s.  Last read position: Supercontig_1.5:338,509
INFO	2017-12-18 23:47:17	AddOrReplaceReadGroups	Processed    16,000,000 records.  Elapsed time: 00:06:48s.  Time for last 1,000,000:   22s.  Last read position: Supercontig_1.1:828,320
INFO	2017-12-18 23:47:41	AddOrReplaceReadGroups	Processed    17,000,000 records.  Elapsed time: 00:07:12s.  Time for last 1,000,000:   23s.  Last read position: Supercontig_1.4:953,285
INFO	2017-12-18 23:48:07	AddOrReplaceReadGroups	Processed    18,000,000 records.  Elapsed time: 00:07:38s.  Time for last 1,000,000:   26s.  Last read position: Supercontig_1.1:969,402
INFO	2017-12-18 23:48:31	AddOrReplaceReadGroups	Processed    19,000,000 records.  Elapsed time: 00:08:02s.  Time for last 1,000,000:   24s.  Last read position: */*
INFO	2017-12-18 23:48:58	AddOrReplaceReadGroups	Processed    20,000,000 records.  Elapsed time: 00:08:29s.  Time for last 1,000,000:   26s.  Last read position: Supercontig_1.3:1,407,247
INFO	2017-12-18 23:49:24	AddOrReplaceReadGroups	Processed    21,000,000 records.  Elapsed time: 00:08:55s.  Time for last 1,000,000:   26s.  Last read position: Supercontig_1.4:1,201,428
INFO	2017-12-18 23:49:50	AddOrReplaceReadGroups	Processed    22,000,000 records.  Elapsed time: 00:09:21s.  Time for last 1,000,000:   25s.  Last read position: Supercontig_1.1:827,845
INFO	2017-12-18 23:50:13	AddOrReplaceReadGroups	Processed    23,000,000 records.  Elapsed time: 00:09:44s.  Time for last 1,000,000:   23s.  Last read position: Supercontig_1.4:1,771,329
INFO	2017-12-18 23:50:36	AddOrReplaceReadGroups	Processed    24,000,000 records.  Elapsed time: 00:10:07s.  Time for last 1,000,000:   23s.  Last read position: Supercontig_1.4:457,082
INFO	2017-12-18 23:51:02	AddOrReplaceReadGroups	Processed    25,000,000 records.  Elapsed time: 00:10:33s.  Time for last 1,000,000:   25s.  Last read position: Supercontig_1.1:1,672,765
INFO	2017-12-18 23:51:26	AddOrReplaceReadGroups	Processed    26,000,000 records.  Elapsed time: 00:10:57s.  Time for last 1,000,000:   24s.  Last read position: Supercontig_1.6:651,058
INFO	2017-12-18 23:51:51	AddOrReplaceReadGroups	Processed    27,000,000 records.  Elapsed time: 00:11:22s.  Time for last 1,000,000:   24s.  Last read position: Supercontig_1.3:256,097
INFO	2017-12-18 23:52:18	AddOrReplaceReadGroups	Processed    28,000,000 records.  Elapsed time: 00:11:49s.  Time for last 1,000,000:   27s.  Last read position: */*
INFO	2017-12-18 23:52:43	AddOrReplaceReadGroups	Processed    29,000,000 records.  Elapsed time: 00:12:14s.  Time for last 1,000,000:   24s.  Last read position: Supercontig_1.3:1,625,143
INFO	2017-12-18 23:53:09	AddOrReplaceReadGroups	Processed    30,000,000 records.  Elapsed time: 00:12:40s.  Time for last 1,000,000:   26s.  Last read position: Supercontig_1.5:21,283
INFO	2017-12-18 23:53:34	AddOrReplaceReadGroups	Processed    31,000,000 records.  Elapsed time: 00:13:05s.  Time for last 1,000,000:   24s.  Last read position: Supercontig_1.4:976,176
INFO	2017-12-18 23:54:01	AddOrReplaceReadGroups	Processed    32,000,000 records.  Elapsed time: 00:13:32s.  Time for last 1,000,000:   26s.  Last read position: Supercontig_1.2:375,243
INFO	2017-12-18 23:54:22	AddOrReplaceReadGroups	Processed    33,000,000 records.  Elapsed time: 00:13:53s.  Time for last 1,000,000:   21s.  Last read position: Supercontig_1.4:953,231
INFO	2017-12-18 23:54:45	AddOrReplaceReadGroups	Processed    34,000,000 records.  Elapsed time: 00:14:16s.  Time for last 1,000,000:   23s.  Last read position: Supercontig_1.6:271,501
INFO	2017-12-18 23:55:09	AddOrReplaceReadGroups	Processed    35,000,000 records.  Elapsed time: 00:14:40s.  Time for last 1,000,000:   23s.  Last read position: Supercontig_1.3:317,952
INFO	2017-12-18 23:55:36	AddOrReplaceReadGroups	Processed    36,000,000 records.  Elapsed time: 00:15:07s.  Time for last 1,000,000:   27s.  Last read position: Supercontig_1.5:990,981
INFO	2017-12-18 23:56:00	AddOrReplaceReadGroups	Processed    37,000,000 records.  Elapsed time: 00:15:31s.  Time for last 1,000,000:   24s.  Last read position: Supercontig_1.5:836,292
INFO	2017-12-18 23:56:26	AddOrReplaceReadGroups	Processed    38,000,000 records.  Elapsed time: 00:15:57s.  Time for last 1,000,000:   26s.  Last read position: Supercontig_1.1:1,525,162
INFO	2017-12-18 23:56:52	AddOrReplaceReadGroups	Processed    39,000,000 records.  Elapsed time: 00:16:23s.  Time for last 1,000,000:   25s.  Last read position: */*
INFO	2017-12-18 23:57:17	AddOrReplaceReadGroups	Processed    40,000,000 records.  Elapsed time: 00:16:48s.  Time for last 1,000,000:   24s.  Last read position: Supercontig_1.7:209,745
INFO	2017-12-18 23:57:43	AddOrReplaceReadGroups	Processed    41,000,000 records.  Elapsed time: 00:17:14s.  Time for last 1,000,000:   26s.  Last read position: Supercontig_1.2:1,368,543
INFO	2017-12-18 23:58:10	AddOrReplaceReadGroups	Processed    42,000,000 records.  Elapsed time: 00:17:41s.  Time for last 1,000,000:   26s.  Last read position: Supercontig_1.4:1,776,106
INFO	2017-12-18 23:58:35	AddOrReplaceReadGroups	Processed    43,000,000 records.  Elapsed time: 00:18:06s.  Time for last 1,000,000:   25s.  Last read position: Supercontig_1.3:319,674
INFO	2017-12-18 23:58:58	AddOrReplaceReadGroups	Processed    44,000,000 records.  Elapsed time: 00:18:29s.  Time for last 1,000,000:   22s.  Last read position: Supercontig_1.2:1,859,366
INFO	2017-12-18 23:59:19	AddOrReplaceReadGroups	Processed    45,000,000 records.  Elapsed time: 00:18:50s.  Time for last 1,000,000:   21s.  Last read position: Supercontig_1.2:1,756,231
INFO	2017-12-18 23:59:43	AddOrReplaceReadGroups	Processed    46,000,000 records.  Elapsed time: 00:19:14s.  Time for last 1,000,000:   23s.  Last read position: Supercontig_1.5:1,341,975
INFO	2017-12-19 00:00:09	AddOrReplaceReadGroups	Processed    47,000,000 records.  Elapsed time: 00:19:40s.  Time for last 1,000,000:   25s.  Last read position: Supercontig_1.4:77,410
INFO	2017-12-19 00:00:33	AddOrReplaceReadGroups	Processed    48,000,000 records.  Elapsed time: 00:20:04s.  Time for last 1,000,000:   24s.  Last read position: Supercontig_1.1:198,671
INFO	2017-12-19 00:00:57	AddOrReplaceReadGroups	Processed    49,000,000 records.  Elapsed time: 00:20:28s.  Time for last 1,000,000:   24s.  Last read position: Supercontig_1.6:120,804
INFO	2017-12-19 00:01:21	AddOrReplaceReadGroups	Processed    50,000,000 records.  Elapsed time: 00:20:51s.  Time for last 1,000,000:   23s.  Last read position: Supercontig_1.4:1,776,105
INFO	2017-12-19 00:01:44	AddOrReplaceReadGroups	Processed    51,000,000 records.  Elapsed time: 00:21:15s.  Time for last 1,000,000:   23s.  Last read position: Supercontig_1.4:1,201,421
INFO	2017-12-19 00:02:07	AddOrReplaceReadGroups	Processed    52,000,000 records.  Elapsed time: 00:21:37s.  Time for last 1,000,000:   22s.  Last read position: Supercontig_1.2:391,317
INFO	2017-12-19 00:02:31	AddOrReplaceReadGroups	Processed    53,000,000 records.  Elapsed time: 00:22:02s.  Time for last 1,000,000:   24s.  Last read position: Supercontig_1.5:1,262,539
INFO	2017-12-19 00:02:55	AddOrReplaceReadGroups	Processed    54,000,000 records.  Elapsed time: 00:22:26s.  Time for last 1,000,000:   24s.  Last read position: Supercontig_1.1:962,619
INFO	2017-12-19 00:03:19	AddOrReplaceReadGroups	Processed    55,000,000 records.  Elapsed time: 00:22:50s.  Time for last 1,000,000:   23s.  Last read position: Supercontig_1.6:768,536
INFO	2017-12-19 00:03:43	AddOrReplaceReadGroups	Processed    56,000,000 records.  Elapsed time: 00:23:14s.  Time for last 1,000,000:   23s.  Last read position: Supercontig_1.1:970,045
INFO	2017-12-19 00:04:08	AddOrReplaceReadGroups	Processed    57,000,000 records.  Elapsed time: 00:23:38s.  Time for last 1,000,000:   24s.  Last read position: Supercontig_1.1:979,439
INFO	2017-12-19 00:04:34	AddOrReplaceReadGroups	Processed    58,000,000 records.  Elapsed time: 00:24:05s.  Time for last 1,000,000:   26s.  Last read position: Supercontig_1.5:318,022
INFO	2017-12-19 00:04:57	AddOrReplaceReadGroups	Processed    59,000,000 records.  Elapsed time: 00:24:28s.  Time for last 1,000,000:   23s.  Last read position: Supercontig_1.5:634,725
INFO	2017-12-19 00:05:21	AddOrReplaceReadGroups	Processed    60,000,000 records.  Elapsed time: 00:24:51s.  Time for last 1,000,000:   23s.  Last read position: Supercontig_1.4:622,450
INFO	2017-12-19 00:05:45	AddOrReplaceReadGroups	Processed    61,000,000 records.  Elapsed time: 00:25:16s.  Time for last 1,000,000:   24s.  Last read position: Supercontig_1.1:684,473
INFO	2017-12-19 00:06:07	AddOrReplaceReadGroups	Processed    62,000,000 records.  Elapsed time: 00:25:38s.  Time for last 1,000,000:   22s.  Last read position: Supercontig_1.1:1,566,906
[Tue Dec 19 00:16:40 PST 2017] picard.sam.AddOrReplaceReadGroups done. Elapsed time: 36.20 minutes.
Runtime.totalMemory()=4949278720
