DHED1-38374440 U10D 1
aln/U10D.r1.sam aln/U10D.r1.bam
CREATE_INDEX=true VALIDATION_STRINGENCY=LENIENT TMP_DIR=/scratch/jstajich RGID=DHED1-38374440 RGSM=U10D.r1 RGPL=NextSeq RGPU=Dartmouth RGLB=DHED1-38374440
23:45:32.179 INFO  NativeLibraryLoader - Loading libgkl_compression.so from jar:file:/bigdata/bioinfo/pkgadmin/opt/linux/centos/7.x/x86_64/pkgs/picard/2.14.1/lib/picard.jar!/com/intel/gkl/native/libgkl_compression.so
[Mon Dec 18 23:45:32 PST 2017] AddOrReplaceReadGroups INPUT=aln/U10D.r1.sam OUTPUT=aln/U10D.r1.bam SORT_ORDER=coordinate RGID=DHED1-38374440 RGLB=DHED1-38374440 RGPL=NextSeq RGPU=Dartmouth RGSM=U10D.r1 TMP_DIR=[/scratch/jstajich] VALIDATION_STRINGENCY=LENIENT CREATE_INDEX=true    VERBOSITY=INFO QUIET=false COMPRESSION_LEVEL=5 MAX_RECORDS_IN_RAM=500000 CREATE_MD5_FILE=false GA4GH_CLIENT_SECRETS=client_secrets.json USE_JDK_DEFLATER=false USE_JDK_INFLATER=false
[Mon Dec 18 23:45:32 PST 2017] Executing as jstajich@i20 on Linux 3.10.0-229.1.2.el7.x86_64 amd64; Java HotSpot(TM) 64-Bit Server VM 1.8.0_45-b14; Deflater: Intel; Inflater: Intel; Picard version: 2.14.1-SNAPSHOT
Ignoring SAM validation error: ERROR: Error parsing SAM header. @RG line missing SM tag. Line:
@RG	ID:DHED1-38374440
INFO	2017-12-18 23:45:32	AddOrReplaceReadGroups	Created read group ID=DHED1-38374440 PL=NextSeq LB=DHED1-38374440 SM=U10D.r1

INFO	2017-12-18 23:45:56	AddOrReplaceReadGroups	Processed     1,000,000 records.  Elapsed time: 00:00:24s.  Time for last 1,000,000:   24s.  Last read position: Supercontig_1.1:828,093
INFO	2017-12-18 23:46:17	AddOrReplaceReadGroups	Processed     2,000,000 records.  Elapsed time: 00:00:44s.  Time for last 1,000,000:   20s.  Last read position: Supercontig_1.4:1,176,472
INFO	2017-12-18 23:46:38	AddOrReplaceReadGroups	Processed     3,000,000 records.  Elapsed time: 00:01:05s.  Time for last 1,000,000:   21s.  Last read position: Supercontig_1.6:764,506
INFO	2017-12-18 23:46:58	AddOrReplaceReadGroups	Processed     4,000,000 records.  Elapsed time: 00:01:25s.  Time for last 1,000,000:   19s.  Last read position: Supercontig_1.1:2,191,801
INFO	2017-12-18 23:47:16	AddOrReplaceReadGroups	Processed     5,000,000 records.  Elapsed time: 00:01:44s.  Time for last 1,000,000:   18s.  Last read position: Supercontig_1.4:1,760,448
INFO	2017-12-18 23:47:37	AddOrReplaceReadGroups	Processed     6,000,000 records.  Elapsed time: 00:02:04s.  Time for last 1,000,000:   20s.  Last read position: Supercontig_1.3:20,333
INFO	2017-12-18 23:47:56	AddOrReplaceReadGroups	Processed     7,000,000 records.  Elapsed time: 00:02:24s.  Time for last 1,000,000:   19s.  Last read position: Supercontig_1.3:350,845
INFO	2017-12-18 23:48:17	AddOrReplaceReadGroups	Processed     8,000,000 records.  Elapsed time: 00:02:45s.  Time for last 1,000,000:   20s.  Last read position: Supercontig_1.6:608,281
INFO	2017-12-18 23:48:36	AddOrReplaceReadGroups	Processed     9,000,000 records.  Elapsed time: 00:03:03s.  Time for last 1,000,000:   18s.  Last read position: Supercontig_1.3:984,930
INFO	2017-12-18 23:48:52	AddOrReplaceReadGroups	Processed    10,000,000 records.  Elapsed time: 00:03:19s.  Time for last 1,000,000:   15s.  Last read position: Supercontig_1.4:1,624,774
INFO	2017-12-18 23:49:13	AddOrReplaceReadGroups	Processed    11,000,000 records.  Elapsed time: 00:03:40s.  Time for last 1,000,000:   21s.  Last read position: Supercontig_1.4:1,200,427
INFO	2017-12-18 23:49:28	AddOrReplaceReadGroups	Processed    12,000,000 records.  Elapsed time: 00:03:56s.  Time for last 1,000,000:   15s.  Last read position: Supercontig_1.4:484,414
INFO	2017-12-18 23:49:49	AddOrReplaceReadGroups	Processed    13,000,000 records.  Elapsed time: 00:04:16s.  Time for last 1,000,000:   20s.  Last read position: Supercontig_1.2:1,870,235
INFO	2017-12-18 23:50:09	AddOrReplaceReadGroups	Processed    14,000,000 records.  Elapsed time: 00:04:37s.  Time for last 1,000,000:   20s.  Last read position: Supercontig_1.5:1,073,855
INFO	2017-12-18 23:50:25	AddOrReplaceReadGroups	Processed    15,000,000 records.  Elapsed time: 00:04:52s.  Time for last 1,000,000:   15s.  Last read position: Supercontig_1.2:1,016,109
INFO	2017-12-18 23:50:41	AddOrReplaceReadGroups	Processed    16,000,000 records.  Elapsed time: 00:05:08s.  Time for last 1,000,000:   15s.  Last read position: Supercontig_1.4:1,076,873
INFO	2017-12-18 23:51:03	AddOrReplaceReadGroups	Processed    17,000,000 records.  Elapsed time: 00:05:30s.  Time for last 1,000,000:   22s.  Last read position: Supercontig_1.7:711,291
INFO	2017-12-18 23:51:20	AddOrReplaceReadGroups	Processed    18,000,000 records.  Elapsed time: 00:05:48s.  Time for last 1,000,000:   17s.  Last read position: Supercontig_1.1:622,730
INFO	2017-12-18 23:51:41	AddOrReplaceReadGroups	Processed    19,000,000 records.  Elapsed time: 00:06:09s.  Time for last 1,000,000:   21s.  Last read position: Supercontig_1.1:437,097
INFO	2017-12-18 23:51:54	AddOrReplaceReadGroups	Processed    20,000,000 records.  Elapsed time: 00:06:21s.  Time for last 1,000,000:   12s.  Last read position: Supercontig_1.3:372,164
INFO	2017-12-18 23:52:10	AddOrReplaceReadGroups	Processed    21,000,000 records.  Elapsed time: 00:06:37s.  Time for last 1,000,000:   15s.  Last read position: Supercontig_1.6:658,029
INFO	2017-12-18 23:52:31	AddOrReplaceReadGroups	Processed    22,000,000 records.  Elapsed time: 00:06:58s.  Time for last 1,000,000:   21s.  Last read position: Supercontig_1.1:828,512
INFO	2017-12-18 23:52:49	AddOrReplaceReadGroups	Processed    23,000,000 records.  Elapsed time: 00:07:16s.  Time for last 1,000,000:   18s.  Last read position: Supercontig_1.5:685,556
INFO	2017-12-18 23:53:04	AddOrReplaceReadGroups	Processed    24,000,000 records.  Elapsed time: 00:07:32s.  Time for last 1,000,000:   15s.  Last read position: Supercontig_1.2:637,935
INFO	2017-12-18 23:53:23	AddOrReplaceReadGroups	Processed    25,000,000 records.  Elapsed time: 00:07:50s.  Time for last 1,000,000:   18s.  Last read position: Supercontig_1.1:477,591
INFO	2017-12-18 23:53:43	AddOrReplaceReadGroups	Processed    26,000,000 records.  Elapsed time: 00:08:11s.  Time for last 1,000,000:   20s.  Last read position: Supercontig_1.2:1,113,617
INFO	2017-12-18 23:54:05	AddOrReplaceReadGroups	Processed    27,000,000 records.  Elapsed time: 00:08:32s.  Time for last 1,000,000:   21s.  Last read position: Supercontig_1.5:634,631
INFO	2017-12-18 23:54:25	AddOrReplaceReadGroups	Processed    28,000,000 records.  Elapsed time: 00:08:53s.  Time for last 1,000,000:   20s.  Last read position: Supercontig_1.3:653,663
INFO	2017-12-18 23:54:45	AddOrReplaceReadGroups	Processed    29,000,000 records.  Elapsed time: 00:09:13s.  Time for last 1,000,000:   19s.  Last read position: Supercontig_1.1:828,525
INFO	2017-12-18 23:55:04	AddOrReplaceReadGroups	Processed    30,000,000 records.  Elapsed time: 00:09:32s.  Time for last 1,000,000:   19s.  Last read position: */*
INFO	2017-12-18 23:55:21	AddOrReplaceReadGroups	Processed    31,000,000 records.  Elapsed time: 00:09:49s.  Time for last 1,000,000:   16s.  Last read position: Supercontig_1.3:727,753
INFO	2017-12-18 23:55:35	AddOrReplaceReadGroups	Processed    32,000,000 records.  Elapsed time: 00:10:02s.  Time for last 1,000,000:   13s.  Last read position: Supercontig_1.1:781,420
INFO	2017-12-18 23:55:50	AddOrReplaceReadGroups	Processed    33,000,000 records.  Elapsed time: 00:10:18s.  Time for last 1,000,000:   15s.  Last read position: Supercontig_1.2:1,218,044
INFO	2017-12-18 23:56:10	AddOrReplaceReadGroups	Processed    34,000,000 records.  Elapsed time: 00:10:37s.  Time for last 1,000,000:   19s.  Last read position: */*
INFO	2017-12-18 23:56:31	AddOrReplaceReadGroups	Processed    35,000,000 records.  Elapsed time: 00:10:59s.  Time for last 1,000,000:   21s.  Last read position: Supercontig_1.6:652,105
INFO	2017-12-18 23:56:51	AddOrReplaceReadGroups	Processed    36,000,000 records.  Elapsed time: 00:11:19s.  Time for last 1,000,000:   19s.  Last read position: Supercontig_1.2:1,462,224
INFO	2017-12-18 23:57:04	AddOrReplaceReadGroups	Processed    37,000,000 records.  Elapsed time: 00:11:31s.  Time for last 1,000,000:   12s.  Last read position: Supercontig_1.5:1,427,270
INFO	2017-12-18 23:57:19	AddOrReplaceReadGroups	Processed    38,000,000 records.  Elapsed time: 00:11:47s.  Time for last 1,000,000:   15s.  Last read position: Supercontig_1.2:1,359,992
INFO	2017-12-18 23:57:39	AddOrReplaceReadGroups	Processed    39,000,000 records.  Elapsed time: 00:12:07s.  Time for last 1,000,000:   19s.  Last read position: Supercontig_1.5:1,234,475
INFO	2017-12-18 23:57:56	AddOrReplaceReadGroups	Processed    40,000,000 records.  Elapsed time: 00:12:23s.  Time for last 1,000,000:   16s.  Last read position: Supercontig_1.4:976,272
INFO	2017-12-18 23:58:16	AddOrReplaceReadGroups	Processed    41,000,000 records.  Elapsed time: 00:12:43s.  Time for last 1,000,000:   19s.  Last read position: Supercontig_1.3:1,837,403
INFO	2017-12-18 23:58:38	AddOrReplaceReadGroups	Processed    42,000,000 records.  Elapsed time: 00:13:06s.  Time for last 1,000,000:   22s.  Last read position: Supercontig_1.2:175,679
INFO	2017-12-18 23:58:58	AddOrReplaceReadGroups	Processed    43,000,000 records.  Elapsed time: 00:13:26s.  Time for last 1,000,000:   19s.  Last read position: Supercontig_1.6:767,985
INFO	2017-12-18 23:59:15	AddOrReplaceReadGroups	Processed    44,000,000 records.  Elapsed time: 00:13:43s.  Time for last 1,000,000:   16s.  Last read position: Supercontig_1.2:966,566
INFO	2017-12-18 23:59:35	AddOrReplaceReadGroups	Processed    45,000,000 records.  Elapsed time: 00:14:02s.  Time for last 1,000,000:   19s.  Last read position: Supercontig_1.4:313,218
INFO	2017-12-18 23:59:48	AddOrReplaceReadGroups	Processed    46,000,000 records.  Elapsed time: 00:14:16s.  Time for last 1,000,000:   13s.  Last read position: Supercontig_1.4:1,110,044
INFO	2017-12-19 00:00:10	AddOrReplaceReadGroups	Processed    47,000,000 records.  Elapsed time: 00:14:38s.  Time for last 1,000,000:   21s.  Last read position: Supercontig_1.1:1,296,137
INFO	2017-12-19 00:00:31	AddOrReplaceReadGroups	Processed    48,000,000 records.  Elapsed time: 00:14:58s.  Time for last 1,000,000:   20s.  Last read position: Supercontig_1.4:1,361,012
[Tue Dec 19 00:07:06 PST 2017] picard.sam.AddOrReplaceReadGroups done. Elapsed time: 21.57 minutes.
Runtime.totalMemory()=5439488000
