DHED4-38374452 U10D_benomyl 2
aln/U10D_benomyl.r2.sam aln/U10D_benomyl.r2.bam
CREATE_INDEX=true VALIDATION_STRINGENCY=LENIENT TMP_DIR=/scratch/jstajich RGID=DHED4-38374452 RGSM=U10D_benomyl.r2 RGPL=NextSeq RGPU=Dartmouth RGLB=DHED4-38374452
23:40:29.149 INFO  NativeLibraryLoader - Loading libgkl_compression.so from jar:file:/bigdata/bioinfo/pkgadmin/opt/linux/centos/7.x/x86_64/pkgs/picard/2.14.1/lib/picard.jar!/com/intel/gkl/native/libgkl_compression.so
[Mon Dec 18 23:40:29 PST 2017] AddOrReplaceReadGroups INPUT=aln/U10D_benomyl.r2.sam OUTPUT=aln/U10D_benomyl.r2.bam SORT_ORDER=coordinate RGID=DHED4-38374452 RGLB=DHED4-38374452 RGPL=NextSeq RGPU=Dartmouth RGSM=U10D_benomyl.r2 TMP_DIR=[/scratch/jstajich] VALIDATION_STRINGENCY=LENIENT CREATE_INDEX=true    VERBOSITY=INFO QUIET=false COMPRESSION_LEVEL=5 MAX_RECORDS_IN_RAM=500000 CREATE_MD5_FILE=false GA4GH_CLIENT_SECRETS=client_secrets.json USE_JDK_DEFLATER=false USE_JDK_INFLATER=false
[Mon Dec 18 23:40:29 PST 2017] Executing as jstajich@i39 on Linux 3.10.0-229.1.2.el7.x86_64 amd64; Java HotSpot(TM) 64-Bit Server VM 1.8.0_45-b14; Deflater: Intel; Inflater: Intel; Picard version: 2.14.1-SNAPSHOT
Ignoring SAM validation error: ERROR: Error parsing SAM header. @RG line missing SM tag. Line:
@RG	ID:DHED4-38374452
INFO	2017-12-18 23:40:30	AddOrReplaceReadGroups	Created read group ID=DHED4-38374452 PL=NextSeq LB=DHED4-38374452 SM=U10D_benomyl.r2

INFO	2017-12-18 23:41:29	AddOrReplaceReadGroups	Processed     1,000,000 records.  Elapsed time: 00:00:58s.  Time for last 1,000,000:   58s.  Last read position: Supercontig_1.4:566,225
INFO	2017-12-18 23:42:28	AddOrReplaceReadGroups	Processed     2,000,000 records.  Elapsed time: 00:01:57s.  Time for last 1,000,000:   59s.  Last read position: Supercontig_1.6:566,039
INFO	2017-12-18 23:43:40	AddOrReplaceReadGroups	Processed     3,000,000 records.  Elapsed time: 00:03:10s.  Time for last 1,000,000:   72s.  Last read position: Supercontig_1.3:1,714,099
INFO	2017-12-18 23:44:44	AddOrReplaceReadGroups	Processed     4,000,000 records.  Elapsed time: 00:04:14s.  Time for last 1,000,000:   63s.  Last read position: Supercontig_1.1:2,187,111
INFO	2017-12-18 23:45:46	AddOrReplaceReadGroups	Processed     5,000,000 records.  Elapsed time: 00:05:16s.  Time for last 1,000,000:   61s.  Last read position: Supercontig_1.1:351,328
INFO	2017-12-18 23:46:47	AddOrReplaceReadGroups	Processed     6,000,000 records.  Elapsed time: 00:06:17s.  Time for last 1,000,000:   61s.  Last read position: Supercontig_1.3:121,990
INFO	2017-12-18 23:47:58	AddOrReplaceReadGroups	Processed     7,000,000 records.  Elapsed time: 00:07:28s.  Time for last 1,000,000:   70s.  Last read position: Supercontig_1.2:1,878,799
INFO	2017-12-18 23:48:58	AddOrReplaceReadGroups	Processed     8,000,000 records.  Elapsed time: 00:08:27s.  Time for last 1,000,000:   59s.  Last read position: Supercontig_1.2:597,432
INFO	2017-12-18 23:50:00	AddOrReplaceReadGroups	Processed     9,000,000 records.  Elapsed time: 00:09:29s.  Time for last 1,000,000:   62s.  Last read position: Supercontig_1.3:20,319
INFO	2017-12-18 23:51:06	AddOrReplaceReadGroups	Processed    10,000,000 records.  Elapsed time: 00:10:36s.  Time for last 1,000,000:   66s.  Last read position: Supercontig_1.5:1,256,453
INFO	2017-12-18 23:52:14	AddOrReplaceReadGroups	Processed    11,000,000 records.  Elapsed time: 00:11:43s.  Time for last 1,000,000:   67s.  Last read position: Supercontig_1.2:501,853
INFO	2017-12-18 23:53:16	AddOrReplaceReadGroups	Processed    12,000,000 records.  Elapsed time: 00:12:46s.  Time for last 1,000,000:   62s.  Last read position: Supercontig_1.1:351,094
INFO	2017-12-18 23:54:23	AddOrReplaceReadGroups	Processed    13,000,000 records.  Elapsed time: 00:13:52s.  Time for last 1,000,000:   66s.  Last read position: Supercontig_1.2:1,421,431
INFO	2017-12-18 23:55:36	AddOrReplaceReadGroups	Processed    14,000,000 records.  Elapsed time: 00:15:06s.  Time for last 1,000,000:   73s.  Last read position: Supercontig_1.1:1,044,339
INFO	2017-12-18 23:56:36	AddOrReplaceReadGroups	Processed    15,000,000 records.  Elapsed time: 00:16:05s.  Time for last 1,000,000:   59s.  Last read position: Supercontig_1.5:577,804
INFO	2017-12-18 23:57:33	AddOrReplaceReadGroups	Processed    16,000,000 records.  Elapsed time: 00:17:02s.  Time for last 1,000,000:   57s.  Last read position: Supercontig_1.5:549,287
INFO	2017-12-18 23:58:33	AddOrReplaceReadGroups	Processed    17,000,000 records.  Elapsed time: 00:18:03s.  Time for last 1,000,000:   60s.  Last read position: Supercontig_1.1:639,686
INFO	2017-12-18 23:59:38	AddOrReplaceReadGroups	Processed    18,000,000 records.  Elapsed time: 00:19:07s.  Time for last 1,000,000:   64s.  Last read position: Supercontig_1.4:77,757
INFO	2017-12-19 00:00:43	AddOrReplaceReadGroups	Processed    19,000,000 records.  Elapsed time: 00:20:13s.  Time for last 1,000,000:   65s.  Last read position: Supercontig_1.2:597,531
INFO	2017-12-19 00:01:55	AddOrReplaceReadGroups	Processed    20,000,000 records.  Elapsed time: 00:21:24s.  Time for last 1,000,000:   71s.  Last read position: */*
INFO	2017-12-19 00:02:56	AddOrReplaceReadGroups	Processed    21,000,000 records.  Elapsed time: 00:22:25s.  Time for last 1,000,000:   61s.  Last read position: Supercontig_1.8:742,041
INFO	2017-12-19 00:04:03	AddOrReplaceReadGroups	Processed    22,000,000 records.  Elapsed time: 00:23:32s.  Time for last 1,000,000:   66s.  Last read position: Supercontig_1.4:858,350
INFO	2017-12-19 00:05:07	AddOrReplaceReadGroups	Processed    23,000,000 records.  Elapsed time: 00:24:36s.  Time for last 1,000,000:   64s.  Last read position: Supercontig_1.6:389,554
INFO	2017-12-19 00:06:12	AddOrReplaceReadGroups	Processed    24,000,000 records.  Elapsed time: 00:25:41s.  Time for last 1,000,000:   64s.  Last read position: Supercontig_1.1:350,732
INFO	2017-12-19 00:07:15	AddOrReplaceReadGroups	Processed    25,000,000 records.  Elapsed time: 00:26:44s.  Time for last 1,000,000:   63s.  Last read position: Supercontig_1.4:76,999
INFO	2017-12-19 00:08:18	AddOrReplaceReadGroups	Processed    26,000,000 records.  Elapsed time: 00:27:48s.  Time for last 1,000,000:   63s.  Last read position: Supercontig_1.3:1,544,421
INFO	2017-12-19 00:09:21	AddOrReplaceReadGroups	Processed    27,000,000 records.  Elapsed time: 00:28:50s.  Time for last 1,000,000:   62s.  Last read position: Supercontig_1.5:551,389
INFO	2017-12-19 00:10:19	AddOrReplaceReadGroups	Processed    28,000,000 records.  Elapsed time: 00:29:48s.  Time for last 1,000,000:   57s.  Last read position: Supercontig_1.6:601,950
INFO	2017-12-19 00:11:10	AddOrReplaceReadGroups	Processed    29,000,000 records.  Elapsed time: 00:30:40s.  Time for last 1,000,000:   51s.  Last read position: Supercontig_1.1:1,039,345
INFO	2017-12-19 00:12:09	AddOrReplaceReadGroups	Processed    30,000,000 records.  Elapsed time: 00:31:38s.  Time for last 1,000,000:   58s.  Last read position: Supercontig_1.1:351,010
INFO	2017-12-19 00:13:13	AddOrReplaceReadGroups	Processed    31,000,000 records.  Elapsed time: 00:32:43s.  Time for last 1,000,000:   64s.  Last read position: Supercontig_1.1:332,351
INFO	2017-12-19 00:14:18	AddOrReplaceReadGroups	Processed    32,000,000 records.  Elapsed time: 00:33:48s.  Time for last 1,000,000:   64s.  Last read position: Supercontig_1.2:598,220
INFO	2017-12-19 00:15:21	AddOrReplaceReadGroups	Processed    33,000,000 records.  Elapsed time: 00:34:50s.  Time for last 1,000,000:   62s.  Last read position: Supercontig_1.8:537,656
INFO	2017-12-19 00:16:21	AddOrReplaceReadGroups	Processed    34,000,000 records.  Elapsed time: 00:35:51s.  Time for last 1,000,000:   60s.  Last read position: Supercontig_1.1:962,573
INFO	2017-12-19 00:17:25	AddOrReplaceReadGroups	Processed    35,000,000 records.  Elapsed time: 00:36:55s.  Time for last 1,000,000:   63s.  Last read position: */*
INFO	2017-12-19 00:18:30	AddOrReplaceReadGroups	Processed    36,000,000 records.  Elapsed time: 00:37:59s.  Time for last 1,000,000:   64s.  Last read position: Supercontig_1.1:575,130
INFO	2017-12-19 00:19:35	AddOrReplaceReadGroups	Processed    37,000,000 records.  Elapsed time: 00:39:04s.  Time for last 1,000,000:   64s.  Last read position: Supercontig_1.3:12,133
INFO	2017-12-19 00:20:40	AddOrReplaceReadGroups	Processed    38,000,000 records.  Elapsed time: 00:40:10s.  Time for last 1,000,000:   65s.  Last read position: Supercontig_1.5:129,885
INFO	2017-12-19 00:21:41	AddOrReplaceReadGroups	Processed    39,000,000 records.  Elapsed time: 00:41:10s.  Time for last 1,000,000:   60s.  Last read position: Supercontig_1.2:599,008
INFO	2017-12-19 00:22:43	AddOrReplaceReadGroups	Processed    40,000,000 records.  Elapsed time: 00:42:12s.  Time for last 1,000,000:   62s.  Last read position: Supercontig_1.3:9,606
INFO	2017-12-19 00:23:46	AddOrReplaceReadGroups	Processed    41,000,000 records.  Elapsed time: 00:43:16s.  Time for last 1,000,000:   63s.  Last read position: Supercontig_1.1:208,638
INFO	2017-12-19 00:24:49	AddOrReplaceReadGroups	Processed    42,000,000 records.  Elapsed time: 00:44:19s.  Time for last 1,000,000:   62s.  Last read position: Supercontig_1.1:720,802
INFO	2017-12-19 00:25:56	AddOrReplaceReadGroups	Processed    43,000,000 records.  Elapsed time: 00:45:26s.  Time for last 1,000,000:   66s.  Last read position: Supercontig_1.2:1,625,185
INFO	2017-12-19 00:27:04	AddOrReplaceReadGroups	Processed    44,000,000 records.  Elapsed time: 00:46:34s.  Time for last 1,000,000:   68s.  Last read position: Supercontig_1.5:296,314
INFO	2017-12-19 00:28:14	AddOrReplaceReadGroups	Processed    45,000,000 records.  Elapsed time: 00:47:43s.  Time for last 1,000,000:   69s.  Last read position: Supercontig_1.1:2,339,053
INFO	2017-12-19 00:29:15	AddOrReplaceReadGroups	Processed    46,000,000 records.  Elapsed time: 00:48:45s.  Time for last 1,000,000:   61s.  Last read position: Supercontig_1.1:879,921
INFO	2017-12-19 00:30:15	AddOrReplaceReadGroups	Processed    47,000,000 records.  Elapsed time: 00:49:44s.  Time for last 1,000,000:   59s.  Last read position: Supercontig_1.3:2,398
INFO	2017-12-19 00:31:16	AddOrReplaceReadGroups	Processed    48,000,000 records.  Elapsed time: 00:50:46s.  Time for last 1,000,000:   61s.  Last read position: Supercontig_1.8:600,527
INFO	2017-12-19 00:32:26	AddOrReplaceReadGroups	Processed    49,000,000 records.  Elapsed time: 00:51:55s.  Time for last 1,000,000:   69s.  Last read position: Supercontig_1.2:1,731,090
INFO	2017-12-19 00:33:23	AddOrReplaceReadGroups	Processed    50,000,000 records.  Elapsed time: 00:52:53s.  Time for last 1,000,000:   57s.  Last read position: Supercontig_1.5:806,461
INFO	2017-12-19 00:34:25	AddOrReplaceReadGroups	Processed    51,000,000 records.  Elapsed time: 00:53:54s.  Time for last 1,000,000:   61s.  Last read position: Supercontig_1.8:742,373
INFO	2017-12-19 00:35:29	AddOrReplaceReadGroups	Processed    52,000,000 records.  Elapsed time: 00:54:58s.  Time for last 1,000,000:   64s.  Last read position: Supercontig_1.1:351,426
INFO	2017-12-19 00:36:35	AddOrReplaceReadGroups	Processed    53,000,000 records.  Elapsed time: 00:56:04s.  Time for last 1,000,000:   66s.  Last read position: */*
[Tue Dec 19 01:01:50 PST 2017] picard.sam.AddOrReplaceReadGroups done. Elapsed time: 81.37 minutes.
Runtime.totalMemory()=4715970560
