DHED16-38379400 L1B_benomyl 2
aln/L1B_benomyl.r2.sam aln/L1B_benomyl.r2.bam
CREATE_INDEX=true VALIDATION_STRINGENCY=LENIENT TMP_DIR=/scratch/jstajich RGID=DHED16-38379400 RGSM=L1B_benomyl.r2 RGPL=NextSeq RGPU=Dartmouth RGLB=DHED16-38379400
23:40:28.333 INFO  NativeLibraryLoader - Loading libgkl_compression.so from jar:file:/bigdata/bioinfo/pkgadmin/opt/linux/centos/7.x/x86_64/pkgs/picard/2.14.1/lib/picard.jar!/com/intel/gkl/native/libgkl_compression.so
[Mon Dec 18 23:40:28 PST 2017] AddOrReplaceReadGroups INPUT=aln/L1B_benomyl.r2.sam OUTPUT=aln/L1B_benomyl.r2.bam SORT_ORDER=coordinate RGID=DHED16-38379400 RGLB=DHED16-38379400 RGPL=NextSeq RGPU=Dartmouth RGSM=L1B_benomyl.r2 TMP_DIR=[/scratch/jstajich] VALIDATION_STRINGENCY=LENIENT CREATE_INDEX=true    VERBOSITY=INFO QUIET=false COMPRESSION_LEVEL=5 MAX_RECORDS_IN_RAM=500000 CREATE_MD5_FILE=false GA4GH_CLIENT_SECRETS=client_secrets.json USE_JDK_DEFLATER=false USE_JDK_INFLATER=false
[Mon Dec 18 23:40:28 PST 2017] Executing as jstajich@i33 on Linux 3.10.0-229.1.2.el7.x86_64 amd64; Java HotSpot(TM) 64-Bit Server VM 1.8.0_45-b14; Deflater: Intel; Inflater: Intel; Picard version: 2.14.1-SNAPSHOT
Ignoring SAM validation error: ERROR: Error parsing SAM header. @RG line missing SM tag. Line:
@RG	ID:DHED16-38379400
INFO	2017-12-18 23:40:28	AddOrReplaceReadGroups	Created read group ID=DHED16-38379400 PL=NextSeq LB=DHED16-38379400 SM=L1B_benomyl.r2

INFO	2017-12-18 23:40:55	AddOrReplaceReadGroups	Processed     1,000,000 records.  Elapsed time: 00:00:26s.  Time for last 1,000,000:   26s.  Last read position: Supercontig_1.3:1,864,599
INFO	2017-12-18 23:41:19	AddOrReplaceReadGroups	Processed     2,000,000 records.  Elapsed time: 00:00:50s.  Time for last 1,000,000:   24s.  Last read position: Supercontig_1.3:349,958
INFO	2017-12-18 23:41:47	AddOrReplaceReadGroups	Processed     3,000,000 records.  Elapsed time: 00:01:18s.  Time for last 1,000,000:   27s.  Last read position: Supercontig_1.4:78,871
INFO	2017-12-18 23:42:10	AddOrReplaceReadGroups	Processed     4,000,000 records.  Elapsed time: 00:01:42s.  Time for last 1,000,000:   23s.  Last read position: Supercontig_1.2:2,156,248
INFO	2017-12-18 23:42:35	AddOrReplaceReadGroups	Processed     5,000,000 records.  Elapsed time: 00:02:06s.  Time for last 1,000,000:   24s.  Last read position: */*
INFO	2017-12-18 23:42:59	AddOrReplaceReadGroups	Processed     6,000,000 records.  Elapsed time: 00:02:30s.  Time for last 1,000,000:   24s.  Last read position: Supercontig_1.4:484,807
INFO	2017-12-18 23:43:22	AddOrReplaceReadGroups	Processed     7,000,000 records.  Elapsed time: 00:02:53s.  Time for last 1,000,000:   22s.  Last read position: Supercontig_1.8:741,833
INFO	2017-12-18 23:43:47	AddOrReplaceReadGroups	Processed     8,000,000 records.  Elapsed time: 00:03:19s.  Time for last 1,000,000:   25s.  Last read position: Supercontig_1.3:1,031,302
INFO	2017-12-18 23:44:14	AddOrReplaceReadGroups	Processed     9,000,000 records.  Elapsed time: 00:03:46s.  Time for last 1,000,000:   26s.  Last read position: Supercontig_1.2:1,317,638
INFO	2017-12-18 23:44:39	AddOrReplaceReadGroups	Processed    10,000,000 records.  Elapsed time: 00:04:11s.  Time for last 1,000,000:   24s.  Last read position: Supercontig_1.4:77,819
INFO	2017-12-18 23:45:03	AddOrReplaceReadGroups	Processed    11,000,000 records.  Elapsed time: 00:04:34s.  Time for last 1,000,000:   23s.  Last read position: Supercontig_1.4:1,133,887
INFO	2017-12-18 23:45:25	AddOrReplaceReadGroups	Processed    12,000,000 records.  Elapsed time: 00:04:56s.  Time for last 1,000,000:   22s.  Last read position: Supercontig_1.4:85,806
INFO	2017-12-18 23:45:50	AddOrReplaceReadGroups	Processed    13,000,000 records.  Elapsed time: 00:05:21s.  Time for last 1,000,000:   24s.  Last read position: Supercontig_1.2:1,830,806
INFO	2017-12-18 23:46:16	AddOrReplaceReadGroups	Processed    14,000,000 records.  Elapsed time: 00:05:47s.  Time for last 1,000,000:   25s.  Last read position: Supercontig_1.1:351,754
INFO	2017-12-18 23:46:43	AddOrReplaceReadGroups	Processed    15,000,000 records.  Elapsed time: 00:06:14s.  Time for last 1,000,000:   26s.  Last read position: Supercontig_1.1:969,499
INFO	2017-12-18 23:47:08	AddOrReplaceReadGroups	Processed    16,000,000 records.  Elapsed time: 00:06:39s.  Time for last 1,000,000:   25s.  Last read position: Supercontig_1.2:1,815,996
INFO	2017-12-18 23:47:30	AddOrReplaceReadGroups	Processed    17,000,000 records.  Elapsed time: 00:07:01s.  Time for last 1,000,000:   22s.  Last read position: Supercontig_1.7:202,882
INFO	2017-12-18 23:47:52	AddOrReplaceReadGroups	Processed    18,000,000 records.  Elapsed time: 00:07:23s.  Time for last 1,000,000:   22s.  Last read position: Supercontig_1.5:1,051,066
INFO	2017-12-18 23:48:15	AddOrReplaceReadGroups	Processed    19,000,000 records.  Elapsed time: 00:07:47s.  Time for last 1,000,000:   23s.  Last read position: Supercontig_1.4:78,576
INFO	2017-12-18 23:48:40	AddOrReplaceReadGroups	Processed    20,000,000 records.  Elapsed time: 00:08:11s.  Time for last 1,000,000:   24s.  Last read position: Supercontig_1.2:597,409
INFO	2017-12-18 23:49:03	AddOrReplaceReadGroups	Processed    21,000,000 records.  Elapsed time: 00:08:35s.  Time for last 1,000,000:   23s.  Last read position: Supercontig_1.2:935,147
INFO	2017-12-18 23:49:26	AddOrReplaceReadGroups	Processed    22,000,000 records.  Elapsed time: 00:08:57s.  Time for last 1,000,000:   22s.  Last read position: Supercontig_1.4:790,999
INFO	2017-12-18 23:49:51	AddOrReplaceReadGroups	Processed    23,000,000 records.  Elapsed time: 00:09:23s.  Time for last 1,000,000:   25s.  Last read position: Supercontig_1.2:789,725
INFO	2017-12-18 23:50:17	AddOrReplaceReadGroups	Processed    24,000,000 records.  Elapsed time: 00:09:48s.  Time for last 1,000,000:   25s.  Last read position: Supercontig_1.4:1,630,492
INFO	2017-12-18 23:50:41	AddOrReplaceReadGroups	Processed    25,000,000 records.  Elapsed time: 00:10:13s.  Time for last 1,000,000:   24s.  Last read position: Supercontig_1.4:1,200,641
INFO	2017-12-18 23:51:06	AddOrReplaceReadGroups	Processed    26,000,000 records.  Elapsed time: 00:10:37s.  Time for last 1,000,000:   24s.  Last read position: */*
INFO	2017-12-18 23:51:28	AddOrReplaceReadGroups	Processed    27,000,000 records.  Elapsed time: 00:11:00s.  Time for last 1,000,000:   22s.  Last read position: Supercontig_1.8:601,961
INFO	2017-12-18 23:51:53	AddOrReplaceReadGroups	Processed    28,000,000 records.  Elapsed time: 00:11:25s.  Time for last 1,000,000:   24s.  Last read position: Supercontig_1.2:2,156,770
INFO	2017-12-18 23:52:16	AddOrReplaceReadGroups	Processed    29,000,000 records.  Elapsed time: 00:11:47s.  Time for last 1,000,000:   22s.  Last read position: Supercontig_1.3:718,726
INFO	2017-12-18 23:52:43	AddOrReplaceReadGroups	Processed    30,000,000 records.  Elapsed time: 00:12:15s.  Time for last 1,000,000:   27s.  Last read position: Supercontig_1.4:975,897
INFO	2017-12-18 23:53:06	AddOrReplaceReadGroups	Processed    31,000,000 records.  Elapsed time: 00:12:38s.  Time for last 1,000,000:   22s.  Last read position: Supercontig_1.3:418,873
INFO	2017-12-18 23:53:32	AddOrReplaceReadGroups	Processed    32,000,000 records.  Elapsed time: 00:13:04s.  Time for last 1,000,000:   25s.  Last read position: Supercontig_1.7:209,016
INFO	2017-12-18 23:53:55	AddOrReplaceReadGroups	Processed    33,000,000 records.  Elapsed time: 00:13:26s.  Time for last 1,000,000:   22s.  Last read position: Supercontig_1.4:803,573
INFO	2017-12-18 23:54:18	AddOrReplaceReadGroups	Processed    34,000,000 records.  Elapsed time: 00:13:49s.  Time for last 1,000,000:   22s.  Last read position: Supercontig_1.2:405,108
INFO	2017-12-18 23:54:43	AddOrReplaceReadGroups	Processed    35,000,000 records.  Elapsed time: 00:14:15s.  Time for last 1,000,000:   25s.  Last read position: Supercontig_1.4:78,787
INFO	2017-12-18 23:55:09	AddOrReplaceReadGroups	Processed    36,000,000 records.  Elapsed time: 00:14:41s.  Time for last 1,000,000:   25s.  Last read position: Supercontig_1.2:474,257
INFO	2017-12-18 23:55:33	AddOrReplaceReadGroups	Processed    37,000,000 records.  Elapsed time: 00:15:04s.  Time for last 1,000,000:   23s.  Last read position: Supercontig_1.5:550,711
INFO	2017-12-18 23:55:57	AddOrReplaceReadGroups	Processed    38,000,000 records.  Elapsed time: 00:15:28s.  Time for last 1,000,000:   24s.  Last read position: */*
INFO	2017-12-18 23:56:20	AddOrReplaceReadGroups	Processed    39,000,000 records.  Elapsed time: 00:15:51s.  Time for last 1,000,000:   23s.  Last read position: Supercontig_1.5:1,192,298
INFO	2017-12-18 23:56:45	AddOrReplaceReadGroups	Processed    40,000,000 records.  Elapsed time: 00:16:17s.  Time for last 1,000,000:   25s.  Last read position: Supercontig_1.8:739,570
INFO	2017-12-18 23:57:07	AddOrReplaceReadGroups	Processed    41,000,000 records.  Elapsed time: 00:16:39s.  Time for last 1,000,000:   22s.  Last read position: Supercontig_1.6:601,397
INFO	2017-12-18 23:57:31	AddOrReplaceReadGroups	Processed    42,000,000 records.  Elapsed time: 00:17:03s.  Time for last 1,000,000:   23s.  Last read position: Supercontig_1.1:638,672
INFO	2017-12-18 23:57:58	AddOrReplaceReadGroups	Processed    43,000,000 records.  Elapsed time: 00:17:29s.  Time for last 1,000,000:   26s.  Last read position: */*
INFO	2017-12-18 23:58:23	AddOrReplaceReadGroups	Processed    44,000,000 records.  Elapsed time: 00:17:54s.  Time for last 1,000,000:   25s.  Last read position: */*
INFO	2017-12-18 23:58:45	AddOrReplaceReadGroups	Processed    45,000,000 records.  Elapsed time: 00:18:17s.  Time for last 1,000,000:   22s.  Last read position: Supercontig_1.8:600,374
[Tue Dec 19 00:07:13 PST 2017] picard.sam.AddOrReplaceReadGroups done. Elapsed time: 26.76 minutes.
Runtime.totalMemory()=5621415936
