DHED8-38371509 L4C_benomyl 2
aln/L4C_benomyl.r2.sam aln/L4C_benomyl.r2.bam
CREATE_INDEX=true VALIDATION_STRINGENCY=LENIENT TMP_DIR=/scratch/jstajich RGID=DHED8-38371509 RGSM=L4C_benomyl.r2 RGPL=NextSeq RGPU=Dartmouth RGLB=DHED8-38371509
23:40:22.807 INFO  NativeLibraryLoader - Loading libgkl_compression.so from jar:file:/bigdata/bioinfo/pkgadmin/opt/linux/centos/7.x/x86_64/pkgs/picard/2.14.1/lib/picard.jar!/com/intel/gkl/native/libgkl_compression.so
[Mon Dec 18 23:40:22 PST 2017] AddOrReplaceReadGroups INPUT=aln/L4C_benomyl.r2.sam OUTPUT=aln/L4C_benomyl.r2.bam SORT_ORDER=coordinate RGID=DHED8-38371509 RGLB=DHED8-38371509 RGPL=NextSeq RGPU=Dartmouth RGSM=L4C_benomyl.r2 TMP_DIR=[/scratch/jstajich] VALIDATION_STRINGENCY=LENIENT CREATE_INDEX=true    VERBOSITY=INFO QUIET=false COMPRESSION_LEVEL=5 MAX_RECORDS_IN_RAM=500000 CREATE_MD5_FILE=false GA4GH_CLIENT_SECRETS=client_secrets.json USE_JDK_DEFLATER=false USE_JDK_INFLATER=false
[Mon Dec 18 23:40:22 PST 2017] Executing as jstajich@i29 on Linux 3.10.0-229.1.2.el7.x86_64 amd64; Java HotSpot(TM) 64-Bit Server VM 1.8.0_45-b14; Deflater: Intel; Inflater: Intel; Picard version: 2.14.1-SNAPSHOT
Ignoring SAM validation error: ERROR: Error parsing SAM header. @RG line missing SM tag. Line:
@RG	ID:DHED8-38371509
INFO	2017-12-18 23:40:23	AddOrReplaceReadGroups	Created read group ID=DHED8-38371509 PL=NextSeq LB=DHED8-38371509 SM=L4C_benomyl.r2

INFO	2017-12-18 23:40:41	AddOrReplaceReadGroups	Processed     1,000,000 records.  Elapsed time: 00:00:18s.  Time for last 1,000,000:   18s.  Last read position: Supercontig_1.1:899,140
INFO	2017-12-18 23:40:58	AddOrReplaceReadGroups	Processed     2,000,000 records.  Elapsed time: 00:00:35s.  Time for last 1,000,000:   16s.  Last read position: Supercontig_1.4:1,225,633
INFO	2017-12-18 23:41:14	AddOrReplaceReadGroups	Processed     3,000,000 records.  Elapsed time: 00:00:51s.  Time for last 1,000,000:   16s.  Last read position: Supercontig_1.5:1,191,731
INFO	2017-12-18 23:41:31	AddOrReplaceReadGroups	Processed     4,000,000 records.  Elapsed time: 00:01:08s.  Time for last 1,000,000:   16s.  Last read position: Supercontig_1.3:459,619
INFO	2017-12-18 23:41:47	AddOrReplaceReadGroups	Processed     5,000,000 records.  Elapsed time: 00:01:24s.  Time for last 1,000,000:   16s.  Last read position: Supercontig_1.3:718,268
INFO	2017-12-18 23:42:05	AddOrReplaceReadGroups	Processed     6,000,000 records.  Elapsed time: 00:01:41s.  Time for last 1,000,000:   17s.  Last read position: Supercontig_1.5:1,079,837
INFO	2017-12-18 23:42:22	AddOrReplaceReadGroups	Processed     7,000,000 records.  Elapsed time: 00:01:59s.  Time for last 1,000,000:   17s.  Last read position: Supercontig_1.3:1,536,065
INFO	2017-12-18 23:42:40	AddOrReplaceReadGroups	Processed     8,000,000 records.  Elapsed time: 00:02:17s.  Time for last 1,000,000:   18s.  Last read position: Supercontig_1.2:597,611
INFO	2017-12-18 23:42:58	AddOrReplaceReadGroups	Processed     9,000,000 records.  Elapsed time: 00:02:35s.  Time for last 1,000,000:   17s.  Last read position: Supercontig_1.3:1,776,855
INFO	2017-12-18 23:43:17	AddOrReplaceReadGroups	Processed    10,000,000 records.  Elapsed time: 00:02:54s.  Time for last 1,000,000:   18s.  Last read position: Supercontig_1.2:1,539,746
INFO	2017-12-18 23:43:36	AddOrReplaceReadGroups	Processed    11,000,000 records.  Elapsed time: 00:03:13s.  Time for last 1,000,000:   18s.  Last read position: Supercontig_1.3:1,865,301
INFO	2017-12-18 23:43:54	AddOrReplaceReadGroups	Processed    12,000,000 records.  Elapsed time: 00:03:30s.  Time for last 1,000,000:   17s.  Last read position: Supercontig_1.5:189,372
INFO	2017-12-18 23:44:12	AddOrReplaceReadGroups	Processed    13,000,000 records.  Elapsed time: 00:03:49s.  Time for last 1,000,000:   18s.  Last read position: Supercontig_1.3:4,357
INFO	2017-12-18 23:44:29	AddOrReplaceReadGroups	Processed    14,000,000 records.  Elapsed time: 00:04:06s.  Time for last 1,000,000:   17s.  Last read position: Supercontig_1.4:1,226,106
INFO	2017-12-18 23:44:47	AddOrReplaceReadGroups	Processed    15,000,000 records.  Elapsed time: 00:04:24s.  Time for last 1,000,000:   17s.  Last read position: Supercontig_1.7:656,775
INFO	2017-12-18 23:45:05	AddOrReplaceReadGroups	Processed    16,000,000 records.  Elapsed time: 00:04:42s.  Time for last 1,000,000:   17s.  Last read position: */*
INFO	2017-12-18 23:45:21	AddOrReplaceReadGroups	Processed    17,000,000 records.  Elapsed time: 00:04:58s.  Time for last 1,000,000:   16s.  Last read position: Supercontig_1.8:739,900
INFO	2017-12-18 23:45:38	AddOrReplaceReadGroups	Processed    18,000,000 records.  Elapsed time: 00:05:15s.  Time for last 1,000,000:   16s.  Last read position: Supercontig_1.4:1,630,574
INFO	2017-12-18 23:45:54	AddOrReplaceReadGroups	Processed    19,000,000 records.  Elapsed time: 00:05:31s.  Time for last 1,000,000:   16s.  Last read position: Supercontig_1.6:517,472
INFO	2017-12-18 23:46:11	AddOrReplaceReadGroups	Processed    20,000,000 records.  Elapsed time: 00:05:48s.  Time for last 1,000,000:   16s.  Last read position: Supercontig_1.4:77,257
INFO	2017-12-18 23:46:28	AddOrReplaceReadGroups	Processed    21,000,000 records.  Elapsed time: 00:06:05s.  Time for last 1,000,000:   17s.  Last read position: Supercontig_1.5:677,247
INFO	2017-12-18 23:46:44	AddOrReplaceReadGroups	Processed    22,000,000 records.  Elapsed time: 00:06:21s.  Time for last 1,000,000:   16s.  Last read position: Supercontig_1.3:110,654
INFO	2017-12-18 23:47:00	AddOrReplaceReadGroups	Processed    23,000,000 records.  Elapsed time: 00:06:37s.  Time for last 1,000,000:   15s.  Last read position: */*
INFO	2017-12-18 23:47:19	AddOrReplaceReadGroups	Processed    24,000,000 records.  Elapsed time: 00:06:56s.  Time for last 1,000,000:   18s.  Last read position: Supercontig_1.7:62,858
INFO	2017-12-18 23:47:35	AddOrReplaceReadGroups	Processed    25,000,000 records.  Elapsed time: 00:07:12s.  Time for last 1,000,000:   16s.  Last read position: Supercontig_1.5:634,219
INFO	2017-12-18 23:47:55	AddOrReplaceReadGroups	Processed    26,000,000 records.  Elapsed time: 00:07:32s.  Time for last 1,000,000:   20s.  Last read position: Supercontig_1.2:1,539,369
INFO	2017-12-18 23:48:13	AddOrReplaceReadGroups	Processed    27,000,000 records.  Elapsed time: 00:07:50s.  Time for last 1,000,000:   17s.  Last read position: Supercontig_1.4:1,353,407
INFO	2017-12-18 23:48:30	AddOrReplaceReadGroups	Processed    28,000,000 records.  Elapsed time: 00:08:07s.  Time for last 1,000,000:   17s.  Last read position: */*
INFO	2017-12-18 23:48:46	AddOrReplaceReadGroups	Processed    29,000,000 records.  Elapsed time: 00:08:22s.  Time for last 1,000,000:   15s.  Last read position: Supercontig_1.2:830,223
INFO	2017-12-18 23:49:02	AddOrReplaceReadGroups	Processed    30,000,000 records.  Elapsed time: 00:08:39s.  Time for last 1,000,000:   16s.  Last read position: Supercontig_1.4:1,400,370
INFO	2017-12-18 23:49:18	AddOrReplaceReadGroups	Processed    31,000,000 records.  Elapsed time: 00:08:54s.  Time for last 1,000,000:   15s.  Last read position: Supercontig_1.6:744,292
INFO	2017-12-18 23:49:35	AddOrReplaceReadGroups	Processed    32,000,000 records.  Elapsed time: 00:09:11s.  Time for last 1,000,000:   17s.  Last read position: Supercontig_1.6:352,658
INFO	2017-12-18 23:49:50	AddOrReplaceReadGroups	Processed    33,000,000 records.  Elapsed time: 00:09:27s.  Time for last 1,000,000:   15s.  Last read position: Supercontig_1.5:47,600
INFO	2017-12-18 23:50:06	AddOrReplaceReadGroups	Processed    34,000,000 records.  Elapsed time: 00:09:43s.  Time for last 1,000,000:   16s.  Last read position: */*
INFO	2017-12-18 23:50:22	AddOrReplaceReadGroups	Processed    35,000,000 records.  Elapsed time: 00:09:59s.  Time for last 1,000,000:   15s.  Last read position: Supercontig_1.5:750,027
INFO	2017-12-18 23:50:40	AddOrReplaceReadGroups	Processed    36,000,000 records.  Elapsed time: 00:10:16s.  Time for last 1,000,000:   17s.  Last read position: Supercontig_1.6:306,818
INFO	2017-12-18 23:50:57	AddOrReplaceReadGroups	Processed    37,000,000 records.  Elapsed time: 00:10:34s.  Time for last 1,000,000:   17s.  Last read position: Supercontig_1.1:1,244,671
INFO	2017-12-18 23:51:15	AddOrReplaceReadGroups	Processed    38,000,000 records.  Elapsed time: 00:10:52s.  Time for last 1,000,000:   18s.  Last read position: Supercontig_1.3:947,846
INFO	2017-12-18 23:51:33	AddOrReplaceReadGroups	Processed    39,000,000 records.  Elapsed time: 00:11:10s.  Time for last 1,000,000:   17s.  Last read position: */*
INFO	2017-12-18 23:51:52	AddOrReplaceReadGroups	Processed    40,000,000 records.  Elapsed time: 00:11:28s.  Time for last 1,000,000:   18s.  Last read position: Supercontig_1.7:52,392
INFO	2017-12-18 23:52:08	AddOrReplaceReadGroups	Processed    41,000,000 records.  Elapsed time: 00:11:45s.  Time for last 1,000,000:   16s.  Last read position: Supercontig_1.5:3,422
INFO	2017-12-18 23:52:26	AddOrReplaceReadGroups	Processed    42,000,000 records.  Elapsed time: 00:12:03s.  Time for last 1,000,000:   17s.  Last read position: Supercontig_1.4:978,296
INFO	2017-12-18 23:52:42	AddOrReplaceReadGroups	Processed    43,000,000 records.  Elapsed time: 00:12:19s.  Time for last 1,000,000:   16s.  Last read position: Supercontig_1.1:1,212,764
INFO	2017-12-18 23:53:00	AddOrReplaceReadGroups	Processed    44,000,000 records.  Elapsed time: 00:12:37s.  Time for last 1,000,000:   17s.  Last read position: Supercontig_1.3:9,962
INFO	2017-12-18 23:53:17	AddOrReplaceReadGroups	Processed    45,000,000 records.  Elapsed time: 00:12:54s.  Time for last 1,000,000:   17s.  Last read position: Supercontig_1.3:2,416
INFO	2017-12-18 23:53:34	AddOrReplaceReadGroups	Processed    46,000,000 records.  Elapsed time: 00:13:10s.  Time for last 1,000,000:   16s.  Last read position: Supercontig_1.6:361,406
INFO	2017-12-18 23:53:52	AddOrReplaceReadGroups	Processed    47,000,000 records.  Elapsed time: 00:13:29s.  Time for last 1,000,000:   18s.  Last read position: Supercontig_1.2:501,130
INFO	2017-12-18 23:54:09	AddOrReplaceReadGroups	Processed    48,000,000 records.  Elapsed time: 00:13:46s.  Time for last 1,000,000:   17s.  Last read position: Supercontig_1.1:30,768
INFO	2017-12-18 23:54:26	AddOrReplaceReadGroups	Processed    49,000,000 records.  Elapsed time: 00:14:03s.  Time for last 1,000,000:   16s.  Last read position: Supercontig_1.5:773,541
[Tue Dec 19 00:00:06 PST 2017] picard.sam.AddOrReplaceReadGroups done. Elapsed time: 19.72 minutes.
Runtime.totalMemory()=5470945280
