DHED11-38381401 U3E 2
aln/U3E.r2.sam aln/U3E.r2.bam
CREATE_INDEX=true VALIDATION_STRINGENCY=LENIENT TMP_DIR=/scratch/jstajich RGID=DHED11-38381401 RGSM=U3E.r2 RGPL=NextSeq RGPU=Dartmouth RGLB=DHED11-38381401
23:40:23.101 INFO  NativeLibraryLoader - Loading libgkl_compression.so from jar:file:/bigdata/bioinfo/pkgadmin/opt/linux/centos/7.x/x86_64/pkgs/picard/2.14.1/lib/picard.jar!/com/intel/gkl/native/libgkl_compression.so
[Mon Dec 18 23:40:23 PST 2017] AddOrReplaceReadGroups INPUT=aln/U3E.r2.sam OUTPUT=aln/U3E.r2.bam SORT_ORDER=coordinate RGID=DHED11-38381401 RGLB=DHED11-38381401 RGPL=NextSeq RGPU=Dartmouth RGSM=U3E.r2 TMP_DIR=[/scratch/jstajich] VALIDATION_STRINGENCY=LENIENT CREATE_INDEX=true    VERBOSITY=INFO QUIET=false COMPRESSION_LEVEL=5 MAX_RECORDS_IN_RAM=500000 CREATE_MD5_FILE=false GA4GH_CLIENT_SECRETS=client_secrets.json USE_JDK_DEFLATER=false USE_JDK_INFLATER=false
[Mon Dec 18 23:40:23 PST 2017] Executing as jstajich@i29 on Linux 3.10.0-229.1.2.el7.x86_64 amd64; Java HotSpot(TM) 64-Bit Server VM 1.8.0_45-b14; Deflater: Intel; Inflater: Intel; Picard version: 2.14.1-SNAPSHOT
Ignoring SAM validation error: ERROR: Error parsing SAM header. @RG line missing SM tag. Line:
@RG	ID:DHED11-38381401
INFO	2017-12-18 23:40:23	AddOrReplaceReadGroups	Created read group ID=DHED11-38381401 PL=NextSeq LB=DHED11-38381401 SM=U3E.r2

INFO	2017-12-18 23:40:44	AddOrReplaceReadGroups	Processed     1,000,000 records.  Elapsed time: 00:00:21s.  Time for last 1,000,000:   21s.  Last read position: Supercontig_1.8:423,444
INFO	2017-12-18 23:41:01	AddOrReplaceReadGroups	Processed     2,000,000 records.  Elapsed time: 00:00:38s.  Time for last 1,000,000:   16s.  Last read position: Supercontig_1.8:459,988
INFO	2017-12-18 23:41:21	AddOrReplaceReadGroups	Processed     3,000,000 records.  Elapsed time: 00:00:57s.  Time for last 1,000,000:   19s.  Last read position: Supercontig_1.1:510,440
INFO	2017-12-18 23:41:38	AddOrReplaceReadGroups	Processed     4,000,000 records.  Elapsed time: 00:01:15s.  Time for last 1,000,000:   17s.  Last read position: Supercontig_1.1:828,892
INFO	2017-12-18 23:41:56	AddOrReplaceReadGroups	Processed     5,000,000 records.  Elapsed time: 00:01:32s.  Time for last 1,000,000:   17s.  Last read position: Supercontig_1.3:1,495,514
INFO	2017-12-18 23:42:14	AddOrReplaceReadGroups	Processed     6,000,000 records.  Elapsed time: 00:01:50s.  Time for last 1,000,000:   17s.  Last read position: Supercontig_1.1:808,380
INFO	2017-12-18 23:42:31	AddOrReplaceReadGroups	Processed     7,000,000 records.  Elapsed time: 00:02:08s.  Time for last 1,000,000:   17s.  Last read position: Supercontig_1.2:1,661,596
INFO	2017-12-18 23:42:47	AddOrReplaceReadGroups	Processed     8,000,000 records.  Elapsed time: 00:02:24s.  Time for last 1,000,000:   16s.  Last read position: Supercontig_1.5:43,054
INFO	2017-12-18 23:43:06	AddOrReplaceReadGroups	Processed     9,000,000 records.  Elapsed time: 00:02:42s.  Time for last 1,000,000:   18s.  Last read position: Supercontig_1.5:701,606
INFO	2017-12-18 23:43:23	AddOrReplaceReadGroups	Processed    10,000,000 records.  Elapsed time: 00:03:00s.  Time for last 1,000,000:   17s.  Last read position: Supercontig_1.1:412,804
INFO	2017-12-18 23:43:42	AddOrReplaceReadGroups	Processed    11,000,000 records.  Elapsed time: 00:03:19s.  Time for last 1,000,000:   18s.  Last read position: Supercontig_1.1:2,304,384
INFO	2017-12-18 23:43:58	AddOrReplaceReadGroups	Processed    12,000,000 records.  Elapsed time: 00:03:35s.  Time for last 1,000,000:   16s.  Last read position: Supercontig_1.4:827,617
INFO	2017-12-18 23:44:18	AddOrReplaceReadGroups	Processed    13,000,000 records.  Elapsed time: 00:03:55s.  Time for last 1,000,000:   19s.  Last read position: Supercontig_1.7:105,879
INFO	2017-12-18 23:44:38	AddOrReplaceReadGroups	Processed    14,000,000 records.  Elapsed time: 00:04:14s.  Time for last 1,000,000:   19s.  Last read position: Supercontig_1.1:704,330
INFO	2017-12-18 23:44:53	AddOrReplaceReadGroups	Processed    15,000,000 records.  Elapsed time: 00:04:29s.  Time for last 1,000,000:   15s.  Last read position: Supercontig_1.3:861,819
INFO	2017-12-18 23:45:10	AddOrReplaceReadGroups	Processed    16,000,000 records.  Elapsed time: 00:04:46s.  Time for last 1,000,000:   16s.  Last read position: Supercontig_1.5:634,429
INFO	2017-12-18 23:45:26	AddOrReplaceReadGroups	Processed    17,000,000 records.  Elapsed time: 00:05:03s.  Time for last 1,000,000:   16s.  Last read position: Supercontig_1.6:168,285
INFO	2017-12-18 23:45:45	AddOrReplaceReadGroups	Processed    18,000,000 records.  Elapsed time: 00:05:21s.  Time for last 1,000,000:   18s.  Last read position: Supercontig_1.2:1,218,499
INFO	2017-12-18 23:46:02	AddOrReplaceReadGroups	Processed    19,000,000 records.  Elapsed time: 00:05:38s.  Time for last 1,000,000:   17s.  Last read position: Supercontig_1.4:1,269,932
INFO	2017-12-18 23:46:19	AddOrReplaceReadGroups	Processed    20,000,000 records.  Elapsed time: 00:05:56s.  Time for last 1,000,000:   17s.  Last read position: Supercontig_1.4:1,448,222
INFO	2017-12-18 23:46:37	AddOrReplaceReadGroups	Processed    21,000,000 records.  Elapsed time: 00:06:13s.  Time for last 1,000,000:   17s.  Last read position: Supercontig_1.8:175,991
INFO	2017-12-18 23:46:54	AddOrReplaceReadGroups	Processed    22,000,000 records.  Elapsed time: 00:06:30s.  Time for last 1,000,000:   16s.  Last read position: Supercontig_1.1:789,198
INFO	2017-12-18 23:47:09	AddOrReplaceReadGroups	Processed    23,000,000 records.  Elapsed time: 00:06:46s.  Time for last 1,000,000:   15s.  Last read position: Supercontig_1.5:1,401,790
INFO	2017-12-18 23:47:27	AddOrReplaceReadGroups	Processed    24,000,000 records.  Elapsed time: 00:07:03s.  Time for last 1,000,000:   17s.  Last read position: Supercontig_1.4:878,894
INFO	2017-12-18 23:47:47	AddOrReplaceReadGroups	Processed    25,000,000 records.  Elapsed time: 00:07:24s.  Time for last 1,000,000:   20s.  Last read position: Supercontig_1.2:1,779,378
INFO	2017-12-18 23:48:05	AddOrReplaceReadGroups	Processed    26,000,000 records.  Elapsed time: 00:07:41s.  Time for last 1,000,000:   17s.  Last read position: Supercontig_1.1:547,862
INFO	2017-12-18 23:48:21	AddOrReplaceReadGroups	Processed    27,000,000 records.  Elapsed time: 00:07:57s.  Time for last 1,000,000:   16s.  Last read position: Supercontig_1.1:2,311,118
INFO	2017-12-18 23:48:39	AddOrReplaceReadGroups	Processed    28,000,000 records.  Elapsed time: 00:08:15s.  Time for last 1,000,000:   17s.  Last read position: Supercontig_1.2:2,169,975
INFO	2017-12-18 23:48:58	AddOrReplaceReadGroups	Processed    29,000,000 records.  Elapsed time: 00:08:35s.  Time for last 1,000,000:   19s.  Last read position: Supercontig_1.4:554,427
INFO	2017-12-18 23:49:15	AddOrReplaceReadGroups	Processed    30,000,000 records.  Elapsed time: 00:08:51s.  Time for last 1,000,000:   16s.  Last read position: Supercontig_1.3:373,768
INFO	2017-12-18 23:49:33	AddOrReplaceReadGroups	Processed    31,000,000 records.  Elapsed time: 00:09:09s.  Time for last 1,000,000:   18s.  Last read position: Supercontig_1.3:984,244
INFO	2017-12-18 23:49:48	AddOrReplaceReadGroups	Processed    32,000,000 records.  Elapsed time: 00:09:24s.  Time for last 1,000,000:   15s.  Last read position: Supercontig_1.1:827,829
INFO	2017-12-18 23:50:05	AddOrReplaceReadGroups	Processed    33,000,000 records.  Elapsed time: 00:09:41s.  Time for last 1,000,000:   16s.  Last read position: Supercontig_1.2:391,246
INFO	2017-12-18 23:50:20	AddOrReplaceReadGroups	Processed    34,000,000 records.  Elapsed time: 00:09:56s.  Time for last 1,000,000:   15s.  Last read position: Supercontig_1.8:400,960
INFO	2017-12-18 23:50:35	AddOrReplaceReadGroups	Processed    35,000,000 records.  Elapsed time: 00:10:12s.  Time for last 1,000,000:   15s.  Last read position: Supercontig_1.1:2,223,737
INFO	2017-12-18 23:50:53	AddOrReplaceReadGroups	Processed    36,000,000 records.  Elapsed time: 00:10:30s.  Time for last 1,000,000:   18s.  Last read position: Supercontig_1.3:950,106
INFO	2017-12-18 23:51:13	AddOrReplaceReadGroups	Processed    37,000,000 records.  Elapsed time: 00:10:49s.  Time for last 1,000,000:   19s.  Last read position: Supercontig_1.1:854,537
INFO	2017-12-18 23:51:29	AddOrReplaceReadGroups	Processed    38,000,000 records.  Elapsed time: 00:11:06s.  Time for last 1,000,000:   16s.  Last read position: Supercontig_1.6:536,741
INFO	2017-12-18 23:51:46	AddOrReplaceReadGroups	Processed    39,000,000 records.  Elapsed time: 00:11:23s.  Time for last 1,000,000:   17s.  Last read position: Supercontig_1.4:89,529
INFO	2017-12-18 23:52:05	AddOrReplaceReadGroups	Processed    40,000,000 records.  Elapsed time: 00:11:42s.  Time for last 1,000,000:   18s.  Last read position: Supercontig_1.1:1,722,545
INFO	2017-12-18 23:52:24	AddOrReplaceReadGroups	Processed    41,000,000 records.  Elapsed time: 00:12:01s.  Time for last 1,000,000:   18s.  Last read position: Supercontig_1.1:78,425
INFO	2017-12-18 23:52:41	AddOrReplaceReadGroups	Processed    42,000,000 records.  Elapsed time: 00:12:18s.  Time for last 1,000,000:   17s.  Last read position: Supercontig_1.7:569,343
INFO	2017-12-18 23:52:58	AddOrReplaceReadGroups	Processed    43,000,000 records.  Elapsed time: 00:12:35s.  Time for last 1,000,000:   16s.  Last read position: Supercontig_1.5:421,644
INFO	2017-12-18 23:53:15	AddOrReplaceReadGroups	Processed    44,000,000 records.  Elapsed time: 00:12:52s.  Time for last 1,000,000:   17s.  Last read position: Supercontig_1.1:350,804
INFO	2017-12-18 23:53:33	AddOrReplaceReadGroups	Processed    45,000,000 records.  Elapsed time: 00:13:09s.  Time for last 1,000,000:   17s.  Last read position: Supercontig_1.6:305,136
INFO	2017-12-18 23:53:52	AddOrReplaceReadGroups	Processed    46,000,000 records.  Elapsed time: 00:13:29s.  Time for last 1,000,000:   19s.  Last read position: */*
INFO	2017-12-18 23:54:11	AddOrReplaceReadGroups	Processed    47,000,000 records.  Elapsed time: 00:13:47s.  Time for last 1,000,000:   18s.  Last read position: Supercontig_1.4:976,284
INFO	2017-12-18 23:54:30	AddOrReplaceReadGroups	Processed    48,000,000 records.  Elapsed time: 00:14:06s.  Time for last 1,000,000:   18s.  Last read position: Supercontig_1.4:1,616,925
[Tue Dec 19 00:00:18 PST 2017] picard.sam.AddOrReplaceReadGroups done. Elapsed time: 19.93 minutes.
Runtime.totalMemory()=5475663872
