DHED18-38371510 U3B_benomyl 1
aln/U3B_benomyl.r1.sam aln/U3B_benomyl.r1.bam
CREATE_INDEX=true VALIDATION_STRINGENCY=LENIENT TMP_DIR=/scratch/jstajich RGID=DHED18-38371510 RGSM=U3B_benomyl.r1 RGPL=NextSeq RGPU=Dartmouth RGLB=DHED18-38371510
23:40:26.886 INFO  NativeLibraryLoader - Loading libgkl_compression.so from jar:file:/bigdata/bioinfo/pkgadmin/opt/linux/centos/7.x/x86_64/pkgs/picard/2.14.1/lib/picard.jar!/com/intel/gkl/native/libgkl_compression.so
[Mon Dec 18 23:40:27 PST 2017] AddOrReplaceReadGroups INPUT=aln/U3B_benomyl.r1.sam OUTPUT=aln/U3B_benomyl.r1.bam SORT_ORDER=coordinate RGID=DHED18-38371510 RGLB=DHED18-38371510 RGPL=NextSeq RGPU=Dartmouth RGSM=U3B_benomyl.r1 TMP_DIR=[/scratch/jstajich] VALIDATION_STRINGENCY=LENIENT CREATE_INDEX=true    VERBOSITY=INFO QUIET=false COMPRESSION_LEVEL=5 MAX_RECORDS_IN_RAM=500000 CREATE_MD5_FILE=false GA4GH_CLIENT_SECRETS=client_secrets.json USE_JDK_DEFLATER=false USE_JDK_INFLATER=false
[Mon Dec 18 23:40:27 PST 2017] Executing as jstajich@i33 on Linux 3.10.0-229.1.2.el7.x86_64 amd64; Java HotSpot(TM) 64-Bit Server VM 1.8.0_45-b14; Deflater: Intel; Inflater: Intel; Picard version: 2.14.1-SNAPSHOT
Ignoring SAM validation error: ERROR: Error parsing SAM header. @RG line missing SM tag. Line:
@RG	ID:DHED18-38371510
INFO	2017-12-18 23:40:27	AddOrReplaceReadGroups	Created read group ID=DHED18-38371510 PL=NextSeq LB=DHED18-38371510 SM=U3B_benomyl.r1

INFO	2017-12-18 23:40:55	AddOrReplaceReadGroups	Processed     1,000,000 records.  Elapsed time: 00:00:28s.  Time for last 1,000,000:   28s.  Last read position: Supercontig_1.8:741,806
INFO	2017-12-18 23:41:19	AddOrReplaceReadGroups	Processed     2,000,000 records.  Elapsed time: 00:00:51s.  Time for last 1,000,000:   23s.  Last read position: Supercontig_1.1:1,773,443
INFO	2017-12-18 23:41:49	AddOrReplaceReadGroups	Processed     3,000,000 records.  Elapsed time: 00:01:21s.  Time for last 1,000,000:   30s.  Last read position: Supercontig_1.3:1,865,969
INFO	2017-12-18 23:42:13	AddOrReplaceReadGroups	Processed     4,000,000 records.  Elapsed time: 00:01:45s.  Time for last 1,000,000:   23s.  Last read position: Supercontig_1.1:969,358
INFO	2017-12-18 23:42:40	AddOrReplaceReadGroups	Processed     5,000,000 records.  Elapsed time: 00:02:12s.  Time for last 1,000,000:   26s.  Last read position: Supercontig_1.3:1,867,870
INFO	2017-12-18 23:43:03	AddOrReplaceReadGroups	Processed     6,000,000 records.  Elapsed time: 00:02:35s.  Time for last 1,000,000:   23s.  Last read position: Supercontig_1.3:13,378
INFO	2017-12-18 23:43:28	AddOrReplaceReadGroups	Processed     7,000,000 records.  Elapsed time: 00:03:00s.  Time for last 1,000,000:   24s.  Last read position: Supercontig_1.2:404,925
INFO	2017-12-18 23:43:51	AddOrReplaceReadGroups	Processed     8,000,000 records.  Elapsed time: 00:03:23s.  Time for last 1,000,000:   23s.  Last read position: Supercontig_1.1:1,779,442
INFO	2017-12-18 23:44:16	AddOrReplaceReadGroups	Processed     9,000,000 records.  Elapsed time: 00:03:48s.  Time for last 1,000,000:   24s.  Last read position: Supercontig_1.8:742,404
INFO	2017-12-18 23:44:40	AddOrReplaceReadGroups	Processed    10,000,000 records.  Elapsed time: 00:04:12s.  Time for last 1,000,000:   23s.  Last read position: Supercontig_1.7:569,711
INFO	2017-12-18 23:45:05	AddOrReplaceReadGroups	Processed    11,000,000 records.  Elapsed time: 00:04:37s.  Time for last 1,000,000:   24s.  Last read position: Supercontig_1.3:1,421,001
INFO	2017-12-18 23:45:30	AddOrReplaceReadGroups	Processed    12,000,000 records.  Elapsed time: 00:05:02s.  Time for last 1,000,000:   24s.  Last read position: Supercontig_1.4:499,546
INFO	2017-12-18 23:45:55	AddOrReplaceReadGroups	Processed    13,000,000 records.  Elapsed time: 00:05:28s.  Time for last 1,000,000:   25s.  Last read position: Supercontig_1.3:19,194
INFO	2017-12-18 23:46:22	AddOrReplaceReadGroups	Processed    14,000,000 records.  Elapsed time: 00:05:54s.  Time for last 1,000,000:   26s.  Last read position: Supercontig_1.8:432,381
INFO	2017-12-18 23:46:47	AddOrReplaceReadGroups	Processed    15,000,000 records.  Elapsed time: 00:06:19s.  Time for last 1,000,000:   24s.  Last read position: Supercontig_1.1:1,039,273
INFO	2017-12-18 23:47:09	AddOrReplaceReadGroups	Processed    16,000,000 records.  Elapsed time: 00:06:41s.  Time for last 1,000,000:   22s.  Last read position: Supercontig_1.4:1,402,718
INFO	2017-12-18 23:47:33	AddOrReplaceReadGroups	Processed    17,000,000 records.  Elapsed time: 00:07:05s.  Time for last 1,000,000:   24s.  Last read position: Supercontig_1.6:600,341
INFO	2017-12-18 23:48:01	AddOrReplaceReadGroups	Processed    18,000,000 records.  Elapsed time: 00:07:33s.  Time for last 1,000,000:   27s.  Last read position: Supercontig_1.3:987,279
INFO	2017-12-18 23:48:23	AddOrReplaceReadGroups	Processed    19,000,000 records.  Elapsed time: 00:07:55s.  Time for last 1,000,000:   22s.  Last read position: Supercontig_1.6:253,433
INFO	2017-12-18 23:48:50	AddOrReplaceReadGroups	Processed    20,000,000 records.  Elapsed time: 00:08:22s.  Time for last 1,000,000:   26s.  Last read position: Supercontig_1.4:264,262
INFO	2017-12-18 23:49:13	AddOrReplaceReadGroups	Processed    21,000,000 records.  Elapsed time: 00:08:45s.  Time for last 1,000,000:   23s.  Last read position: Supercontig_1.3:7,905
INFO	2017-12-18 23:49:41	AddOrReplaceReadGroups	Processed    22,000,000 records.  Elapsed time: 00:09:13s.  Time for last 1,000,000:   27s.  Last read position: Supercontig_1.3:1,867,828
INFO	2017-12-18 23:50:06	AddOrReplaceReadGroups	Processed    23,000,000 records.  Elapsed time: 00:09:38s.  Time for last 1,000,000:   25s.  Last read position: Supercontig_1.2:1,910,422
INFO	2017-12-18 23:50:31	AddOrReplaceReadGroups	Processed    24,000,000 records.  Elapsed time: 00:10:04s.  Time for last 1,000,000:   25s.  Last read position: */*
INFO	2017-12-18 23:50:56	AddOrReplaceReadGroups	Processed    25,000,000 records.  Elapsed time: 00:10:29s.  Time for last 1,000,000:   25s.  Last read position: Supercontig_1.1:975,383
INFO	2017-12-18 23:51:18	AddOrReplaceReadGroups	Processed    26,000,000 records.  Elapsed time: 00:10:50s.  Time for last 1,000,000:   21s.  Last read position: Supercontig_1.1:669,768
INFO	2017-12-18 23:51:43	AddOrReplaceReadGroups	Processed    27,000,000 records.  Elapsed time: 00:11:15s.  Time for last 1,000,000:   25s.  Last read position: Supercontig_1.2:1,570,719
INFO	2017-12-18 23:52:08	AddOrReplaceReadGroups	Processed    28,000,000 records.  Elapsed time: 00:11:40s.  Time for last 1,000,000:   25s.  Last read position: Supercontig_1.3:9,390
INFO	2017-12-18 23:52:33	AddOrReplaceReadGroups	Processed    29,000,000 records.  Elapsed time: 00:12:05s.  Time for last 1,000,000:   24s.  Last read position: Supercontig_1.1:2,015,952
INFO	2017-12-18 23:52:55	AddOrReplaceReadGroups	Processed    30,000,000 records.  Elapsed time: 00:12:27s.  Time for last 1,000,000:   22s.  Last read position: Supercontig_1.5:43,426
INFO	2017-12-18 23:53:21	AddOrReplaceReadGroups	Processed    31,000,000 records.  Elapsed time: 00:12:53s.  Time for last 1,000,000:   25s.  Last read position: Supercontig_1.3:1,867,853
INFO	2017-12-18 23:53:44	AddOrReplaceReadGroups	Processed    32,000,000 records.  Elapsed time: 00:13:16s.  Time for last 1,000,000:   23s.  Last read position: Supercontig_1.6:548,987
INFO	2017-12-18 23:54:10	AddOrReplaceReadGroups	Processed    33,000,000 records.  Elapsed time: 00:13:42s.  Time for last 1,000,000:   26s.  Last read position: Supercontig_1.8:742,847
INFO	2017-12-18 23:54:33	AddOrReplaceReadGroups	Processed    34,000,000 records.  Elapsed time: 00:14:06s.  Time for last 1,000,000:   23s.  Last read position: Supercontig_1.8:741,370
INFO	2017-12-18 23:54:58	AddOrReplaceReadGroups	Processed    35,000,000 records.  Elapsed time: 00:14:30s.  Time for last 1,000,000:   24s.  Last read position: Supercontig_1.5:7,959
INFO	2017-12-18 23:55:23	AddOrReplaceReadGroups	Processed    36,000,000 records.  Elapsed time: 00:14:55s.  Time for last 1,000,000:   25s.  Last read position: Supercontig_1.8:740,425
INFO	2017-12-18 23:55:47	AddOrReplaceReadGroups	Processed    37,000,000 records.  Elapsed time: 00:15:19s.  Time for last 1,000,000:   23s.  Last read position: Supercontig_1.4:622,716
INFO	2017-12-18 23:56:09	AddOrReplaceReadGroups	Processed    38,000,000 records.  Elapsed time: 00:15:42s.  Time for last 1,000,000:   22s.  Last read position: Supercontig_1.8:741,655
INFO	2017-12-18 23:56:31	AddOrReplaceReadGroups	Processed    39,000,000 records.  Elapsed time: 00:16:03s.  Time for last 1,000,000:   21s.  Last read position: Supercontig_1.4:86,545
INFO	2017-12-18 23:56:57	AddOrReplaceReadGroups	Processed    40,000,000 records.  Elapsed time: 00:16:29s.  Time for last 1,000,000:   26s.  Last read position: Supercontig_1.5:8,128
INFO	2017-12-18 23:57:21	AddOrReplaceReadGroups	Processed    41,000,000 records.  Elapsed time: 00:16:53s.  Time for last 1,000,000:   24s.  Last read position: Supercontig_1.3:2,370
INFO	2017-12-18 23:57:45	AddOrReplaceReadGroups	Processed    42,000,000 records.  Elapsed time: 00:17:17s.  Time for last 1,000,000:   23s.  Last read position: Supercontig_1.3:11,422
INFO	2017-12-18 23:58:07	AddOrReplaceReadGroups	Processed    43,000,000 records.  Elapsed time: 00:17:40s.  Time for last 1,000,000:   22s.  Last read position: Supercontig_1.1:545,519
INFO	2017-12-18 23:58:30	AddOrReplaceReadGroups	Processed    44,000,000 records.  Elapsed time: 00:18:03s.  Time for last 1,000,000:   23s.  Last read position: Supercontig_1.3:1,867,422
INFO	2017-12-18 23:58:53	AddOrReplaceReadGroups	Processed    45,000,000 records.  Elapsed time: 00:18:25s.  Time for last 1,000,000:   22s.  Last read position: */*
INFO	2017-12-18 23:59:17	AddOrReplaceReadGroups	Processed    46,000,000 records.  Elapsed time: 00:18:50s.  Time for last 1,000,000:   24s.  Last read position: Supercontig_1.2:598,118
INFO	2017-12-18 23:59:41	AddOrReplaceReadGroups	Processed    47,000,000 records.  Elapsed time: 00:19:13s.  Time for last 1,000,000:   23s.  Last read position: Supercontig_1.1:905,683
INFO	2017-12-19 00:00:04	AddOrReplaceReadGroups	Processed    48,000,000 records.  Elapsed time: 00:19:36s.  Time for last 1,000,000:   23s.  Last read position: Supercontig_1.3:296,794
INFO	2017-12-19 00:00:30	AddOrReplaceReadGroups	Processed    49,000,000 records.  Elapsed time: 00:20:02s.  Time for last 1,000,000:   25s.  Last read position: Supercontig_1.3:4,429
INFO	2017-12-19 00:00:55	AddOrReplaceReadGroups	Processed    50,000,000 records.  Elapsed time: 00:20:27s.  Time for last 1,000,000:   25s.  Last read position: Supercontig_1.3:2,015
INFO	2017-12-19 00:01:17	AddOrReplaceReadGroups	Processed    51,000,000 records.  Elapsed time: 00:20:50s.  Time for last 1,000,000:   22s.  Last read position: Supercontig_1.1:1,192,305
INFO	2017-12-19 00:01:40	AddOrReplaceReadGroups	Processed    52,000,000 records.  Elapsed time: 00:21:12s.  Time for last 1,000,000:   22s.  Last read position: Supercontig_1.6:73,442
INFO	2017-12-19 00:02:04	AddOrReplaceReadGroups	Processed    53,000,000 records.  Elapsed time: 00:21:36s.  Time for last 1,000,000:   23s.  Last read position: */*
INFO	2017-12-19 00:02:31	AddOrReplaceReadGroups	Processed    54,000,000 records.  Elapsed time: 00:22:03s.  Time for last 1,000,000:   27s.  Last read position: Supercontig_1.3:11,925
INFO	2017-12-19 00:02:53	AddOrReplaceReadGroups	Processed    55,000,000 records.  Elapsed time: 00:22:25s.  Time for last 1,000,000:   22s.  Last read position: Supercontig_1.4:622,452
INFO	2017-12-19 00:03:19	AddOrReplaceReadGroups	Processed    56,000,000 records.  Elapsed time: 00:22:52s.  Time for last 1,000,000:   26s.  Last read position: Supercontig_1.3:3,077
INFO	2017-12-19 00:03:43	AddOrReplaceReadGroups	Processed    57,000,000 records.  Elapsed time: 00:23:16s.  Time for last 1,000,000:   24s.  Last read position: Supercontig_1.4:78,415
INFO	2017-12-19 00:04:06	AddOrReplaceReadGroups	Processed    58,000,000 records.  Elapsed time: 00:23:38s.  Time for last 1,000,000:   22s.  Last read position: Supercontig_1.3:947,245
INFO	2017-12-19 00:04:33	AddOrReplaceReadGroups	Processed    59,000,000 records.  Elapsed time: 00:24:05s.  Time for last 1,000,000:   26s.  Last read position: Supercontig_1.8:388,865
INFO	2017-12-19 00:04:56	AddOrReplaceReadGroups	Processed    60,000,000 records.  Elapsed time: 00:24:28s.  Time for last 1,000,000:   23s.  Last read position: Supercontig_1.3:2,531
INFO	2017-12-19 00:05:19	AddOrReplaceReadGroups	Processed    61,000,000 records.  Elapsed time: 00:24:51s.  Time for last 1,000,000:   22s.  Last read position: Supercontig_1.8:741,373
[Tue Dec 19 00:15:37 PST 2017] picard.sam.AddOrReplaceReadGroups done. Elapsed time: 35.18 minutes.
Runtime.totalMemory()=4914675712
