DHED5-38369598 L4C 1
aln/L4C.r1.sam aln/L4C.r1.bam
CREATE_INDEX=true VALIDATION_STRINGENCY=LENIENT TMP_DIR=/scratch/jstajich RGID=DHED5-38369598 RGSM=L4C.r1 RGPL=NextSeq RGPU=Dartmouth RGLB=DHED5-38369598
23:40:21.994 INFO  NativeLibraryLoader - Loading libgkl_compression.so from jar:file:/bigdata/bioinfo/pkgadmin/opt/linux/centos/7.x/x86_64/pkgs/picard/2.14.1/lib/picard.jar!/com/intel/gkl/native/libgkl_compression.so
[Mon Dec 18 23:40:22 PST 2017] AddOrReplaceReadGroups INPUT=aln/L4C.r1.sam OUTPUT=aln/L4C.r1.bam SORT_ORDER=coordinate RGID=DHED5-38369598 RGLB=DHED5-38369598 RGPL=NextSeq RGPU=Dartmouth RGSM=L4C.r1 TMP_DIR=[/scratch/jstajich] VALIDATION_STRINGENCY=LENIENT CREATE_INDEX=true    VERBOSITY=INFO QUIET=false COMPRESSION_LEVEL=5 MAX_RECORDS_IN_RAM=500000 CREATE_MD5_FILE=false GA4GH_CLIENT_SECRETS=client_secrets.json USE_JDK_DEFLATER=false USE_JDK_INFLATER=false
[Mon Dec 18 23:40:22 PST 2017] Executing as jstajich@i25 on Linux 3.10.0-229.1.2.el7.x86_64 amd64; Java HotSpot(TM) 64-Bit Server VM 1.8.0_45-b14; Deflater: Intel; Inflater: Intel; Picard version: 2.14.1-SNAPSHOT
Ignoring SAM validation error: ERROR: Error parsing SAM header. @RG line missing SM tag. Line:
@RG	ID:DHED5-38369598
INFO	2017-12-18 23:40:22	AddOrReplaceReadGroups	Created read group ID=DHED5-38369598 PL=NextSeq LB=DHED5-38369598 SM=L4C.r1

INFO	2017-12-18 23:40:37	AddOrReplaceReadGroups	Processed     1,000,000 records.  Elapsed time: 00:00:15s.  Time for last 1,000,000:   15s.  Last read position: Supercontig_1.2:822,183
INFO	2017-12-18 23:40:51	AddOrReplaceReadGroups	Processed     2,000,000 records.  Elapsed time: 00:00:29s.  Time for last 1,000,000:   14s.  Last read position: Supercontig_1.1:2,266,828
INFO	2017-12-18 23:41:06	AddOrReplaceReadGroups	Processed     3,000,000 records.  Elapsed time: 00:00:44s.  Time for last 1,000,000:   15s.  Last read position: Supercontig_1.5:1,288,479
INFO	2017-12-18 23:41:20	AddOrReplaceReadGroups	Processed     4,000,000 records.  Elapsed time: 00:00:58s.  Time for last 1,000,000:   13s.  Last read position: Supercontig_1.1:1,363,485
INFO	2017-12-18 23:41:34	AddOrReplaceReadGroups	Processed     5,000,000 records.  Elapsed time: 00:01:12s.  Time for last 1,000,000:   14s.  Last read position: Supercontig_1.3:1,536,065
INFO	2017-12-18 23:41:49	AddOrReplaceReadGroups	Processed     6,000,000 records.  Elapsed time: 00:01:27s.  Time for last 1,000,000:   14s.  Last read position: Supercontig_1.1:717,599
INFO	2017-12-18 23:42:04	AddOrReplaceReadGroups	Processed     7,000,000 records.  Elapsed time: 00:01:42s.  Time for last 1,000,000:   15s.  Last read position: Supercontig_1.2:1,217,933
INFO	2017-12-18 23:42:19	AddOrReplaceReadGroups	Processed     8,000,000 records.  Elapsed time: 00:01:57s.  Time for last 1,000,000:   14s.  Last read position: Supercontig_1.1:1,106,824
INFO	2017-12-18 23:42:36	AddOrReplaceReadGroups	Processed     9,000,000 records.  Elapsed time: 00:02:13s.  Time for last 1,000,000:   16s.  Last read position: Supercontig_1.3:1,067,541
INFO	2017-12-18 23:42:52	AddOrReplaceReadGroups	Processed    10,000,000 records.  Elapsed time: 00:02:30s.  Time for last 1,000,000:   16s.  Last read position: Supercontig_1.3:1,355,725
INFO	2017-12-18 23:43:08	AddOrReplaceReadGroups	Processed    11,000,000 records.  Elapsed time: 00:02:46s.  Time for last 1,000,000:   15s.  Last read position: Supercontig_1.3:1,039,733
INFO	2017-12-18 23:43:21	AddOrReplaceReadGroups	Processed    12,000,000 records.  Elapsed time: 00:02:59s.  Time for last 1,000,000:   13s.  Last read position: Supercontig_1.1:350,614
INFO	2017-12-18 23:43:35	AddOrReplaceReadGroups	Processed    13,000,000 records.  Elapsed time: 00:03:13s.  Time for last 1,000,000:   14s.  Last read position: Supercontig_1.3:1,366,812
INFO	2017-12-18 23:43:49	AddOrReplaceReadGroups	Processed    14,000,000 records.  Elapsed time: 00:03:27s.  Time for last 1,000,000:   13s.  Last read position: Supercontig_1.2:937,281
INFO	2017-12-18 23:44:05	AddOrReplaceReadGroups	Processed    15,000,000 records.  Elapsed time: 00:03:42s.  Time for last 1,000,000:   15s.  Last read position: Supercontig_1.3:862,493
INFO	2017-12-18 23:44:19	AddOrReplaceReadGroups	Processed    16,000,000 records.  Elapsed time: 00:03:57s.  Time for last 1,000,000:   14s.  Last read position: Supercontig_1.8:426,635
INFO	2017-12-18 23:44:34	AddOrReplaceReadGroups	Processed    17,000,000 records.  Elapsed time: 00:04:12s.  Time for last 1,000,000:   15s.  Last read position: Supercontig_1.5:96,145
INFO	2017-12-18 23:44:50	AddOrReplaceReadGroups	Processed    18,000,000 records.  Elapsed time: 00:04:28s.  Time for last 1,000,000:   15s.  Last read position: Supercontig_1.3:88,187
INFO	2017-12-18 23:45:06	AddOrReplaceReadGroups	Processed    19,000,000 records.  Elapsed time: 00:04:44s.  Time for last 1,000,000:   15s.  Last read position: Supercontig_1.5:1,047,488
INFO	2017-12-18 23:45:22	AddOrReplaceReadGroups	Processed    20,000,000 records.  Elapsed time: 00:05:00s.  Time for last 1,000,000:   15s.  Last read position: Supercontig_1.3:785,369
INFO	2017-12-18 23:45:33	AddOrReplaceReadGroups	Processed    21,000,000 records.  Elapsed time: 00:05:11s.  Time for last 1,000,000:   11s.  Last read position: Supercontig_1.1:764,923
INFO	2017-12-18 23:45:44	AddOrReplaceReadGroups	Processed    22,000,000 records.  Elapsed time: 00:05:22s.  Time for last 1,000,000:   10s.  Last read position: Supercontig_1.6:458,956
INFO	2017-12-18 23:45:57	AddOrReplaceReadGroups	Processed    23,000,000 records.  Elapsed time: 00:05:35s.  Time for last 1,000,000:   13s.  Last read position: Supercontig_1.4:982,227
INFO	2017-12-18 23:46:10	AddOrReplaceReadGroups	Processed    24,000,000 records.  Elapsed time: 00:05:48s.  Time for last 1,000,000:   12s.  Last read position: Supercontig_1.2:1,218,460
INFO	2017-12-18 23:46:25	AddOrReplaceReadGroups	Processed    25,000,000 records.  Elapsed time: 00:06:03s.  Time for last 1,000,000:   15s.  Last read position: Supercontig_1.6:658,062
INFO	2017-12-18 23:46:38	AddOrReplaceReadGroups	Processed    26,000,000 records.  Elapsed time: 00:06:16s.  Time for last 1,000,000:   12s.  Last read position: Supercontig_1.4:431,952
INFO	2017-12-18 23:46:52	AddOrReplaceReadGroups	Processed    27,000,000 records.  Elapsed time: 00:06:30s.  Time for last 1,000,000:   13s.  Last read position: Supercontig_1.5:1,156,421
INFO	2017-12-18 23:47:04	AddOrReplaceReadGroups	Processed    28,000,000 records.  Elapsed time: 00:06:41s.  Time for last 1,000,000:   11s.  Last read position: */*
INFO	2017-12-18 23:47:16	AddOrReplaceReadGroups	Processed    29,000,000 records.  Elapsed time: 00:06:53s.  Time for last 1,000,000:   11s.  Last read position: Supercontig_1.5:1,139,100
INFO	2017-12-18 23:47:30	AddOrReplaceReadGroups	Processed    30,000,000 records.  Elapsed time: 00:07:08s.  Time for last 1,000,000:   14s.  Last read position: Supercontig_1.1:905,950
INFO	2017-12-18 23:47:41	AddOrReplaceReadGroups	Processed    31,000,000 records.  Elapsed time: 00:07:19s.  Time for last 1,000,000:   10s.  Last read position: Supercontig_1.2:2,075,210
INFO	2017-12-18 23:47:54	AddOrReplaceReadGroups	Processed    32,000,000 records.  Elapsed time: 00:07:32s.  Time for last 1,000,000:   13s.  Last read position: Supercontig_1.2:2,041,786
INFO	2017-12-18 23:48:07	AddOrReplaceReadGroups	Processed    33,000,000 records.  Elapsed time: 00:07:44s.  Time for last 1,000,000:   12s.  Last read position: Supercontig_1.2:808,917
INFO	2017-12-18 23:48:19	AddOrReplaceReadGroups	Processed    34,000,000 records.  Elapsed time: 00:07:57s.  Time for last 1,000,000:   12s.  Last read position: Supercontig_1.4:539,063
INFO	2017-12-18 23:48:30	AddOrReplaceReadGroups	Processed    35,000,000 records.  Elapsed time: 00:08:07s.  Time for last 1,000,000:   10s.  Last read position: Supercontig_1.1:176,710
INFO	2017-12-18 23:48:40	AddOrReplaceReadGroups	Processed    36,000,000 records.  Elapsed time: 00:08:17s.  Time for last 1,000,000:   10s.  Last read position: Supercontig_1.1:353,508
INFO	2017-12-18 23:48:49	AddOrReplaceReadGroups	Processed    37,000,000 records.  Elapsed time: 00:08:27s.  Time for last 1,000,000:    9s.  Last read position: Supercontig_1.1:1,331,475
INFO	2017-12-18 23:49:02	AddOrReplaceReadGroups	Processed    38,000,000 records.  Elapsed time: 00:08:40s.  Time for last 1,000,000:   13s.  Last read position: Supercontig_1.3:782,693
INFO	2017-12-18 23:49:18	AddOrReplaceReadGroups	Processed    39,000,000 records.  Elapsed time: 00:08:56s.  Time for last 1,000,000:   15s.  Last read position: Supercontig_1.1:2,197,480
INFO	2017-12-18 23:49:32	AddOrReplaceReadGroups	Processed    40,000,000 records.  Elapsed time: 00:09:10s.  Time for last 1,000,000:   14s.  Last read position: Supercontig_1.2:2,053,866
INFO	2017-12-18 23:49:45	AddOrReplaceReadGroups	Processed    41,000,000 records.  Elapsed time: 00:09:23s.  Time for last 1,000,000:   12s.  Last read position: Supercontig_1.4:476,915
INFO	2017-12-18 23:49:59	AddOrReplaceReadGroups	Processed    42,000,000 records.  Elapsed time: 00:09:36s.  Time for last 1,000,000:   13s.  Last read position: Supercontig_1.5:619,139
INFO	2017-12-18 23:50:12	AddOrReplaceReadGroups	Processed    43,000,000 records.  Elapsed time: 00:09:50s.  Time for last 1,000,000:   13s.  Last read position: Supercontig_1.2:587,758
INFO	2017-12-18 23:50:23	AddOrReplaceReadGroups	Processed    44,000,000 records.  Elapsed time: 00:10:00s.  Time for last 1,000,000:   10s.  Last read position: Supercontig_1.4:1,485,671
INFO	2017-12-18 23:50:34	AddOrReplaceReadGroups	Processed    45,000,000 records.  Elapsed time: 00:10:12s.  Time for last 1,000,000:   11s.  Last read position: Supercontig_1.2:1,645,650
INFO	2017-12-18 23:50:45	AddOrReplaceReadGroups	Processed    46,000,000 records.  Elapsed time: 00:10:23s.  Time for last 1,000,000:   10s.  Last read position: Supercontig_1.1:1,527,320
INFO	2017-12-18 23:50:59	AddOrReplaceReadGroups	Processed    47,000,000 records.  Elapsed time: 00:10:37s.  Time for last 1,000,000:   13s.  Last read position: Supercontig_1.2:1,239,846
INFO	2017-12-18 23:51:11	AddOrReplaceReadGroups	Processed    48,000,000 records.  Elapsed time: 00:10:49s.  Time for last 1,000,000:   12s.  Last read position: Supercontig_1.2:1,788,813
INFO	2017-12-18 23:51:26	AddOrReplaceReadGroups	Processed    49,000,000 records.  Elapsed time: 00:11:04s.  Time for last 1,000,000:   15s.  Last read position: */*
INFO	2017-12-18 23:51:37	AddOrReplaceReadGroups	Processed    50,000,000 records.  Elapsed time: 00:11:15s.  Time for last 1,000,000:   11s.  Last read position: Supercontig_1.8:743,774
INFO	2017-12-18 23:51:47	AddOrReplaceReadGroups	Processed    51,000,000 records.  Elapsed time: 00:11:25s.  Time for last 1,000,000:   10s.  Last read position: Supercontig_1.4:760,297
INFO	2017-12-18 23:51:59	AddOrReplaceReadGroups	Processed    52,000,000 records.  Elapsed time: 00:11:37s.  Time for last 1,000,000:   12s.  Last read position: Supercontig_1.5:267,073
INFO	2017-12-18 23:52:11	AddOrReplaceReadGroups	Processed    53,000,000 records.  Elapsed time: 00:11:49s.  Time for last 1,000,000:   11s.  Last read position: Supercontig_1.7:289,384
INFO	2017-12-18 23:52:24	AddOrReplaceReadGroups	Processed    54,000,000 records.  Elapsed time: 00:12:02s.  Time for last 1,000,000:   12s.  Last read position: Supercontig_1.2:708,716
INFO	2017-12-18 23:52:36	AddOrReplaceReadGroups	Processed    55,000,000 records.  Elapsed time: 00:12:14s.  Time for last 1,000,000:   12s.  Last read position: Supercontig_1.4:1,202,039
INFO	2017-12-18 23:52:49	AddOrReplaceReadGroups	Processed    56,000,000 records.  Elapsed time: 00:12:26s.  Time for last 1,000,000:   12s.  Last read position: */*
INFO	2017-12-18 23:53:01	AddOrReplaceReadGroups	Processed    57,000,000 records.  Elapsed time: 00:12:39s.  Time for last 1,000,000:   12s.  Last read position: Supercontig_1.1:4,149
INFO	2017-12-18 23:53:14	AddOrReplaceReadGroups	Processed    58,000,000 records.  Elapsed time: 00:12:52s.  Time for last 1,000,000:   13s.  Last read position: Supercontig_1.3:1,736,870
INFO	2017-12-18 23:53:26	AddOrReplaceReadGroups	Processed    59,000,000 records.  Elapsed time: 00:13:04s.  Time for last 1,000,000:   12s.  Last read position: Supercontig_1.4:891,213
INFO	2017-12-18 23:53:42	AddOrReplaceReadGroups	Processed    60,000,000 records.  Elapsed time: 00:13:19s.  Time for last 1,000,000:   15s.  Last read position: Supercontig_1.3:1,634,419
INFO	2017-12-18 23:53:56	AddOrReplaceReadGroups	Processed    61,000,000 records.  Elapsed time: 00:13:34s.  Time for last 1,000,000:   14s.  Last read position: Supercontig_1.5:519,940
INFO	2017-12-18 23:54:07	AddOrReplaceReadGroups	Processed    62,000,000 records.  Elapsed time: 00:13:45s.  Time for last 1,000,000:   10s.  Last read position: Supercontig_1.3:468,861
INFO	2017-12-18 23:54:20	AddOrReplaceReadGroups	Processed    63,000,000 records.  Elapsed time: 00:13:58s.  Time for last 1,000,000:   13s.  Last read position: Supercontig_1.4:1,353,752
INFO	2017-12-18 23:54:33	AddOrReplaceReadGroups	Processed    64,000,000 records.  Elapsed time: 00:14:11s.  Time for last 1,000,000:   12s.  Last read position: Supercontig_1.5:634,608
INFO	2017-12-18 23:54:44	AddOrReplaceReadGroups	Processed    65,000,000 records.  Elapsed time: 00:14:22s.  Time for last 1,000,000:   11s.  Last read position: Supercontig_1.4:399,694
INFO	2017-12-18 23:54:55	AddOrReplaceReadGroups	Processed    66,000,000 records.  Elapsed time: 00:14:33s.  Time for last 1,000,000:   10s.  Last read position: Supercontig_1.5:340,551
[Tue Dec 19 00:01:21 PST 2017] picard.sam.AddOrReplaceReadGroups done. Elapsed time: 20.99 minutes.
Runtime.totalMemory()=4842323968
