DHED7-38369599 L4C 2
aln/L4C.r2.sam aln/L4C.r2.bam
CREATE_INDEX=true VALIDATION_STRINGENCY=LENIENT TMP_DIR=/scratch/jstajich RGID=DHED7-38369599 RGSM=L4C.r2 RGPL=NextSeq RGPU=Dartmouth RGLB=DHED7-38369599
23:40:22.006 INFO  NativeLibraryLoader - Loading libgkl_compression.so from jar:file:/bigdata/bioinfo/pkgadmin/opt/linux/centos/7.x/x86_64/pkgs/picard/2.14.1/lib/picard.jar!/com/intel/gkl/native/libgkl_compression.so
[Mon Dec 18 23:40:22 PST 2017] AddOrReplaceReadGroups INPUT=aln/L4C.r2.sam OUTPUT=aln/L4C.r2.bam SORT_ORDER=coordinate RGID=DHED7-38369599 RGLB=DHED7-38369599 RGPL=NextSeq RGPU=Dartmouth RGSM=L4C.r2 TMP_DIR=[/scratch/jstajich] VALIDATION_STRINGENCY=LENIENT CREATE_INDEX=true    VERBOSITY=INFO QUIET=false COMPRESSION_LEVEL=5 MAX_RECORDS_IN_RAM=500000 CREATE_MD5_FILE=false GA4GH_CLIENT_SECRETS=client_secrets.json USE_JDK_DEFLATER=false USE_JDK_INFLATER=false
[Mon Dec 18 23:40:22 PST 2017] Executing as jstajich@i25 on Linux 3.10.0-229.1.2.el7.x86_64 amd64; Java HotSpot(TM) 64-Bit Server VM 1.8.0_45-b14; Deflater: Intel; Inflater: Intel; Picard version: 2.14.1-SNAPSHOT
Ignoring SAM validation error: ERROR: Error parsing SAM header. @RG line missing SM tag. Line:
@RG	ID:DHED7-38369599
INFO	2017-12-18 23:40:22	AddOrReplaceReadGroups	Created read group ID=DHED7-38369599 PL=NextSeq LB=DHED7-38369599 SM=L4C.r2

INFO	2017-12-18 23:40:36	AddOrReplaceReadGroups	Processed     1,000,000 records.  Elapsed time: 00:00:14s.  Time for last 1,000,000:   14s.  Last read position: Supercontig_1.5:1,127,674
INFO	2017-12-18 23:40:50	AddOrReplaceReadGroups	Processed     2,000,000 records.  Elapsed time: 00:00:27s.  Time for last 1,000,000:   13s.  Last read position: */*
INFO	2017-12-18 23:41:04	AddOrReplaceReadGroups	Processed     3,000,000 records.  Elapsed time: 00:00:42s.  Time for last 1,000,000:   14s.  Last read position: Supercontig_1.5:1,317,949
INFO	2017-12-18 23:41:18	AddOrReplaceReadGroups	Processed     4,000,000 records.  Elapsed time: 00:00:56s.  Time for last 1,000,000:   13s.  Last read position: Supercontig_1.2:1,410,622
INFO	2017-12-18 23:41:35	AddOrReplaceReadGroups	Processed     5,000,000 records.  Elapsed time: 00:01:13s.  Time for last 1,000,000:   17s.  Last read position: Supercontig_1.1:831,374
INFO	2017-12-18 23:41:50	AddOrReplaceReadGroups	Processed     6,000,000 records.  Elapsed time: 00:01:28s.  Time for last 1,000,000:   15s.  Last read position: Supercontig_1.5:985,607
INFO	2017-12-18 23:42:06	AddOrReplaceReadGroups	Processed     7,000,000 records.  Elapsed time: 00:01:43s.  Time for last 1,000,000:   15s.  Last read position: Supercontig_1.7:84,982
INFO	2017-12-18 23:42:21	AddOrReplaceReadGroups	Processed     8,000,000 records.  Elapsed time: 00:01:59s.  Time for last 1,000,000:   15s.  Last read position: Supercontig_1.4:130,324
INFO	2017-12-18 23:42:35	AddOrReplaceReadGroups	Processed     9,000,000 records.  Elapsed time: 00:02:13s.  Time for last 1,000,000:   13s.  Last read position: Supercontig_1.7:546,197
INFO	2017-12-18 23:42:49	AddOrReplaceReadGroups	Processed    10,000,000 records.  Elapsed time: 00:02:27s.  Time for last 1,000,000:   13s.  Last read position: Supercontig_1.2:755,765
INFO	2017-12-18 23:43:04	AddOrReplaceReadGroups	Processed    11,000,000 records.  Elapsed time: 00:02:42s.  Time for last 1,000,000:   15s.  Last read position: Supercontig_1.3:951,847
INFO	2017-12-18 23:43:16	AddOrReplaceReadGroups	Processed    12,000,000 records.  Elapsed time: 00:02:54s.  Time for last 1,000,000:   12s.  Last read position: Supercontig_1.1:880,355
INFO	2017-12-18 23:43:32	AddOrReplaceReadGroups	Processed    13,000,000 records.  Elapsed time: 00:03:09s.  Time for last 1,000,000:   15s.  Last read position: Supercontig_1.6:674,767
INFO	2017-12-18 23:43:47	AddOrReplaceReadGroups	Processed    14,000,000 records.  Elapsed time: 00:03:24s.  Time for last 1,000,000:   14s.  Last read position: Supercontig_1.2:1,912,796
INFO	2017-12-18 23:44:04	AddOrReplaceReadGroups	Processed    15,000,000 records.  Elapsed time: 00:03:42s.  Time for last 1,000,000:   17s.  Last read position: Supercontig_1.3:151,011
INFO	2017-12-18 23:44:20	AddOrReplaceReadGroups	Processed    16,000,000 records.  Elapsed time: 00:03:58s.  Time for last 1,000,000:   15s.  Last read position: Supercontig_1.1:1,096,715
INFO	2017-12-18 23:44:36	AddOrReplaceReadGroups	Processed    17,000,000 records.  Elapsed time: 00:04:14s.  Time for last 1,000,000:   16s.  Last read position: Supercontig_1.3:709,179
INFO	2017-12-18 23:44:53	AddOrReplaceReadGroups	Processed    18,000,000 records.  Elapsed time: 00:04:30s.  Time for last 1,000,000:   16s.  Last read position: Supercontig_1.4:484,806
INFO	2017-12-18 23:45:08	AddOrReplaceReadGroups	Processed    19,000,000 records.  Elapsed time: 00:04:46s.  Time for last 1,000,000:   15s.  Last read position: Supercontig_1.5:754,885
INFO	2017-12-18 23:45:22	AddOrReplaceReadGroups	Processed    20,000,000 records.  Elapsed time: 00:05:00s.  Time for last 1,000,000:   13s.  Last read position: Supercontig_1.1:1,223,244
INFO	2017-12-18 23:45:37	AddOrReplaceReadGroups	Processed    21,000,000 records.  Elapsed time: 00:05:15s.  Time for last 1,000,000:   14s.  Last read position: Supercontig_1.3:255,899
INFO	2017-12-18 23:45:49	AddOrReplaceReadGroups	Processed    22,000,000 records.  Elapsed time: 00:05:27s.  Time for last 1,000,000:   12s.  Last read position: Supercontig_1.6:540,580
INFO	2017-12-18 23:45:59	AddOrReplaceReadGroups	Processed    23,000,000 records.  Elapsed time: 00:05:37s.  Time for last 1,000,000:   10s.  Last read position: Supercontig_1.2:264,459
INFO	2017-12-18 23:46:11	AddOrReplaceReadGroups	Processed    24,000,000 records.  Elapsed time: 00:05:49s.  Time for last 1,000,000:   12s.  Last read position: Supercontig_1.1:2,174,612
INFO	2017-12-18 23:46:26	AddOrReplaceReadGroups	Processed    25,000,000 records.  Elapsed time: 00:06:04s.  Time for last 1,000,000:   14s.  Last read position: Supercontig_1.1:2,315,226
INFO	2017-12-18 23:46:41	AddOrReplaceReadGroups	Processed    26,000,000 records.  Elapsed time: 00:06:19s.  Time for last 1,000,000:   14s.  Last read position: Supercontig_1.3:521,765
INFO	2017-12-18 23:46:51	AddOrReplaceReadGroups	Processed    27,000,000 records.  Elapsed time: 00:06:29s.  Time for last 1,000,000:   10s.  Last read position: Supercontig_1.5:634,126
INFO	2017-12-18 23:47:07	AddOrReplaceReadGroups	Processed    28,000,000 records.  Elapsed time: 00:06:44s.  Time for last 1,000,000:   15s.  Last read position: Supercontig_1.1:188,252
INFO	2017-12-18 23:47:20	AddOrReplaceReadGroups	Processed    29,000,000 records.  Elapsed time: 00:06:57s.  Time for last 1,000,000:   13s.  Last read position: */*
INFO	2017-12-18 23:47:34	AddOrReplaceReadGroups	Processed    30,000,000 records.  Elapsed time: 00:07:11s.  Time for last 1,000,000:   14s.  Last read position: Supercontig_1.2:1,218,460
INFO	2017-12-18 23:47:45	AddOrReplaceReadGroups	Processed    31,000,000 records.  Elapsed time: 00:07:23s.  Time for last 1,000,000:   11s.  Last read position: Supercontig_1.2:1,459,899
INFO	2017-12-18 23:48:00	AddOrReplaceReadGroups	Processed    32,000,000 records.  Elapsed time: 00:07:38s.  Time for last 1,000,000:   15s.  Last read position: */*
INFO	2017-12-18 23:48:14	AddOrReplaceReadGroups	Processed    33,000,000 records.  Elapsed time: 00:07:52s.  Time for last 1,000,000:   14s.  Last read position: Supercontig_1.3:147,647
INFO	2017-12-18 23:48:26	AddOrReplaceReadGroups	Processed    34,000,000 records.  Elapsed time: 00:08:04s.  Time for last 1,000,000:   12s.  Last read position: Supercontig_1.2:1,461,900
INFO	2017-12-18 23:48:38	AddOrReplaceReadGroups	Processed    35,000,000 records.  Elapsed time: 00:08:16s.  Time for last 1,000,000:   11s.  Last read position: Supercontig_1.5:1,261,796
INFO	2017-12-18 23:48:50	AddOrReplaceReadGroups	Processed    36,000,000 records.  Elapsed time: 00:08:28s.  Time for last 1,000,000:   11s.  Last read position: Supercontig_1.2:1,963,994
INFO	2017-12-18 23:49:02	AddOrReplaceReadGroups	Processed    37,000,000 records.  Elapsed time: 00:08:40s.  Time for last 1,000,000:   12s.  Last read position: Supercontig_1.2:122,340
INFO	2017-12-18 23:49:15	AddOrReplaceReadGroups	Processed    38,000,000 records.  Elapsed time: 00:08:53s.  Time for last 1,000,000:   12s.  Last read position: Supercontig_1.8:491,725
INFO	2017-12-18 23:49:27	AddOrReplaceReadGroups	Processed    39,000,000 records.  Elapsed time: 00:09:05s.  Time for last 1,000,000:   11s.  Last read position: Supercontig_1.3:671,132
INFO	2017-12-18 23:49:38	AddOrReplaceReadGroups	Processed    40,000,000 records.  Elapsed time: 00:09:16s.  Time for last 1,000,000:   11s.  Last read position: Supercontig_1.1:201,686
INFO	2017-12-18 23:49:50	AddOrReplaceReadGroups	Processed    41,000,000 records.  Elapsed time: 00:09:28s.  Time for last 1,000,000:   11s.  Last read position: Supercontig_1.2:898,794
INFO	2017-12-18 23:50:00	AddOrReplaceReadGroups	Processed    42,000,000 records.  Elapsed time: 00:09:38s.  Time for last 1,000,000:   10s.  Last read position: */*
INFO	2017-12-18 23:50:17	AddOrReplaceReadGroups	Processed    43,000,000 records.  Elapsed time: 00:09:55s.  Time for last 1,000,000:   16s.  Last read position: Supercontig_1.3:1,867,452
INFO	2017-12-18 23:50:31	AddOrReplaceReadGroups	Processed    44,000,000 records.  Elapsed time: 00:10:09s.  Time for last 1,000,000:   14s.  Last read position: Supercontig_1.1:377,387
INFO	2017-12-18 23:50:46	AddOrReplaceReadGroups	Processed    45,000,000 records.  Elapsed time: 00:10:24s.  Time for last 1,000,000:   15s.  Last read position: Supercontig_1.5:634,071
INFO	2017-12-18 23:50:59	AddOrReplaceReadGroups	Processed    46,000,000 records.  Elapsed time: 00:10:37s.  Time for last 1,000,000:   13s.  Last read position: Supercontig_1.8:539,625
INFO	2017-12-18 23:51:12	AddOrReplaceReadGroups	Processed    47,000,000 records.  Elapsed time: 00:10:50s.  Time for last 1,000,000:   12s.  Last read position: Supercontig_1.4:1,201,967
INFO	2017-12-18 23:51:26	AddOrReplaceReadGroups	Processed    48,000,000 records.  Elapsed time: 00:11:03s.  Time for last 1,000,000:   13s.  Last read position: Supercontig_1.3:302,463
INFO	2017-12-18 23:51:38	AddOrReplaceReadGroups	Processed    49,000,000 records.  Elapsed time: 00:11:16s.  Time for last 1,000,000:   12s.  Last read position: Supercontig_1.4:484,408
INFO	2017-12-18 23:51:53	AddOrReplaceReadGroups	Processed    50,000,000 records.  Elapsed time: 00:11:31s.  Time for last 1,000,000:   15s.  Last read position: Supercontig_1.1:1,771,314
INFO	2017-12-18 23:52:05	AddOrReplaceReadGroups	Processed    51,000,000 records.  Elapsed time: 00:11:42s.  Time for last 1,000,000:   11s.  Last read position: Supercontig_1.3:345,605
INFO	2017-12-18 23:52:17	AddOrReplaceReadGroups	Processed    52,000,000 records.  Elapsed time: 00:11:55s.  Time for last 1,000,000:   12s.  Last read position: Supercontig_1.2:1,560,212
INFO	2017-12-18 23:52:28	AddOrReplaceReadGroups	Processed    53,000,000 records.  Elapsed time: 00:12:06s.  Time for last 1,000,000:   11s.  Last read position: Supercontig_1.2:122,624
INFO	2017-12-18 23:52:42	AddOrReplaceReadGroups	Processed    54,000,000 records.  Elapsed time: 00:12:20s.  Time for last 1,000,000:   14s.  Last read position: Supercontig_1.4:536,938
INFO	2017-12-18 23:52:55	AddOrReplaceReadGroups	Processed    55,000,000 records.  Elapsed time: 00:12:33s.  Time for last 1,000,000:   12s.  Last read position: Supercontig_1.5:694,635
INFO	2017-12-18 23:53:09	AddOrReplaceReadGroups	Processed    56,000,000 records.  Elapsed time: 00:12:47s.  Time for last 1,000,000:   14s.  Last read position: Supercontig_1.4:760,087
INFO	2017-12-18 23:53:22	AddOrReplaceReadGroups	Processed    57,000,000 records.  Elapsed time: 00:13:00s.  Time for last 1,000,000:   12s.  Last read position: Supercontig_1.2:1,076,386
INFO	2017-12-18 23:53:36	AddOrReplaceReadGroups	Processed    58,000,000 records.  Elapsed time: 00:13:13s.  Time for last 1,000,000:   13s.  Last read position: Supercontig_1.1:976,845
INFO	2017-12-18 23:53:47	AddOrReplaceReadGroups	Processed    59,000,000 records.  Elapsed time: 00:13:24s.  Time for last 1,000,000:   11s.  Last read position: Supercontig_1.2:2,069,307
INFO	2017-12-18 23:53:59	AddOrReplaceReadGroups	Processed    60,000,000 records.  Elapsed time: 00:13:37s.  Time for last 1,000,000:   12s.  Last read position: Supercontig_1.1:905,758
INFO	2017-12-18 23:54:09	AddOrReplaceReadGroups	Processed    61,000,000 records.  Elapsed time: 00:13:47s.  Time for last 1,000,000:   10s.  Last read position: Supercontig_1.3:1,846,704
INFO	2017-12-18 23:54:23	AddOrReplaceReadGroups	Processed    62,000,000 records.  Elapsed time: 00:14:01s.  Time for last 1,000,000:   13s.  Last read position: Supercontig_1.2:392,258
INFO	2017-12-18 23:54:37	AddOrReplaceReadGroups	Processed    63,000,000 records.  Elapsed time: 00:14:15s.  Time for last 1,000,000:   13s.  Last read position: Supercontig_1.3:1,705,257
INFO	2017-12-18 23:54:49	AddOrReplaceReadGroups	Processed    64,000,000 records.  Elapsed time: 00:14:27s.  Time for last 1,000,000:   11s.  Last read position: Supercontig_1.7:52,416
INFO	2017-12-18 23:55:01	AddOrReplaceReadGroups	Processed    65,000,000 records.  Elapsed time: 00:14:38s.  Time for last 1,000,000:   11s.  Last read position: Supercontig_1.2:1,071,681
INFO	2017-12-18 23:55:12	AddOrReplaceReadGroups	Processed    66,000,000 records.  Elapsed time: 00:14:50s.  Time for last 1,000,000:   11s.  Last read position: Supercontig_1.3:1,867,807
INFO	2017-12-18 23:55:22	AddOrReplaceReadGroups	Processed    67,000,000 records.  Elapsed time: 00:15:00s.  Time for last 1,000,000:   10s.  Last read position: Supercontig_1.3:1,662,067
INFO	2017-12-18 23:55:32	AddOrReplaceReadGroups	Processed    68,000,000 records.  Elapsed time: 00:15:10s.  Time for last 1,000,000:    9s.  Last read position: */*
[Tue Dec 19 00:02:44 PST 2017] picard.sam.AddOrReplaceReadGroups done. Elapsed time: 22.37 minutes.
Runtime.totalMemory()=5095555072
