DHED12-38372448 U3E_benomyl 2
aln/U3E_benomyl.r2.sam aln/U3E_benomyl.r2.bam
CREATE_INDEX=true VALIDATION_STRINGENCY=LENIENT TMP_DIR=/scratch/jstajich RGID=DHED12-38372448 RGSM=U3E_benomyl.r2 RGPL=NextSeq RGPU=Dartmouth RGLB=DHED12-38372448
23:40:23.194 INFO  NativeLibraryLoader - Loading libgkl_compression.so from jar:file:/bigdata/bioinfo/pkgadmin/opt/linux/centos/7.x/x86_64/pkgs/picard/2.14.1/lib/picard.jar!/com/intel/gkl/native/libgkl_compression.so
[Mon Dec 18 23:40:23 PST 2017] AddOrReplaceReadGroups INPUT=aln/U3E_benomyl.r2.sam OUTPUT=aln/U3E_benomyl.r2.bam SORT_ORDER=coordinate RGID=DHED12-38372448 RGLB=DHED12-38372448 RGPL=NextSeq RGPU=Dartmouth RGSM=U3E_benomyl.r2 TMP_DIR=[/scratch/jstajich] VALIDATION_STRINGENCY=LENIENT CREATE_INDEX=true    VERBOSITY=INFO QUIET=false COMPRESSION_LEVEL=5 MAX_RECORDS_IN_RAM=500000 CREATE_MD5_FILE=false GA4GH_CLIENT_SECRETS=client_secrets.json USE_JDK_DEFLATER=false USE_JDK_INFLATER=false
[Mon Dec 18 23:40:23 PST 2017] Executing as jstajich@i29 on Linux 3.10.0-229.1.2.el7.x86_64 amd64; Java HotSpot(TM) 64-Bit Server VM 1.8.0_45-b14; Deflater: Intel; Inflater: Intel; Picard version: 2.14.1-SNAPSHOT
Ignoring SAM validation error: ERROR: Error parsing SAM header. @RG line missing SM tag. Line:
@RG	ID:DHED12-38372448
INFO	2017-12-18 23:40:23	AddOrReplaceReadGroups	Created read group ID=DHED12-38372448 PL=NextSeq LB=DHED12-38372448 SM=U3E_benomyl.r2

INFO	2017-12-18 23:40:41	AddOrReplaceReadGroups	Processed     1,000,000 records.  Elapsed time: 00:00:18s.  Time for last 1,000,000:   18s.  Last read position: Supercontig_1.3:9,210
INFO	2017-12-18 23:40:58	AddOrReplaceReadGroups	Processed     2,000,000 records.  Elapsed time: 00:00:34s.  Time for last 1,000,000:   16s.  Last read position: Supercontig_1.1:761,232
INFO	2017-12-18 23:41:16	AddOrReplaceReadGroups	Processed     3,000,000 records.  Elapsed time: 00:00:53s.  Time for last 1,000,000:   18s.  Last read position: Supercontig_1.8:540,240
INFO	2017-12-18 23:41:32	AddOrReplaceReadGroups	Processed     4,000,000 records.  Elapsed time: 00:01:08s.  Time for last 1,000,000:   15s.  Last read position: Supercontig_1.3:893,152
INFO	2017-12-18 23:41:50	AddOrReplaceReadGroups	Processed     5,000,000 records.  Elapsed time: 00:01:27s.  Time for last 1,000,000:   18s.  Last read position: Supercontig_1.3:2,714
INFO	2017-12-18 23:42:07	AddOrReplaceReadGroups	Processed     6,000,000 records.  Elapsed time: 00:01:43s.  Time for last 1,000,000:   16s.  Last read position: Supercontig_1.1:2,017,202
INFO	2017-12-18 23:42:26	AddOrReplaceReadGroups	Processed     7,000,000 records.  Elapsed time: 00:02:02s.  Time for last 1,000,000:   19s.  Last read position: Supercontig_1.5:952,245
INFO	2017-12-18 23:42:42	AddOrReplaceReadGroups	Processed     8,000,000 records.  Elapsed time: 00:02:19s.  Time for last 1,000,000:   16s.  Last read position: Supercontig_1.4:78,878
INFO	2017-12-18 23:43:00	AddOrReplaceReadGroups	Processed     9,000,000 records.  Elapsed time: 00:02:36s.  Time for last 1,000,000:   17s.  Last read position: Supercontig_1.1:2,016,297
INFO	2017-12-18 23:43:18	AddOrReplaceReadGroups	Processed    10,000,000 records.  Elapsed time: 00:02:55s.  Time for last 1,000,000:   18s.  Last read position: Supercontig_1.3:457,792
INFO	2017-12-18 23:43:36	AddOrReplaceReadGroups	Processed    11,000,000 records.  Elapsed time: 00:03:13s.  Time for last 1,000,000:   17s.  Last read position: Supercontig_1.1:2,249,631
INFO	2017-12-18 23:43:52	AddOrReplaceReadGroups	Processed    12,000,000 records.  Elapsed time: 00:03:29s.  Time for last 1,000,000:   16s.  Last read position: */*
INFO	2017-12-18 23:44:10	AddOrReplaceReadGroups	Processed    13,000,000 records.  Elapsed time: 00:03:46s.  Time for last 1,000,000:   17s.  Last read position: Supercontig_1.1:1,404,506
INFO	2017-12-18 23:44:26	AddOrReplaceReadGroups	Processed    14,000,000 records.  Elapsed time: 00:04:03s.  Time for last 1,000,000:   16s.  Last read position: Supercontig_1.3:122,408
INFO	2017-12-18 23:44:46	AddOrReplaceReadGroups	Processed    15,000,000 records.  Elapsed time: 00:04:22s.  Time for last 1,000,000:   19s.  Last read position: */*
INFO	2017-12-18 23:45:02	AddOrReplaceReadGroups	Processed    16,000,000 records.  Elapsed time: 00:04:39s.  Time for last 1,000,000:   16s.  Last read position: Supercontig_1.4:484,408
INFO	2017-12-18 23:45:20	AddOrReplaceReadGroups	Processed    17,000,000 records.  Elapsed time: 00:04:57s.  Time for last 1,000,000:   17s.  Last read position: Supercontig_1.1:53,613
INFO	2017-12-18 23:45:38	AddOrReplaceReadGroups	Processed    18,000,000 records.  Elapsed time: 00:05:15s.  Time for last 1,000,000:   18s.  Last read position: Supercontig_1.8:599,885
INFO	2017-12-18 23:45:56	AddOrReplaceReadGroups	Processed    19,000,000 records.  Elapsed time: 00:05:32s.  Time for last 1,000,000:   17s.  Last read position: Supercontig_1.2:1,625,318
INFO	2017-12-18 23:46:13	AddOrReplaceReadGroups	Processed    20,000,000 records.  Elapsed time: 00:05:49s.  Time for last 1,000,000:   17s.  Last read position: Supercontig_1.7:84,715
INFO	2017-12-18 23:46:30	AddOrReplaceReadGroups	Processed    21,000,000 records.  Elapsed time: 00:06:07s.  Time for last 1,000,000:   17s.  Last read position: Supercontig_1.5:962,596
INFO	2017-12-18 23:46:50	AddOrReplaceReadGroups	Processed    22,000,000 records.  Elapsed time: 00:06:26s.  Time for last 1,000,000:   19s.  Last read position: Supercontig_1.6:602,681
INFO	2017-12-18 23:47:07	AddOrReplaceReadGroups	Processed    23,000,000 records.  Elapsed time: 00:06:44s.  Time for last 1,000,000:   17s.  Last read position: */*
INFO	2017-12-18 23:47:26	AddOrReplaceReadGroups	Processed    24,000,000 records.  Elapsed time: 00:07:03s.  Time for last 1,000,000:   19s.  Last read position: Supercontig_1.2:1,571,021
INFO	2017-12-18 23:47:44	AddOrReplaceReadGroups	Processed    25,000,000 records.  Elapsed time: 00:07:20s.  Time for last 1,000,000:   17s.  Last read position: Supercontig_1.2:664,736
INFO	2017-12-18 23:48:04	AddOrReplaceReadGroups	Processed    26,000,000 records.  Elapsed time: 00:07:40s.  Time for last 1,000,000:   19s.  Last read position: Supercontig_1.1:476,703
INFO	2017-12-18 23:48:21	AddOrReplaceReadGroups	Processed    27,000,000 records.  Elapsed time: 00:07:57s.  Time for last 1,000,000:   16s.  Last read position: Supercontig_1.2:597,954
INFO	2017-12-18 23:48:38	AddOrReplaceReadGroups	Processed    28,000,000 records.  Elapsed time: 00:08:15s.  Time for last 1,000,000:   17s.  Last read position: Supercontig_1.8:671,154
INFO	2017-12-18 23:48:57	AddOrReplaceReadGroups	Processed    29,000,000 records.  Elapsed time: 00:08:33s.  Time for last 1,000,000:   18s.  Last read position: Supercontig_1.7:52,287
INFO	2017-12-18 23:49:14	AddOrReplaceReadGroups	Processed    30,000,000 records.  Elapsed time: 00:08:50s.  Time for last 1,000,000:   16s.  Last read position: Supercontig_1.4:1,133,995
INFO	2017-12-18 23:49:29	AddOrReplaceReadGroups	Processed    31,000,000 records.  Elapsed time: 00:09:05s.  Time for last 1,000,000:   14s.  Last read position: Supercontig_1.3:122,395
INFO	2017-12-18 23:49:46	AddOrReplaceReadGroups	Processed    32,000,000 records.  Elapsed time: 00:09:22s.  Time for last 1,000,000:   17s.  Last read position: Supercontig_1.3:1,443,517
INFO	2017-12-18 23:50:02	AddOrReplaceReadGroups	Processed    33,000,000 records.  Elapsed time: 00:09:39s.  Time for last 1,000,000:   16s.  Last read position: Supercontig_1.7:25,770
INFO	2017-12-18 23:50:17	AddOrReplaceReadGroups	Processed    34,000,000 records.  Elapsed time: 00:09:53s.  Time for last 1,000,000:   14s.  Last read position: Supercontig_1.5:671,298
INFO	2017-12-18 23:50:32	AddOrReplaceReadGroups	Processed    35,000,000 records.  Elapsed time: 00:10:09s.  Time for last 1,000,000:   15s.  Last read position: Supercontig_1.4:1,447,580
INFO	2017-12-18 23:50:49	AddOrReplaceReadGroups	Processed    36,000,000 records.  Elapsed time: 00:10:25s.  Time for last 1,000,000:   16s.  Last read position: Supercontig_1.3:4,371
INFO	2017-12-18 23:51:08	AddOrReplaceReadGroups	Processed    37,000,000 records.  Elapsed time: 00:10:44s.  Time for last 1,000,000:   19s.  Last read position: Supercontig_1.1:472,979
INFO	2017-12-18 23:51:25	AddOrReplaceReadGroups	Processed    38,000,000 records.  Elapsed time: 00:11:01s.  Time for last 1,000,000:   16s.  Last read position: Supercontig_1.6:67,952
INFO	2017-12-18 23:51:42	AddOrReplaceReadGroups	Processed    39,000,000 records.  Elapsed time: 00:11:19s.  Time for last 1,000,000:   17s.  Last read position: Supercontig_1.3:663,150
INFO	2017-12-18 23:52:02	AddOrReplaceReadGroups	Processed    40,000,000 records.  Elapsed time: 00:11:39s.  Time for last 1,000,000:   20s.  Last read position: Supercontig_1.1:285,008
INFO	2017-12-18 23:52:21	AddOrReplaceReadGroups	Processed    41,000,000 records.  Elapsed time: 00:11:57s.  Time for last 1,000,000:   18s.  Last read position: Supercontig_1.3:19,200
INFO	2017-12-18 23:52:39	AddOrReplaceReadGroups	Processed    42,000,000 records.  Elapsed time: 00:12:15s.  Time for last 1,000,000:   18s.  Last read position: Supercontig_1.1:1,403,913
INFO	2017-12-18 23:52:57	AddOrReplaceReadGroups	Processed    43,000,000 records.  Elapsed time: 00:12:34s.  Time for last 1,000,000:   18s.  Last read position: Supercontig_1.4:1,181,198
INFO	2017-12-18 23:53:15	AddOrReplaceReadGroups	Processed    44,000,000 records.  Elapsed time: 00:12:52s.  Time for last 1,000,000:   17s.  Last read position: Supercontig_1.8:382,846
INFO	2017-12-18 23:53:31	AddOrReplaceReadGroups	Processed    45,000,000 records.  Elapsed time: 00:13:07s.  Time for last 1,000,000:   15s.  Last read position: Supercontig_1.2:886,990
INFO	2017-12-18 23:53:50	AddOrReplaceReadGroups	Processed    46,000,000 records.  Elapsed time: 00:13:26s.  Time for last 1,000,000:   19s.  Last read position: Supercontig_1.3:730,150
INFO	2017-12-18 23:54:06	AddOrReplaceReadGroups	Processed    47,000,000 records.  Elapsed time: 00:13:43s.  Time for last 1,000,000:   16s.  Last read position: Supercontig_1.7:219,637
INFO	2017-12-18 23:54:26	AddOrReplaceReadGroups	Processed    48,000,000 records.  Elapsed time: 00:14:03s.  Time for last 1,000,000:   19s.  Last read position: Supercontig_1.4:1,094,828
INFO	2017-12-18 23:54:43	AddOrReplaceReadGroups	Processed    49,000,000 records.  Elapsed time: 00:14:20s.  Time for last 1,000,000:   17s.  Last read position: Supercontig_1.4:14,097
INFO	2017-12-18 23:55:00	AddOrReplaceReadGroups	Processed    50,000,000 records.  Elapsed time: 00:14:37s.  Time for last 1,000,000:   16s.  Last read position: Supercontig_1.4:808,365
INFO	2017-12-18 23:55:14	AddOrReplaceReadGroups	Processed    51,000,000 records.  Elapsed time: 00:14:50s.  Time for last 1,000,000:   13s.  Last read position: Supercontig_1.2:1,625,192
INFO	2017-12-18 23:55:30	AddOrReplaceReadGroups	Processed    52,000,000 records.  Elapsed time: 00:15:06s.  Time for last 1,000,000:   15s.  Last read position: Supercontig_1.1:718,067
INFO	2017-12-18 23:55:44	AddOrReplaceReadGroups	Processed    53,000,000 records.  Elapsed time: 00:15:20s.  Time for last 1,000,000:   14s.  Last read position: Supercontig_1.5:550,889
INFO	2017-12-18 23:56:00	AddOrReplaceReadGroups	Processed    54,000,000 records.  Elapsed time: 00:15:36s.  Time for last 1,000,000:   16s.  Last read position: Supercontig_1.2:1,801,619
INFO	2017-12-18 23:56:14	AddOrReplaceReadGroups	Processed    55,000,000 records.  Elapsed time: 00:15:51s.  Time for last 1,000,000:   14s.  Last read position: Supercontig_1.4:756,763
[Tue Dec 19 00:01:58 PST 2017] picard.sam.AddOrReplaceReadGroups done. Elapsed time: 21.60 minutes.
Runtime.totalMemory()=4979687424
