DHED6-38379405 L4C_benomyl 1
aln/L4C_benomyl.r1.sam aln/L4C_benomyl.r1.bam
CREATE_INDEX=true VALIDATION_STRINGENCY=LENIENT TMP_DIR=/scratch/jstajich RGID=DHED6-38379405 RGSM=L4C_benomyl.r1 RGPL=NextSeq RGPU=Dartmouth RGLB=DHED6-38379405
23:40:22.068 INFO  NativeLibraryLoader - Loading libgkl_compression.so from jar:file:/bigdata/bioinfo/pkgadmin/opt/linux/centos/7.x/x86_64/pkgs/picard/2.14.1/lib/picard.jar!/com/intel/gkl/native/libgkl_compression.so
[Mon Dec 18 23:40:22 PST 2017] AddOrReplaceReadGroups INPUT=aln/L4C_benomyl.r1.sam OUTPUT=aln/L4C_benomyl.r1.bam SORT_ORDER=coordinate RGID=DHED6-38379405 RGLB=DHED6-38379405 RGPL=NextSeq RGPU=Dartmouth RGSM=L4C_benomyl.r1 TMP_DIR=[/scratch/jstajich] VALIDATION_STRINGENCY=LENIENT CREATE_INDEX=true    VERBOSITY=INFO QUIET=false COMPRESSION_LEVEL=5 MAX_RECORDS_IN_RAM=500000 CREATE_MD5_FILE=false GA4GH_CLIENT_SECRETS=client_secrets.json USE_JDK_DEFLATER=false USE_JDK_INFLATER=false
[Mon Dec 18 23:40:22 PST 2017] Executing as jstajich@i25 on Linux 3.10.0-229.1.2.el7.x86_64 amd64; Java HotSpot(TM) 64-Bit Server VM 1.8.0_45-b14; Deflater: Intel; Inflater: Intel; Picard version: 2.14.1-SNAPSHOT
Ignoring SAM validation error: ERROR: Error parsing SAM header. @RG line missing SM tag. Line:
@RG	ID:DHED6-38379405
INFO	2017-12-18 23:40:22	AddOrReplaceReadGroups	Created read group ID=DHED6-38379405 PL=NextSeq LB=DHED6-38379405 SM=L4C_benomyl.r1

INFO	2017-12-18 23:40:37	AddOrReplaceReadGroups	Processed     1,000,000 records.  Elapsed time: 00:00:15s.  Time for last 1,000,000:   15s.  Last read position: Supercontig_1.1:2,015,869
INFO	2017-12-18 23:40:51	AddOrReplaceReadGroups	Processed     2,000,000 records.  Elapsed time: 00:00:29s.  Time for last 1,000,000:   14s.  Last read position: Supercontig_1.7:84,756
INFO	2017-12-18 23:41:07	AddOrReplaceReadGroups	Processed     3,000,000 records.  Elapsed time: 00:00:44s.  Time for last 1,000,000:   15s.  Last read position: Supercontig_1.4:77,092
INFO	2017-12-18 23:41:21	AddOrReplaceReadGroups	Processed     4,000,000 records.  Elapsed time: 00:00:59s.  Time for last 1,000,000:   14s.  Last read position: Supercontig_1.2:1,624,961
INFO	2017-12-18 23:41:35	AddOrReplaceReadGroups	Processed     5,000,000 records.  Elapsed time: 00:01:13s.  Time for last 1,000,000:   14s.  Last read position: Supercontig_1.3:1,714,458
INFO	2017-12-18 23:41:49	AddOrReplaceReadGroups	Processed     6,000,000 records.  Elapsed time: 00:01:27s.  Time for last 1,000,000:   13s.  Last read position: Supercontig_1.2:1,838,718
INFO	2017-12-18 23:42:04	AddOrReplaceReadGroups	Processed     7,000,000 records.  Elapsed time: 00:01:42s.  Time for last 1,000,000:   15s.  Last read position: Supercontig_1.5:296,828
INFO	2017-12-18 23:42:20	AddOrReplaceReadGroups	Processed     8,000,000 records.  Elapsed time: 00:01:57s.  Time for last 1,000,000:   15s.  Last read position: Supercontig_1.3:1,073,118
INFO	2017-12-18 23:42:35	AddOrReplaceReadGroups	Processed     9,000,000 records.  Elapsed time: 00:02:13s.  Time for last 1,000,000:   15s.  Last read position: Supercontig_1.1:36,098
INFO	2017-12-18 23:42:50	AddOrReplaceReadGroups	Processed    10,000,000 records.  Elapsed time: 00:02:28s.  Time for last 1,000,000:   15s.  Last read position: Supercontig_1.1:263,661
INFO	2017-12-18 23:43:06	AddOrReplaceReadGroups	Processed    11,000,000 records.  Elapsed time: 00:02:43s.  Time for last 1,000,000:   15s.  Last read position: Supercontig_1.4:425,491
INFO	2017-12-18 23:43:19	AddOrReplaceReadGroups	Processed    12,000,000 records.  Elapsed time: 00:02:57s.  Time for last 1,000,000:   13s.  Last read position: Supercontig_1.2:1,419,282
INFO	2017-12-18 23:43:36	AddOrReplaceReadGroups	Processed    13,000,000 records.  Elapsed time: 00:03:13s.  Time for last 1,000,000:   16s.  Last read position: Supercontig_1.7:184,636
INFO	2017-12-18 23:43:52	AddOrReplaceReadGroups	Processed    14,000,000 records.  Elapsed time: 00:03:30s.  Time for last 1,000,000:   16s.  Last read position: Supercontig_1.4:686,808
INFO	2017-12-18 23:44:08	AddOrReplaceReadGroups	Processed    15,000,000 records.  Elapsed time: 00:03:46s.  Time for last 1,000,000:   16s.  Last read position: Supercontig_1.2:391,359
INFO	2017-12-18 23:44:24	AddOrReplaceReadGroups	Processed    16,000,000 records.  Elapsed time: 00:04:01s.  Time for last 1,000,000:   15s.  Last read position: Supercontig_1.4:1,191,125
INFO	2017-12-18 23:44:40	AddOrReplaceReadGroups	Processed    17,000,000 records.  Elapsed time: 00:04:17s.  Time for last 1,000,000:   16s.  Last read position: Supercontig_1.2:405,837
INFO	2017-12-18 23:44:55	AddOrReplaceReadGroups	Processed    18,000,000 records.  Elapsed time: 00:04:33s.  Time for last 1,000,000:   15s.  Last read position: Supercontig_1.3:1,426,482
INFO	2017-12-18 23:45:13	AddOrReplaceReadGroups	Processed    19,000,000 records.  Elapsed time: 00:04:50s.  Time for last 1,000,000:   17s.  Last read position: Supercontig_1.4:78,576
INFO	2017-12-18 23:45:24	AddOrReplaceReadGroups	Processed    20,000,000 records.  Elapsed time: 00:05:02s.  Time for last 1,000,000:   11s.  Last read position: Supercontig_1.7:84,264
INFO	2017-12-18 23:45:37	AddOrReplaceReadGroups	Processed    21,000,000 records.  Elapsed time: 00:05:15s.  Time for last 1,000,000:   12s.  Last read position: Supercontig_1.4:1,408,268
INFO	2017-12-18 23:45:53	AddOrReplaceReadGroups	Processed    22,000,000 records.  Elapsed time: 00:05:30s.  Time for last 1,000,000:   15s.  Last read position: Supercontig_1.8:741,549
INFO	2017-12-18 23:46:06	AddOrReplaceReadGroups	Processed    23,000,000 records.  Elapsed time: 00:05:44s.  Time for last 1,000,000:   13s.  Last read position: Supercontig_1.8:662,127
INFO	2017-12-18 23:46:20	AddOrReplaceReadGroups	Processed    24,000,000 records.  Elapsed time: 00:05:57s.  Time for last 1,000,000:   13s.  Last read position: Supercontig_1.8:179,647
INFO	2017-12-18 23:46:31	AddOrReplaceReadGroups	Processed    25,000,000 records.  Elapsed time: 00:06:09s.  Time for last 1,000,000:   11s.  Last read position: Supercontig_1.4:77,549
INFO	2017-12-18 23:46:42	AddOrReplaceReadGroups	Processed    26,000,000 records.  Elapsed time: 00:06:20s.  Time for last 1,000,000:   11s.  Last read position: Supercontig_1.4:204,946
INFO	2017-12-18 23:46:53	AddOrReplaceReadGroups	Processed    27,000,000 records.  Elapsed time: 00:06:31s.  Time for last 1,000,000:   11s.  Last read position: Supercontig_1.5:551,153
INFO	2017-12-18 23:47:06	AddOrReplaceReadGroups	Processed    28,000,000 records.  Elapsed time: 00:06:44s.  Time for last 1,000,000:   12s.  Last read position: Supercontig_1.6:652,023
INFO	2017-12-18 23:47:20	AddOrReplaceReadGroups	Processed    29,000,000 records.  Elapsed time: 00:06:57s.  Time for last 1,000,000:   13s.  Last read position: Supercontig_1.3:21,034
INFO	2017-12-18 23:47:30	AddOrReplaceReadGroups	Processed    30,000,000 records.  Elapsed time: 00:07:07s.  Time for last 1,000,000:   10s.  Last read position: Supercontig_1.7:84,384
INFO	2017-12-18 23:47:43	AddOrReplaceReadGroups	Processed    31,000,000 records.  Elapsed time: 00:07:21s.  Time for last 1,000,000:   13s.  Last read position: Supercontig_1.6:407,212
INFO	2017-12-18 23:47:55	AddOrReplaceReadGroups	Processed    32,000,000 records.  Elapsed time: 00:07:33s.  Time for last 1,000,000:   12s.  Last read position: Supercontig_1.3:761,188
INFO	2017-12-18 23:48:07	AddOrReplaceReadGroups	Processed    33,000,000 records.  Elapsed time: 00:07:45s.  Time for last 1,000,000:   11s.  Last read position: Supercontig_1.3:1,713,745
INFO	2017-12-18 23:48:19	AddOrReplaceReadGroups	Processed    34,000,000 records.  Elapsed time: 00:07:57s.  Time for last 1,000,000:   12s.  Last read position: Supercontig_1.2:144,650
INFO	2017-12-18 23:48:31	AddOrReplaceReadGroups	Processed    35,000,000 records.  Elapsed time: 00:08:09s.  Time for last 1,000,000:   11s.  Last read position: Supercontig_1.3:17,516
INFO	2017-12-18 23:48:45	AddOrReplaceReadGroups	Processed    36,000,000 records.  Elapsed time: 00:08:23s.  Time for last 1,000,000:   13s.  Last read position: Supercontig_1.2:1,964,084
INFO	2017-12-18 23:48:58	AddOrReplaceReadGroups	Processed    37,000,000 records.  Elapsed time: 00:08:36s.  Time for last 1,000,000:   13s.  Last read position: Supercontig_1.4:1,225,641
INFO	2017-12-18 23:49:09	AddOrReplaceReadGroups	Processed    38,000,000 records.  Elapsed time: 00:08:46s.  Time for last 1,000,000:   10s.  Last read position: Supercontig_1.4:115,496
INFO	2017-12-18 23:49:21	AddOrReplaceReadGroups	Processed    39,000,000 records.  Elapsed time: 00:08:59s.  Time for last 1,000,000:   12s.  Last read position: Supercontig_1.4:85,912
INFO	2017-12-18 23:49:32	AddOrReplaceReadGroups	Processed    40,000,000 records.  Elapsed time: 00:09:10s.  Time for last 1,000,000:   10s.  Last read position: Supercontig_1.8:739,498
INFO	2017-12-18 23:49:46	AddOrReplaceReadGroups	Processed    41,000,000 records.  Elapsed time: 00:09:24s.  Time for last 1,000,000:   14s.  Last read position: Supercontig_1.1:969,412
INFO	2017-12-18 23:49:58	AddOrReplaceReadGroups	Processed    42,000,000 records.  Elapsed time: 00:09:36s.  Time for last 1,000,000:   12s.  Last read position: Supercontig_1.2:2,157,068
INFO	2017-12-18 23:50:13	AddOrReplaceReadGroups	Processed    43,000,000 records.  Elapsed time: 00:09:51s.  Time for last 1,000,000:   14s.  Last read position: Supercontig_1.2:1,571,433
INFO	2017-12-18 23:50:27	AddOrReplaceReadGroups	Processed    44,000,000 records.  Elapsed time: 00:10:05s.  Time for last 1,000,000:   13s.  Last read position: Supercontig_1.5:6,723
INFO	2017-12-18 23:50:41	AddOrReplaceReadGroups	Processed    45,000,000 records.  Elapsed time: 00:10:19s.  Time for last 1,000,000:   13s.  Last read position: Supercontig_1.3:1,591,418
INFO	2017-12-18 23:50:54	AddOrReplaceReadGroups	Processed    46,000,000 records.  Elapsed time: 00:10:32s.  Time for last 1,000,000:   13s.  Last read position: Supercontig_1.5:309,795
INFO	2017-12-18 23:51:09	AddOrReplaceReadGroups	Processed    47,000,000 records.  Elapsed time: 00:10:47s.  Time for last 1,000,000:   15s.  Last read position: Supercontig_1.5:748,238
INFO	2017-12-18 23:51:21	AddOrReplaceReadGroups	Processed    48,000,000 records.  Elapsed time: 00:10:59s.  Time for last 1,000,000:   11s.  Last read position: Supercontig_1.8:743,342
INFO	2017-12-18 23:51:34	AddOrReplaceReadGroups	Processed    49,000,000 records.  Elapsed time: 00:11:12s.  Time for last 1,000,000:   13s.  Last read position: Supercontig_1.2:811,018
INFO	2017-12-18 23:51:47	AddOrReplaceReadGroups	Processed    50,000,000 records.  Elapsed time: 00:11:25s.  Time for last 1,000,000:   13s.  Last read position: Supercontig_1.5:401,340
INFO	2017-12-18 23:51:58	AddOrReplaceReadGroups	Processed    51,000,000 records.  Elapsed time: 00:11:36s.  Time for last 1,000,000:   11s.  Last read position: Supercontig_1.2:392,337
INFO	2017-12-18 23:52:14	AddOrReplaceReadGroups	Processed    52,000,000 records.  Elapsed time: 00:11:51s.  Time for last 1,000,000:   15s.  Last read position: */*
INFO	2017-12-18 23:52:26	AddOrReplaceReadGroups	Processed    53,000,000 records.  Elapsed time: 00:12:04s.  Time for last 1,000,000:   12s.  Last read position: Supercontig_1.1:351,387
[Mon Dec 18 23:57:57 PST 2017] picard.sam.AddOrReplaceReadGroups done. Elapsed time: 17.59 minutes.
Runtime.totalMemory()=5285347328
