DHED20-38373434 U3B_benomyl 2
aln/U3B_benomyl.r2.sam aln/U3B_benomyl.r2.bam
CREATE_INDEX=true VALIDATION_STRINGENCY=LENIENT TMP_DIR=/scratch/jstajich RGID=DHED20-38373434 RGSM=U3B_benomyl.r2 RGPL=NextSeq RGPU=Dartmouth RGLB=DHED20-38373434
23:40:27.949 INFO  NativeLibraryLoader - Loading libgkl_compression.so from jar:file:/bigdata/bioinfo/pkgadmin/opt/linux/centos/7.x/x86_64/pkgs/picard/2.14.1/lib/picard.jar!/com/intel/gkl/native/libgkl_compression.so
[Mon Dec 18 23:40:28 PST 2017] AddOrReplaceReadGroups INPUT=aln/U3B_benomyl.r2.sam OUTPUT=aln/U3B_benomyl.r2.bam SORT_ORDER=coordinate RGID=DHED20-38373434 RGLB=DHED20-38373434 RGPL=NextSeq RGPU=Dartmouth RGSM=U3B_benomyl.r2 TMP_DIR=[/scratch/jstajich] VALIDATION_STRINGENCY=LENIENT CREATE_INDEX=true    VERBOSITY=INFO QUIET=false COMPRESSION_LEVEL=5 MAX_RECORDS_IN_RAM=500000 CREATE_MD5_FILE=false GA4GH_CLIENT_SECRETS=client_secrets.json USE_JDK_DEFLATER=false USE_JDK_INFLATER=false
[Mon Dec 18 23:40:28 PST 2017] Executing as jstajich@i33 on Linux 3.10.0-229.1.2.el7.x86_64 amd64; Java HotSpot(TM) 64-Bit Server VM 1.8.0_45-b14; Deflater: Intel; Inflater: Intel; Picard version: 2.14.1-SNAPSHOT
Ignoring SAM validation error: ERROR: Error parsing SAM header. @RG line missing SM tag. Line:
@RG	ID:DHED20-38373434
INFO	2017-12-18 23:40:28	AddOrReplaceReadGroups	Created read group ID=DHED20-38373434 PL=NextSeq LB=DHED20-38373434 SM=U3B_benomyl.r2

INFO	2017-12-18 23:40:53	AddOrReplaceReadGroups	Processed     1,000,000 records.  Elapsed time: 00:00:25s.  Time for last 1,000,000:   25s.  Last read position: */*
INFO	2017-12-18 23:41:14	AddOrReplaceReadGroups	Processed     2,000,000 records.  Elapsed time: 00:00:45s.  Time for last 1,000,000:   20s.  Last read position: Supercontig_1.5:183,594
INFO	2017-12-18 23:41:39	AddOrReplaceReadGroups	Processed     3,000,000 records.  Elapsed time: 00:01:11s.  Time for last 1,000,000:   25s.  Last read position: Supercontig_1.3:11,977
INFO	2017-12-18 23:42:03	AddOrReplaceReadGroups	Processed     4,000,000 records.  Elapsed time: 00:01:34s.  Time for last 1,000,000:   23s.  Last read position: Supercontig_1.3:2,060
INFO	2017-12-18 23:42:28	AddOrReplaceReadGroups	Processed     5,000,000 records.  Elapsed time: 00:02:00s.  Time for last 1,000,000:   25s.  Last read position: Supercontig_1.1:603,084
INFO	2017-12-18 23:42:50	AddOrReplaceReadGroups	Processed     6,000,000 records.  Elapsed time: 00:02:21s.  Time for last 1,000,000:   21s.  Last read position: Supercontig_1.4:981,704
INFO	2017-12-18 23:43:15	AddOrReplaceReadGroups	Processed     7,000,000 records.  Elapsed time: 00:02:46s.  Time for last 1,000,000:   24s.  Last read position: Supercontig_1.4:975,755
INFO	2017-12-18 23:43:39	AddOrReplaceReadGroups	Processed     8,000,000 records.  Elapsed time: 00:03:10s.  Time for last 1,000,000:   24s.  Last read position: Supercontig_1.3:1,867,422
INFO	2017-12-18 23:44:04	AddOrReplaceReadGroups	Processed     9,000,000 records.  Elapsed time: 00:03:36s.  Time for last 1,000,000:   25s.  Last read position: Supercontig_1.3:360,684
INFO	2017-12-18 23:44:30	AddOrReplaceReadGroups	Processed    10,000,000 records.  Elapsed time: 00:04:02s.  Time for last 1,000,000:   26s.  Last read position: Supercontig_1.4:104,203
INFO	2017-12-18 23:44:56	AddOrReplaceReadGroups	Processed    11,000,000 records.  Elapsed time: 00:04:27s.  Time for last 1,000,000:   25s.  Last read position: Supercontig_1.8:134,084
INFO	2017-12-18 23:45:20	AddOrReplaceReadGroups	Processed    12,000,000 records.  Elapsed time: 00:04:52s.  Time for last 1,000,000:   24s.  Last read position: Supercontig_1.8:739,498
INFO	2017-12-18 23:45:43	AddOrReplaceReadGroups	Processed    13,000,000 records.  Elapsed time: 00:05:15s.  Time for last 1,000,000:   22s.  Last read position: Supercontig_1.2:599,538
INFO	2017-12-18 23:46:08	AddOrReplaceReadGroups	Processed    14,000,000 records.  Elapsed time: 00:05:39s.  Time for last 1,000,000:   24s.  Last read position: Supercontig_1.3:1,866,111
INFO	2017-12-18 23:46:38	AddOrReplaceReadGroups	Processed    15,000,000 records.  Elapsed time: 00:06:10s.  Time for last 1,000,000:   30s.  Last read position: Supercontig_1.2:1,146,455
INFO	2017-12-18 23:47:02	AddOrReplaceReadGroups	Processed    16,000,000 records.  Elapsed time: 00:06:33s.  Time for last 1,000,000:   23s.  Last read position: Supercontig_1.1:758,580
INFO	2017-12-18 23:47:25	AddOrReplaceReadGroups	Processed    17,000,000 records.  Elapsed time: 00:06:57s.  Time for last 1,000,000:   23s.  Last read position: Supercontig_1.2:372,289
INFO	2017-12-18 23:47:50	AddOrReplaceReadGroups	Processed    18,000,000 records.  Elapsed time: 00:07:21s.  Time for last 1,000,000:   24s.  Last read position: Supercontig_1.1:2,284,016
INFO	2017-12-18 23:48:16	AddOrReplaceReadGroups	Processed    19,000,000 records.  Elapsed time: 00:07:48s.  Time for last 1,000,000:   26s.  Last read position: Supercontig_1.5:9,642
INFO	2017-12-18 23:48:39	AddOrReplaceReadGroups	Processed    20,000,000 records.  Elapsed time: 00:08:11s.  Time for last 1,000,000:   23s.  Last read position: Supercontig_1.3:12,367
INFO	2017-12-18 23:49:02	AddOrReplaceReadGroups	Processed    21,000,000 records.  Elapsed time: 00:08:34s.  Time for last 1,000,000:   22s.  Last read position: Supercontig_1.3:3,210
INFO	2017-12-18 23:49:24	AddOrReplaceReadGroups	Processed    22,000,000 records.  Elapsed time: 00:08:56s.  Time for last 1,000,000:   22s.  Last read position: Supercontig_1.7:200,530
INFO	2017-12-18 23:49:48	AddOrReplaceReadGroups	Processed    23,000,000 records.  Elapsed time: 00:09:19s.  Time for last 1,000,000:   23s.  Last read position: Supercontig_1.6:360,051
INFO	2017-12-18 23:50:11	AddOrReplaceReadGroups	Processed    24,000,000 records.  Elapsed time: 00:09:43s.  Time for last 1,000,000:   23s.  Last read position: Supercontig_1.1:1,917,093
INFO	2017-12-18 23:50:36	AddOrReplaceReadGroups	Processed    25,000,000 records.  Elapsed time: 00:10:08s.  Time for last 1,000,000:   24s.  Last read position: Supercontig_1.4:1,184,467
INFO	2017-12-18 23:50:59	AddOrReplaceReadGroups	Processed    26,000,000 records.  Elapsed time: 00:10:30s.  Time for last 1,000,000:   22s.  Last read position: Supercontig_1.5:1,342,273
INFO	2017-12-18 23:51:23	AddOrReplaceReadGroups	Processed    27,000,000 records.  Elapsed time: 00:10:55s.  Time for last 1,000,000:   24s.  Last read position: Supercontig_1.1:2,016,766
INFO	2017-12-18 23:51:47	AddOrReplaceReadGroups	Processed    28,000,000 records.  Elapsed time: 00:11:19s.  Time for last 1,000,000:   24s.  Last read position: Supercontig_1.1:2,208,696
INFO	2017-12-18 23:52:14	AddOrReplaceReadGroups	Processed    29,000,000 records.  Elapsed time: 00:11:45s.  Time for last 1,000,000:   26s.  Last read position: Supercontig_1.4:484,356
INFO	2017-12-18 23:52:38	AddOrReplaceReadGroups	Processed    30,000,000 records.  Elapsed time: 00:12:10s.  Time for last 1,000,000:   24s.  Last read position: Supercontig_1.3:786,332
INFO	2017-12-18 23:53:06	AddOrReplaceReadGroups	Processed    31,000,000 records.  Elapsed time: 00:12:37s.  Time for last 1,000,000:   27s.  Last read position: Supercontig_1.4:78,793
INFO	2017-12-18 23:53:30	AddOrReplaceReadGroups	Processed    32,000,000 records.  Elapsed time: 00:13:01s.  Time for last 1,000,000:   23s.  Last read position: */*
INFO	2017-12-18 23:53:53	AddOrReplaceReadGroups	Processed    33,000,000 records.  Elapsed time: 00:13:24s.  Time for last 1,000,000:   23s.  Last read position: Supercontig_1.8:741,006
INFO	2017-12-18 23:54:20	AddOrReplaceReadGroups	Processed    34,000,000 records.  Elapsed time: 00:13:51s.  Time for last 1,000,000:   26s.  Last read position: Supercontig_1.3:3,986
INFO	2017-12-18 23:54:44	AddOrReplaceReadGroups	Processed    35,000,000 records.  Elapsed time: 00:14:16s.  Time for last 1,000,000:   24s.  Last read position: Supercontig_1.3:20,935
INFO	2017-12-18 23:55:06	AddOrReplaceReadGroups	Processed    36,000,000 records.  Elapsed time: 00:14:38s.  Time for last 1,000,000:   22s.  Last read position: Supercontig_1.1:21,422
INFO	2017-12-18 23:55:33	AddOrReplaceReadGroups	Processed    37,000,000 records.  Elapsed time: 00:15:05s.  Time for last 1,000,000:   26s.  Last read position: Supercontig_1.3:1,867,882
INFO	2017-12-18 23:55:59	AddOrReplaceReadGroups	Processed    38,000,000 records.  Elapsed time: 00:15:30s.  Time for last 1,000,000:   25s.  Last read position: Supercontig_1.3:20,194
INFO	2017-12-18 23:56:24	AddOrReplaceReadGroups	Processed    39,000,000 records.  Elapsed time: 00:15:55s.  Time for last 1,000,000:   25s.  Last read position: Supercontig_1.8:741,736
INFO	2017-12-18 23:56:46	AddOrReplaceReadGroups	Processed    40,000,000 records.  Elapsed time: 00:16:17s.  Time for last 1,000,000:   21s.  Last read position: Supercontig_1.8:739,588
INFO	2017-12-18 23:57:08	AddOrReplaceReadGroups	Processed    41,000,000 records.  Elapsed time: 00:16:39s.  Time for last 1,000,000:   21s.  Last read position: Supercontig_1.3:11,106
INFO	2017-12-18 23:57:33	AddOrReplaceReadGroups	Processed    42,000,000 records.  Elapsed time: 00:17:04s.  Time for last 1,000,000:   25s.  Last read position: Supercontig_1.4:78,741
INFO	2017-12-18 23:57:58	AddOrReplaceReadGroups	Processed    43,000,000 records.  Elapsed time: 00:17:29s.  Time for last 1,000,000:   24s.  Last read position: Supercontig_1.5:401,329
INFO	2017-12-18 23:58:24	AddOrReplaceReadGroups	Processed    44,000,000 records.  Elapsed time: 00:17:56s.  Time for last 1,000,000:   26s.  Last read position: Supercontig_1.3:19,510
INFO	2017-12-18 23:58:47	AddOrReplaceReadGroups	Processed    45,000,000 records.  Elapsed time: 00:18:18s.  Time for last 1,000,000:   22s.  Last read position: Supercontig_1.4:77,287
INFO	2017-12-18 23:59:12	AddOrReplaceReadGroups	Processed    46,000,000 records.  Elapsed time: 00:18:44s.  Time for last 1,000,000:   25s.  Last read position: Supercontig_1.5:1,188,967
INFO	2017-12-18 23:59:34	AddOrReplaceReadGroups	Processed    47,000,000 records.  Elapsed time: 00:19:05s.  Time for last 1,000,000:   21s.  Last read position: Supercontig_1.5:404,390
INFO	2017-12-18 23:59:58	AddOrReplaceReadGroups	Processed    48,000,000 records.  Elapsed time: 00:19:29s.  Time for last 1,000,000:   24s.  Last read position: Supercontig_1.2:1,571,536
INFO	2017-12-19 00:00:29	AddOrReplaceReadGroups	Processed    49,000,000 records.  Elapsed time: 00:20:00s.  Time for last 1,000,000:   30s.  Last read position: Supercontig_1.5:358,136
INFO	2017-12-19 00:00:51	AddOrReplaceReadGroups	Processed    50,000,000 records.  Elapsed time: 00:20:22s.  Time for last 1,000,000:   21s.  Last read position: Supercontig_1.1:1,972,481
INFO	2017-12-19 00:01:16	AddOrReplaceReadGroups	Processed    51,000,000 records.  Elapsed time: 00:20:47s.  Time for last 1,000,000:   24s.  Last read position: Supercontig_1.4:484,382
INFO	2017-12-19 00:01:39	AddOrReplaceReadGroups	Processed    52,000,000 records.  Elapsed time: 00:21:11s.  Time for last 1,000,000:   23s.  Last read position: Supercontig_1.3:441,544
INFO	2017-12-19 00:02:04	AddOrReplaceReadGroups	Processed    53,000,000 records.  Elapsed time: 00:21:36s.  Time for last 1,000,000:   24s.  Last read position: Supercontig_1.5:183,394
INFO	2017-12-19 00:02:27	AddOrReplaceReadGroups	Processed    54,000,000 records.  Elapsed time: 00:21:58s.  Time for last 1,000,000:   22s.  Last read position: Supercontig_1.7:202,676
INFO	2017-12-19 00:02:48	AddOrReplaceReadGroups	Processed    55,000,000 records.  Elapsed time: 00:22:19s.  Time for last 1,000,000:   21s.  Last read position: Supercontig_1.1:258,159
INFO	2017-12-19 00:03:12	AddOrReplaceReadGroups	Processed    56,000,000 records.  Elapsed time: 00:22:44s.  Time for last 1,000,000:   24s.  Last read position: Supercontig_1.3:3,072
INFO	2017-12-19 00:03:38	AddOrReplaceReadGroups	Processed    57,000,000 records.  Elapsed time: 00:23:09s.  Time for last 1,000,000:   25s.  Last read position: Supercontig_1.3:1,550,721
INFO	2017-12-19 00:04:00	AddOrReplaceReadGroups	Processed    58,000,000 records.  Elapsed time: 00:23:32s.  Time for last 1,000,000:   22s.  Last read position: Supercontig_1.3:20,386
INFO	2017-12-19 00:04:26	AddOrReplaceReadGroups	Processed    59,000,000 records.  Elapsed time: 00:23:57s.  Time for last 1,000,000:   25s.  Last read position: Supercontig_1.3:21,360
INFO	2017-12-19 00:04:49	AddOrReplaceReadGroups	Processed    60,000,000 records.  Elapsed time: 00:24:20s.  Time for last 1,000,000:   23s.  Last read position: Supercontig_1.4:1,114,777
INFO	2017-12-19 00:05:14	AddOrReplaceReadGroups	Processed    61,000,000 records.  Elapsed time: 00:24:45s.  Time for last 1,000,000:   24s.  Last read position: Supercontig_1.3:20,856
INFO	2017-12-19 00:05:37	AddOrReplaceReadGroups	Processed    62,000,000 records.  Elapsed time: 00:25:09s.  Time for last 1,000,000:   23s.  Last read position: Supercontig_1.3:1,867,819
INFO	2017-12-19 00:06:01	AddOrReplaceReadGroups	Processed    63,000,000 records.  Elapsed time: 00:25:33s.  Time for last 1,000,000:   23s.  Last read position: */*
INFO	2017-12-19 00:06:27	AddOrReplaceReadGroups	Processed    64,000,000 records.  Elapsed time: 00:25:59s.  Time for last 1,000,000:   25s.  Last read position: Supercontig_1.4:77,565
INFO	2017-12-19 00:06:50	AddOrReplaceReadGroups	Processed    65,000,000 records.  Elapsed time: 00:26:21s.  Time for last 1,000,000:   22s.  Last read position: Supercontig_1.1:351,247
[Tue Dec 19 00:17:16 PST 2017] picard.sam.AddOrReplaceReadGroups done. Elapsed time: 36.81 minutes.
Runtime.totalMemory()=5082972160
