DHED10-38375435 U3E_benomyl 1
aln/U3E_benomyl.r1.sam aln/U3E_benomyl.r1.bam
CREATE_INDEX=true VALIDATION_STRINGENCY=LENIENT TMP_DIR=/scratch/jstajich RGID=DHED10-38375435 RGSM=U3E_benomyl.r1 RGPL=NextSeq RGPU=Dartmouth RGLB=DHED10-38375435
23:40:23.163 INFO  NativeLibraryLoader - Loading libgkl_compression.so from jar:file:/bigdata/bioinfo/pkgadmin/opt/linux/centos/7.x/x86_64/pkgs/picard/2.14.1/lib/picard.jar!/com/intel/gkl/native/libgkl_compression.so
[Mon Dec 18 23:40:23 PST 2017] AddOrReplaceReadGroups INPUT=aln/U3E_benomyl.r1.sam OUTPUT=aln/U3E_benomyl.r1.bam SORT_ORDER=coordinate RGID=DHED10-38375435 RGLB=DHED10-38375435 RGPL=NextSeq RGPU=Dartmouth RGSM=U3E_benomyl.r1 TMP_DIR=[/scratch/jstajich] VALIDATION_STRINGENCY=LENIENT CREATE_INDEX=true    VERBOSITY=INFO QUIET=false COMPRESSION_LEVEL=5 MAX_RECORDS_IN_RAM=500000 CREATE_MD5_FILE=false GA4GH_CLIENT_SECRETS=client_secrets.json USE_JDK_DEFLATER=false USE_JDK_INFLATER=false
[Mon Dec 18 23:40:23 PST 2017] Executing as jstajich@i29 on Linux 3.10.0-229.1.2.el7.x86_64 amd64; Java HotSpot(TM) 64-Bit Server VM 1.8.0_45-b14; Deflater: Intel; Inflater: Intel; Picard version: 2.14.1-SNAPSHOT
Ignoring SAM validation error: ERROR: Error parsing SAM header. @RG line missing SM tag. Line:
@RG	ID:DHED10-38375435
INFO	2017-12-18 23:40:23	AddOrReplaceReadGroups	Created read group ID=DHED10-38375435 PL=NextSeq LB=DHED10-38375435 SM=U3E_benomyl.r1

INFO	2017-12-18 23:40:43	AddOrReplaceReadGroups	Processed     1,000,000 records.  Elapsed time: 00:00:19s.  Time for last 1,000,000:   19s.  Last read position: Supercontig_1.4:802,051
INFO	2017-12-18 23:40:58	AddOrReplaceReadGroups	Processed     2,000,000 records.  Elapsed time: 00:00:35s.  Time for last 1,000,000:   15s.  Last read position: Supercontig_1.1:732,879
INFO	2017-12-18 23:41:16	AddOrReplaceReadGroups	Processed     3,000,000 records.  Elapsed time: 00:00:53s.  Time for last 1,000,000:   18s.  Last read position: Supercontig_1.1:2,311,974
INFO	2017-12-18 23:41:33	AddOrReplaceReadGroups	Processed     4,000,000 records.  Elapsed time: 00:01:09s.  Time for last 1,000,000:   16s.  Last read position: Supercontig_1.4:1,674,537
INFO	2017-12-18 23:41:51	AddOrReplaceReadGroups	Processed     5,000,000 records.  Elapsed time: 00:01:27s.  Time for last 1,000,000:   18s.  Last read position: Supercontig_1.1:2,272,053
INFO	2017-12-18 23:42:09	AddOrReplaceReadGroups	Processed     6,000,000 records.  Elapsed time: 00:01:45s.  Time for last 1,000,000:   17s.  Last read position: Supercontig_1.3:1,591,294
INFO	2017-12-18 23:42:26	AddOrReplaceReadGroups	Processed     7,000,000 records.  Elapsed time: 00:02:02s.  Time for last 1,000,000:   17s.  Last read position: Supercontig_1.6:602,666
INFO	2017-12-18 23:42:42	AddOrReplaceReadGroups	Processed     8,000,000 records.  Elapsed time: 00:02:18s.  Time for last 1,000,000:   16s.  Last read position: Supercontig_1.3:1,414,207
INFO	2017-12-18 23:42:59	AddOrReplaceReadGroups	Processed     9,000,000 records.  Elapsed time: 00:02:35s.  Time for last 1,000,000:   16s.  Last read position: Supercontig_1.3:1,143,611
INFO	2017-12-18 23:43:18	AddOrReplaceReadGroups	Processed    10,000,000 records.  Elapsed time: 00:02:54s.  Time for last 1,000,000:   19s.  Last read position: Supercontig_1.4:1,045,493
INFO	2017-12-18 23:43:37	AddOrReplaceReadGroups	Processed    11,000,000 records.  Elapsed time: 00:03:13s.  Time for last 1,000,000:   18s.  Last read position: Supercontig_1.1:292,538
INFO	2017-12-18 23:43:53	AddOrReplaceReadGroups	Processed    12,000,000 records.  Elapsed time: 00:03:30s.  Time for last 1,000,000:   16s.  Last read position: Supercontig_1.1:1,722,329
INFO	2017-12-18 23:44:11	AddOrReplaceReadGroups	Processed    13,000,000 records.  Elapsed time: 00:03:47s.  Time for last 1,000,000:   17s.  Last read position: Supercontig_1.1:945,674
INFO	2017-12-18 23:44:29	AddOrReplaceReadGroups	Processed    14,000,000 records.  Elapsed time: 00:04:06s.  Time for last 1,000,000:   18s.  Last read position: Supercontig_1.5:169,869
INFO	2017-12-18 23:44:48	AddOrReplaceReadGroups	Processed    15,000,000 records.  Elapsed time: 00:04:24s.  Time for last 1,000,000:   18s.  Last read position: Supercontig_1.4:9,182
INFO	2017-12-18 23:45:04	AddOrReplaceReadGroups	Processed    16,000,000 records.  Elapsed time: 00:04:40s.  Time for last 1,000,000:   15s.  Last read position: Supercontig_1.3:458,311
INFO	2017-12-18 23:45:21	AddOrReplaceReadGroups	Processed    17,000,000 records.  Elapsed time: 00:04:57s.  Time for last 1,000,000:   17s.  Last read position: Supercontig_1.2:404,843
INFO	2017-12-18 23:45:39	AddOrReplaceReadGroups	Processed    18,000,000 records.  Elapsed time: 00:05:15s.  Time for last 1,000,000:   18s.  Last read position: Supercontig_1.3:19,403
INFO	2017-12-18 23:45:56	AddOrReplaceReadGroups	Processed    19,000,000 records.  Elapsed time: 00:05:32s.  Time for last 1,000,000:   16s.  Last read position: Supercontig_1.1:2,015,953
INFO	2017-12-18 23:46:14	AddOrReplaceReadGroups	Processed    20,000,000 records.  Elapsed time: 00:05:51s.  Time for last 1,000,000:   18s.  Last read position: Supercontig_1.3:33,195
INFO	2017-12-18 23:46:32	AddOrReplaceReadGroups	Processed    21,000,000 records.  Elapsed time: 00:06:08s.  Time for last 1,000,000:   17s.  Last read position: Supercontig_1.3:121,943
INFO	2017-12-18 23:46:49	AddOrReplaceReadGroups	Processed    22,000,000 records.  Elapsed time: 00:06:26s.  Time for last 1,000,000:   17s.  Last read position: Supercontig_1.2:501,409
INFO	2017-12-18 23:47:05	AddOrReplaceReadGroups	Processed    23,000,000 records.  Elapsed time: 00:06:41s.  Time for last 1,000,000:   15s.  Last read position: Supercontig_1.8:543,312
INFO	2017-12-18 23:47:23	AddOrReplaceReadGroups	Processed    24,000,000 records.  Elapsed time: 00:07:00s.  Time for last 1,000,000:   18s.  Last read position: Supercontig_1.1:1,878,558
INFO	2017-12-18 23:47:42	AddOrReplaceReadGroups	Processed    25,000,000 records.  Elapsed time: 00:07:19s.  Time for last 1,000,000:   19s.  Last read position: Supercontig_1.4:1,377,032
INFO	2017-12-18 23:47:59	AddOrReplaceReadGroups	Processed    26,000,000 records.  Elapsed time: 00:07:35s.  Time for last 1,000,000:   16s.  Last read position: Supercontig_1.5:1,278,066
INFO	2017-12-18 23:48:15	AddOrReplaceReadGroups	Processed    27,000,000 records.  Elapsed time: 00:07:51s.  Time for last 1,000,000:   15s.  Last read position: */*
INFO	2017-12-18 23:48:32	AddOrReplaceReadGroups	Processed    28,000,000 records.  Elapsed time: 00:08:09s.  Time for last 1,000,000:   17s.  Last read position: Supercontig_1.1:2,124,941
INFO	2017-12-18 23:48:48	AddOrReplaceReadGroups	Processed    29,000,000 records.  Elapsed time: 00:08:24s.  Time for last 1,000,000:   15s.  Last read position: Supercontig_1.4:77,435
INFO	2017-12-18 23:49:04	AddOrReplaceReadGroups	Processed    30,000,000 records.  Elapsed time: 00:08:41s.  Time for last 1,000,000:   16s.  Last read position: Supercontig_1.8:741,075
INFO	2017-12-18 23:49:20	AddOrReplaceReadGroups	Processed    31,000,000 records.  Elapsed time: 00:08:57s.  Time for last 1,000,000:   16s.  Last read position: Supercontig_1.1:1,723,060
INFO	2017-12-18 23:49:38	AddOrReplaceReadGroups	Processed    32,000,000 records.  Elapsed time: 00:09:14s.  Time for last 1,000,000:   17s.  Last read position: Supercontig_1.2:1,015,241
INFO	2017-12-18 23:49:54	AddOrReplaceReadGroups	Processed    33,000,000 records.  Elapsed time: 00:09:30s.  Time for last 1,000,000:   15s.  Last read position: Supercontig_1.2:2,105,086
INFO	2017-12-18 23:50:08	AddOrReplaceReadGroups	Processed    34,000,000 records.  Elapsed time: 00:09:44s.  Time for last 1,000,000:   14s.  Last read position: Supercontig_1.1:1,997,387
INFO	2017-12-18 23:50:24	AddOrReplaceReadGroups	Processed    35,000,000 records.  Elapsed time: 00:10:00s.  Time for last 1,000,000:   15s.  Last read position: Supercontig_1.2:390,854
INFO	2017-12-18 23:50:42	AddOrReplaceReadGroups	Processed    36,000,000 records.  Elapsed time: 00:10:18s.  Time for last 1,000,000:   18s.  Last read position: Supercontig_1.3:1,714,008
INFO	2017-12-18 23:50:59	AddOrReplaceReadGroups	Processed    37,000,000 records.  Elapsed time: 00:10:36s.  Time for last 1,000,000:   17s.  Last read position: Supercontig_1.5:1,257,278
INFO	2017-12-18 23:51:18	AddOrReplaceReadGroups	Processed    38,000,000 records.  Elapsed time: 00:10:54s.  Time for last 1,000,000:   18s.  Last read position: Supercontig_1.8:667,990
INFO	2017-12-18 23:51:36	AddOrReplaceReadGroups	Processed    39,000,000 records.  Elapsed time: 00:11:13s.  Time for last 1,000,000:   18s.  Last read position: Supercontig_1.4:977,932
INFO	2017-12-18 23:51:55	AddOrReplaceReadGroups	Processed    40,000,000 records.  Elapsed time: 00:11:32s.  Time for last 1,000,000:   18s.  Last read position: Supercontig_1.4:77,274
INFO	2017-12-18 23:52:11	AddOrReplaceReadGroups	Processed    41,000,000 records.  Elapsed time: 00:11:48s.  Time for last 1,000,000:   16s.  Last read position: Supercontig_1.4:1,714,645
INFO	2017-12-18 23:52:29	AddOrReplaceReadGroups	Processed    42,000,000 records.  Elapsed time: 00:12:06s.  Time for last 1,000,000:   17s.  Last read position: Supercontig_1.5:550,705
INFO	2017-12-18 23:52:47	AddOrReplaceReadGroups	Processed    43,000,000 records.  Elapsed time: 00:12:23s.  Time for last 1,000,000:   17s.  Last read position: Supercontig_1.1:351,838
INFO	2017-12-18 23:53:04	AddOrReplaceReadGroups	Processed    44,000,000 records.  Elapsed time: 00:12:40s.  Time for last 1,000,000:   17s.  Last read position: Supercontig_1.3:169,702
INFO	2017-12-18 23:53:21	AddOrReplaceReadGroups	Processed    45,000,000 records.  Elapsed time: 00:12:57s.  Time for last 1,000,000:   16s.  Last read position: Supercontig_1.4:362,209
INFO	2017-12-18 23:53:41	AddOrReplaceReadGroups	Processed    46,000,000 records.  Elapsed time: 00:13:17s.  Time for last 1,000,000:   19s.  Last read position: Supercontig_1.1:291,998
INFO	2017-12-18 23:53:58	AddOrReplaceReadGroups	Processed    47,000,000 records.  Elapsed time: 00:13:34s.  Time for last 1,000,000:   17s.  Last read position: Supercontig_1.3:122,371
INFO	2017-12-18 23:54:16	AddOrReplaceReadGroups	Processed    48,000,000 records.  Elapsed time: 00:13:52s.  Time for last 1,000,000:   18s.  Last read position: Supercontig_1.6:608,266
[Mon Dec 18 23:59:58 PST 2017] picard.sam.AddOrReplaceReadGroups done. Elapsed time: 19.60 minutes.
Runtime.totalMemory()=5255987200
