DHED17-38381405 U3B 1
aln/U3B.r1.sam aln/U3B.r1.bam
CREATE_INDEX=true VALIDATION_STRINGENCY=LENIENT TMP_DIR=/scratch/jstajich RGID=DHED17-38381405 RGSM=U3B.r1 RGPL=NextSeq RGPU=Dartmouth RGLB=DHED17-38381405
23:40:28.025 INFO  NativeLibraryLoader - Loading libgkl_compression.so from jar:file:/bigdata/bioinfo/pkgadmin/opt/linux/centos/7.x/x86_64/pkgs/picard/2.14.1/lib/picard.jar!/com/intel/gkl/native/libgkl_compression.so
[Mon Dec 18 23:40:28 PST 2017] AddOrReplaceReadGroups INPUT=aln/U3B.r1.sam OUTPUT=aln/U3B.r1.bam SORT_ORDER=coordinate RGID=DHED17-38381405 RGLB=DHED17-38381405 RGPL=NextSeq RGPU=Dartmouth RGSM=U3B.r1 TMP_DIR=[/scratch/jstajich] VALIDATION_STRINGENCY=LENIENT CREATE_INDEX=true    VERBOSITY=INFO QUIET=false COMPRESSION_LEVEL=5 MAX_RECORDS_IN_RAM=500000 CREATE_MD5_FILE=false GA4GH_CLIENT_SECRETS=client_secrets.json USE_JDK_DEFLATER=false USE_JDK_INFLATER=false
[Mon Dec 18 23:40:28 PST 2017] Executing as jstajich@i33 on Linux 3.10.0-229.1.2.el7.x86_64 amd64; Java HotSpot(TM) 64-Bit Server VM 1.8.0_45-b14; Deflater: Intel; Inflater: Intel; Picard version: 2.14.1-SNAPSHOT
Ignoring SAM validation error: ERROR: Error parsing SAM header. @RG line missing SM tag. Line:
@RG	ID:DHED17-38381405
INFO	2017-12-18 23:40:28	AddOrReplaceReadGroups	Created read group ID=DHED17-38381405 PL=NextSeq LB=DHED17-38381405 SM=U3B.r1

INFO	2017-12-18 23:40:56	AddOrReplaceReadGroups	Processed     1,000,000 records.  Elapsed time: 00:00:27s.  Time for last 1,000,000:   27s.  Last read position: Supercontig_1.2:263,235
INFO	2017-12-18 23:41:18	AddOrReplaceReadGroups	Processed     2,000,000 records.  Elapsed time: 00:00:50s.  Time for last 1,000,000:   22s.  Last read position: Supercontig_1.2:980,277
INFO	2017-12-18 23:41:47	AddOrReplaceReadGroups	Processed     3,000,000 records.  Elapsed time: 00:01:18s.  Time for last 1,000,000:   28s.  Last read position: Supercontig_1.5:710,597
INFO	2017-12-18 23:42:11	AddOrReplaceReadGroups	Processed     4,000,000 records.  Elapsed time: 00:01:43s.  Time for last 1,000,000:   24s.  Last read position: Supercontig_1.4:1,425,810
INFO	2017-12-18 23:42:38	AddOrReplaceReadGroups	Processed     5,000,000 records.  Elapsed time: 00:02:09s.  Time for last 1,000,000:   26s.  Last read position: Supercontig_1.2:587,285
INFO	2017-12-18 23:43:02	AddOrReplaceReadGroups	Processed     6,000,000 records.  Elapsed time: 00:02:34s.  Time for last 1,000,000:   24s.  Last read position: Supercontig_1.6:490,275
INFO	2017-12-18 23:43:28	AddOrReplaceReadGroups	Processed     7,000,000 records.  Elapsed time: 00:03:00s.  Time for last 1,000,000:   25s.  Last read position: Supercontig_1.2:1,217,516
INFO	2017-12-18 23:43:51	AddOrReplaceReadGroups	Processed     8,000,000 records.  Elapsed time: 00:03:23s.  Time for last 1,000,000:   23s.  Last read position: Supercontig_1.4:1,425,741
INFO	2017-12-18 23:44:17	AddOrReplaceReadGroups	Processed     9,000,000 records.  Elapsed time: 00:03:49s.  Time for last 1,000,000:   25s.  Last read position: Supercontig_1.4:1,188,559
INFO	2017-12-18 23:44:41	AddOrReplaceReadGroups	Processed    10,000,000 records.  Elapsed time: 00:04:13s.  Time for last 1,000,000:   23s.  Last read position: Supercontig_1.8:441,151
INFO	2017-12-18 23:45:06	AddOrReplaceReadGroups	Processed    11,000,000 records.  Elapsed time: 00:04:38s.  Time for last 1,000,000:   24s.  Last read position: Supercontig_1.2:1,852,157
INFO	2017-12-18 23:45:29	AddOrReplaceReadGroups	Processed    12,000,000 records.  Elapsed time: 00:05:01s.  Time for last 1,000,000:   22s.  Last read position: Supercontig_1.1:1,723,061
INFO	2017-12-18 23:45:53	AddOrReplaceReadGroups	Processed    13,000,000 records.  Elapsed time: 00:05:25s.  Time for last 1,000,000:   24s.  Last read position: Supercontig_1.2:789,724
INFO	2017-12-18 23:46:20	AddOrReplaceReadGroups	Processed    14,000,000 records.  Elapsed time: 00:05:52s.  Time for last 1,000,000:   26s.  Last read position: Supercontig_1.4:1,540,784
INFO	2017-12-18 23:46:42	AddOrReplaceReadGroups	Processed    15,000,000 records.  Elapsed time: 00:06:14s.  Time for last 1,000,000:   21s.  Last read position: Supercontig_1.2:597,428
INFO	2017-12-18 23:47:02	AddOrReplaceReadGroups	Processed    16,000,000 records.  Elapsed time: 00:06:34s.  Time for last 1,000,000:   20s.  Last read position: Supercontig_1.7:580,170
INFO	2017-12-18 23:47:26	AddOrReplaceReadGroups	Processed    17,000,000 records.  Elapsed time: 00:06:58s.  Time for last 1,000,000:   24s.  Last read position: Supercontig_1.3:983,360
INFO	2017-12-18 23:47:50	AddOrReplaceReadGroups	Processed    18,000,000 records.  Elapsed time: 00:07:21s.  Time for last 1,000,000:   23s.  Last read position: Supercontig_1.1:1,270,551
INFO	2017-12-18 23:48:16	AddOrReplaceReadGroups	Processed    19,000,000 records.  Elapsed time: 00:07:48s.  Time for last 1,000,000:   26s.  Last read position: */*
INFO	2017-12-18 23:48:39	AddOrReplaceReadGroups	Processed    20,000,000 records.  Elapsed time: 00:08:11s.  Time for last 1,000,000:   23s.  Last read position: Supercontig_1.1:789,999
INFO	2017-12-18 23:49:04	AddOrReplaceReadGroups	Processed    21,000,000 records.  Elapsed time: 00:08:36s.  Time for last 1,000,000:   24s.  Last read position: Supercontig_1.4:943,126
INFO	2017-12-18 23:49:27	AddOrReplaceReadGroups	Processed    22,000,000 records.  Elapsed time: 00:08:59s.  Time for last 1,000,000:   22s.  Last read position: Supercontig_1.1:244,320
INFO	2017-12-18 23:49:51	AddOrReplaceReadGroups	Processed    23,000,000 records.  Elapsed time: 00:09:23s.  Time for last 1,000,000:   24s.  Last read position: Supercontig_1.3:650,750
INFO	2017-12-18 23:50:15	AddOrReplaceReadGroups	Processed    24,000,000 records.  Elapsed time: 00:09:47s.  Time for last 1,000,000:   24s.  Last read position: Supercontig_1.2:1,042,441
INFO	2017-12-18 23:50:40	AddOrReplaceReadGroups	Processed    25,000,000 records.  Elapsed time: 00:10:11s.  Time for last 1,000,000:   24s.  Last read position: Supercontig_1.4:975,578
INFO	2017-12-18 23:51:05	AddOrReplaceReadGroups	Processed    26,000,000 records.  Elapsed time: 00:10:36s.  Time for last 1,000,000:   25s.  Last read position: Supercontig_1.4:1,200,578
INFO	2017-12-18 23:51:28	AddOrReplaceReadGroups	Processed    27,000,000 records.  Elapsed time: 00:11:00s.  Time for last 1,000,000:   23s.  Last read position: Supercontig_1.1:828,102
INFO	2017-12-18 23:51:56	AddOrReplaceReadGroups	Processed    28,000,000 records.  Elapsed time: 00:11:28s.  Time for last 1,000,000:   27s.  Last read position: Supercontig_1.3:430,719
INFO	2017-12-18 23:52:21	AddOrReplaceReadGroups	Processed    29,000,000 records.  Elapsed time: 00:11:53s.  Time for last 1,000,000:   24s.  Last read position: Supercontig_1.7:372,934
INFO	2017-12-18 23:52:44	AddOrReplaceReadGroups	Processed    30,000,000 records.  Elapsed time: 00:12:16s.  Time for last 1,000,000:   23s.  Last read position: Supercontig_1.1:1,126,294
INFO	2017-12-18 23:53:07	AddOrReplaceReadGroups	Processed    31,000,000 records.  Elapsed time: 00:12:38s.  Time for last 1,000,000:   22s.  Last read position: Supercontig_1.5:144,905
INFO	2017-12-18 23:53:31	AddOrReplaceReadGroups	Processed    32,000,000 records.  Elapsed time: 00:13:03s.  Time for last 1,000,000:   24s.  Last read position: Supercontig_1.1:741,131
INFO	2017-12-18 23:53:57	AddOrReplaceReadGroups	Processed    33,000,000 records.  Elapsed time: 00:13:28s.  Time for last 1,000,000:   25s.  Last read position: Supercontig_1.1:350,883
INFO	2017-12-18 23:54:19	AddOrReplaceReadGroups	Processed    34,000,000 records.  Elapsed time: 00:13:50s.  Time for last 1,000,000:   22s.  Last read position: */*
INFO	2017-12-18 23:54:45	AddOrReplaceReadGroups	Processed    35,000,000 records.  Elapsed time: 00:14:16s.  Time for last 1,000,000:   26s.  Last read position: */*
INFO	2017-12-18 23:55:07	AddOrReplaceReadGroups	Processed    36,000,000 records.  Elapsed time: 00:14:38s.  Time for last 1,000,000:   21s.  Last read position: Supercontig_1.1:1,044,855
INFO	2017-12-18 23:55:33	AddOrReplaceReadGroups	Processed    37,000,000 records.  Elapsed time: 00:15:05s.  Time for last 1,000,000:   26s.  Last read position: Supercontig_1.1:2,093,369
INFO	2017-12-18 23:55:56	AddOrReplaceReadGroups	Processed    38,000,000 records.  Elapsed time: 00:15:27s.  Time for last 1,000,000:   22s.  Last read position: Supercontig_1.1:1,149,965
INFO	2017-12-18 23:56:19	AddOrReplaceReadGroups	Processed    39,000,000 records.  Elapsed time: 00:15:51s.  Time for last 1,000,000:   23s.  Last read position: Supercontig_1.1:238,789
INFO	2017-12-18 23:56:43	AddOrReplaceReadGroups	Processed    40,000,000 records.  Elapsed time: 00:16:15s.  Time for last 1,000,000:   23s.  Last read position: Supercontig_1.1:1,471,834
INFO	2017-12-18 23:57:06	AddOrReplaceReadGroups	Processed    41,000,000 records.  Elapsed time: 00:16:37s.  Time for last 1,000,000:   22s.  Last read position: Supercontig_1.1:970,045
INFO	2017-12-18 23:57:27	AddOrReplaceReadGroups	Processed    42,000,000 records.  Elapsed time: 00:16:59s.  Time for last 1,000,000:   21s.  Last read position: Supercontig_1.4:1,157,542
INFO	2017-12-18 23:57:52	AddOrReplaceReadGroups	Processed    43,000,000 records.  Elapsed time: 00:17:24s.  Time for last 1,000,000:   25s.  Last read position: Supercontig_1.5:748,287
INFO	2017-12-18 23:58:17	AddOrReplaceReadGroups	Processed    44,000,000 records.  Elapsed time: 00:17:49s.  Time for last 1,000,000:   24s.  Last read position: Supercontig_1.3:256,292
INFO	2017-12-18 23:58:40	AddOrReplaceReadGroups	Processed    45,000,000 records.  Elapsed time: 00:18:12s.  Time for last 1,000,000:   23s.  Last read position: Supercontig_1.4:1,776,417
INFO	2017-12-18 23:59:04	AddOrReplaceReadGroups	Processed    46,000,000 records.  Elapsed time: 00:18:35s.  Time for last 1,000,000:   23s.  Last read position: Supercontig_1.8:315,243
INFO	2017-12-18 23:59:25	AddOrReplaceReadGroups	Processed    47,000,000 records.  Elapsed time: 00:18:57s.  Time for last 1,000,000:   21s.  Last read position: Supercontig_1.1:1,923,468
INFO	2017-12-18 23:59:48	AddOrReplaceReadGroups	Processed    48,000,000 records.  Elapsed time: 00:19:19s.  Time for last 1,000,000:   22s.  Last read position: Supercontig_1.1:1,697,734
INFO	2017-12-19 00:00:10	AddOrReplaceReadGroups	Processed    49,000,000 records.  Elapsed time: 00:19:41s.  Time for last 1,000,000:   21s.  Last read position: Supercontig_1.5:1,342,170
INFO	2017-12-19 00:00:35	AddOrReplaceReadGroups	Processed    50,000,000 records.  Elapsed time: 00:20:06s.  Time for last 1,000,000:   25s.  Last read position: Supercontig_1.2:906,140
INFO	2017-12-19 00:00:57	AddOrReplaceReadGroups	Processed    51,000,000 records.  Elapsed time: 00:20:28s.  Time for last 1,000,000:   21s.  Last read position: Supercontig_1.1:376,559
INFO	2017-12-19 00:01:20	AddOrReplaceReadGroups	Processed    52,000,000 records.  Elapsed time: 00:20:52s.  Time for last 1,000,000:   23s.  Last read position: Supercontig_1.6:768,514
INFO	2017-12-19 00:01:44	AddOrReplaceReadGroups	Processed    53,000,000 records.  Elapsed time: 00:21:15s.  Time for last 1,000,000:   23s.  Last read position: */*
INFO	2017-12-19 00:02:07	AddOrReplaceReadGroups	Processed    54,000,000 records.  Elapsed time: 00:21:38s.  Time for last 1,000,000:   23s.  Last read position: Supercontig_1.6:417,523
INFO	2017-12-19 00:02:32	AddOrReplaceReadGroups	Processed    55,000,000 records.  Elapsed time: 00:22:03s.  Time for last 1,000,000:   24s.  Last read position: Supercontig_1.6:384,667
INFO	2017-12-19 00:02:58	AddOrReplaceReadGroups	Processed    56,000,000 records.  Elapsed time: 00:22:29s.  Time for last 1,000,000:   25s.  Last read position: Supercontig_1.3:1,384,868
INFO	2017-12-19 00:03:20	AddOrReplaceReadGroups	Processed    57,000,000 records.  Elapsed time: 00:22:52s.  Time for last 1,000,000:   22s.  Last read position: Supercontig_1.3:286,859
INFO	2017-12-19 00:03:43	AddOrReplaceReadGroups	Processed    58,000,000 records.  Elapsed time: 00:23:15s.  Time for last 1,000,000:   23s.  Last read position: Supercontig_1.2:1,217,779
INFO	2017-12-19 00:04:05	AddOrReplaceReadGroups	Processed    59,000,000 records.  Elapsed time: 00:23:37s.  Time for last 1,000,000:   22s.  Last read position: Supercontig_1.5:310,691
INFO	2017-12-19 00:04:26	AddOrReplaceReadGroups	Processed    60,000,000 records.  Elapsed time: 00:23:58s.  Time for last 1,000,000:   21s.  Last read position: Supercontig_1.7:259,762
[Tue Dec 19 00:15:01 PST 2017] picard.sam.AddOrReplaceReadGroups done. Elapsed time: 34.56 minutes.
Runtime.totalMemory()=5133303808
