DHED19-38376453 U3B 2
aln/U3B.r2.sam aln/U3B.r2.bam
CREATE_INDEX=true VALIDATION_STRINGENCY=LENIENT TMP_DIR=/scratch/jstajich RGID=DHED19-38376453 RGSM=U3B.r2 RGPL=NextSeq RGPU=Dartmouth RGLB=DHED19-38376453
23:40:27.365 INFO  NativeLibraryLoader - Loading libgkl_compression.so from jar:file:/bigdata/bioinfo/pkgadmin/opt/linux/centos/7.x/x86_64/pkgs/picard/2.14.1/lib/picard.jar!/com/intel/gkl/native/libgkl_compression.so
[Mon Dec 18 23:40:27 PST 2017] AddOrReplaceReadGroups INPUT=aln/U3B.r2.sam OUTPUT=aln/U3B.r2.bam SORT_ORDER=coordinate RGID=DHED19-38376453 RGLB=DHED19-38376453 RGPL=NextSeq RGPU=Dartmouth RGSM=U3B.r2 TMP_DIR=[/scratch/jstajich] VALIDATION_STRINGENCY=LENIENT CREATE_INDEX=true    VERBOSITY=INFO QUIET=false COMPRESSION_LEVEL=5 MAX_RECORDS_IN_RAM=500000 CREATE_MD5_FILE=false GA4GH_CLIENT_SECRETS=client_secrets.json USE_JDK_DEFLATER=false USE_JDK_INFLATER=false
[Mon Dec 18 23:40:27 PST 2017] Executing as jstajich@i33 on Linux 3.10.0-229.1.2.el7.x86_64 amd64; Java HotSpot(TM) 64-Bit Server VM 1.8.0_45-b14; Deflater: Intel; Inflater: Intel; Picard version: 2.14.1-SNAPSHOT
Ignoring SAM validation error: ERROR: Error parsing SAM header. @RG line missing SM tag. Line:
@RG	ID:DHED19-38376453
INFO	2017-12-18 23:40:27	AddOrReplaceReadGroups	Created read group ID=DHED19-38376453 PL=NextSeq LB=DHED19-38376453 SM=U3B.r2

INFO	2017-12-18 23:40:55	AddOrReplaceReadGroups	Processed     1,000,000 records.  Elapsed time: 00:00:27s.  Time for last 1,000,000:   27s.  Last read position: Supercontig_1.2:264,234
INFO	2017-12-18 23:41:19	AddOrReplaceReadGroups	Processed     2,000,000 records.  Elapsed time: 00:00:51s.  Time for last 1,000,000:   24s.  Last read position: Supercontig_1.3:1,580,866
INFO	2017-12-18 23:41:47	AddOrReplaceReadGroups	Processed     3,000,000 records.  Elapsed time: 00:01:19s.  Time for last 1,000,000:   27s.  Last read position: Supercontig_1.5:749,732
INFO	2017-12-18 23:42:11	AddOrReplaceReadGroups	Processed     4,000,000 records.  Elapsed time: 00:01:43s.  Time for last 1,000,000:   24s.  Last read position: Supercontig_1.6:287,134
INFO	2017-12-18 23:42:36	AddOrReplaceReadGroups	Processed     5,000,000 records.  Elapsed time: 00:02:08s.  Time for last 1,000,000:   24s.  Last read position: Supercontig_1.4:1,039,190
INFO	2017-12-18 23:43:01	AddOrReplaceReadGroups	Processed     6,000,000 records.  Elapsed time: 00:02:33s.  Time for last 1,000,000:   25s.  Last read position: Supercontig_1.5:630,150
INFO	2017-12-18 23:43:24	AddOrReplaceReadGroups	Processed     7,000,000 records.  Elapsed time: 00:02:56s.  Time for last 1,000,000:   22s.  Last read position: Supercontig_1.8:398,931
INFO	2017-12-18 23:43:47	AddOrReplaceReadGroups	Processed     8,000,000 records.  Elapsed time: 00:03:19s.  Time for last 1,000,000:   23s.  Last read position: Supercontig_1.4:1,612,214
INFO	2017-12-18 23:44:11	AddOrReplaceReadGroups	Processed     9,000,000 records.  Elapsed time: 00:03:43s.  Time for last 1,000,000:   24s.  Last read position: Supercontig_1.8:346,907
INFO	2017-12-18 23:44:35	AddOrReplaceReadGroups	Processed    10,000,000 records.  Elapsed time: 00:04:08s.  Time for last 1,000,000:   24s.  Last read position: Supercontig_1.5:733,568
INFO	2017-12-18 23:45:00	AddOrReplaceReadGroups	Processed    11,000,000 records.  Elapsed time: 00:04:32s.  Time for last 1,000,000:   24s.  Last read position: Supercontig_1.5:1,033,182
INFO	2017-12-18 23:45:23	AddOrReplaceReadGroups	Processed    12,000,000 records.  Elapsed time: 00:04:55s.  Time for last 1,000,000:   23s.  Last read position: Supercontig_1.1:962,646
INFO	2017-12-18 23:45:48	AddOrReplaceReadGroups	Processed    13,000,000 records.  Elapsed time: 00:05:20s.  Time for last 1,000,000:   24s.  Last read position: Supercontig_1.5:1,048,005
INFO	2017-12-18 23:46:17	AddOrReplaceReadGroups	Processed    14,000,000 records.  Elapsed time: 00:05:50s.  Time for last 1,000,000:   29s.  Last read position: Supercontig_1.3:593,162
INFO	2017-12-18 23:46:45	AddOrReplaceReadGroups	Processed    15,000,000 records.  Elapsed time: 00:06:17s.  Time for last 1,000,000:   27s.  Last read position: Supercontig_1.2:1,573,002
INFO	2017-12-18 23:47:06	AddOrReplaceReadGroups	Processed    16,000,000 records.  Elapsed time: 00:06:38s.  Time for last 1,000,000:   20s.  Last read position: Supercontig_1.6:654,052
INFO	2017-12-18 23:47:30	AddOrReplaceReadGroups	Processed    17,000,000 records.  Elapsed time: 00:07:02s.  Time for last 1,000,000:   23s.  Last read position: Supercontig_1.2:708,048
INFO	2017-12-18 23:47:55	AddOrReplaceReadGroups	Processed    18,000,000 records.  Elapsed time: 00:07:28s.  Time for last 1,000,000:   25s.  Last read position: Supercontig_1.4:1,393,095
INFO	2017-12-18 23:48:19	AddOrReplaceReadGroups	Processed    19,000,000 records.  Elapsed time: 00:07:51s.  Time for last 1,000,000:   23s.  Last read position: Supercontig_1.5:50,994
INFO	2017-12-18 23:48:43	AddOrReplaceReadGroups	Processed    20,000,000 records.  Elapsed time: 00:08:15s.  Time for last 1,000,000:   23s.  Last read position: */*
INFO	2017-12-18 23:49:07	AddOrReplaceReadGroups	Processed    21,000,000 records.  Elapsed time: 00:08:39s.  Time for last 1,000,000:   24s.  Last read position: Supercontig_1.2:597,920
INFO	2017-12-18 23:49:29	AddOrReplaceReadGroups	Processed    22,000,000 records.  Elapsed time: 00:09:01s.  Time for last 1,000,000:   22s.  Last read position: Supercontig_1.1:1,691,964
INFO	2017-12-18 23:49:53	AddOrReplaceReadGroups	Processed    23,000,000 records.  Elapsed time: 00:09:25s.  Time for last 1,000,000:   23s.  Last read position: Supercontig_1.1:424,852
INFO	2017-12-18 23:50:18	AddOrReplaceReadGroups	Processed    24,000,000 records.  Elapsed time: 00:09:51s.  Time for last 1,000,000:   25s.  Last read position: Supercontig_1.1:1,055,286
INFO	2017-12-18 23:50:46	AddOrReplaceReadGroups	Processed    25,000,000 records.  Elapsed time: 00:10:18s.  Time for last 1,000,000:   27s.  Last read position: Supercontig_1.2:1,217,933
INFO	2017-12-18 23:51:10	AddOrReplaceReadGroups	Processed    26,000,000 records.  Elapsed time: 00:10:42s.  Time for last 1,000,000:   24s.  Last read position: Supercontig_1.8:424,474
INFO	2017-12-18 23:51:33	AddOrReplaceReadGroups	Processed    27,000,000 records.  Elapsed time: 00:11:06s.  Time for last 1,000,000:   23s.  Last read position: Supercontig_1.5:1,018,877
INFO	2017-12-18 23:51:56	AddOrReplaceReadGroups	Processed    28,000,000 records.  Elapsed time: 00:11:28s.  Time for last 1,000,000:   22s.  Last read position: Supercontig_1.4:539,868
INFO	2017-12-18 23:52:21	AddOrReplaceReadGroups	Processed    29,000,000 records.  Elapsed time: 00:11:53s.  Time for last 1,000,000:   25s.  Last read position: Supercontig_1.4:1,144,997
INFO	2017-12-18 23:52:47	AddOrReplaceReadGroups	Processed    30,000,000 records.  Elapsed time: 00:12:19s.  Time for last 1,000,000:   26s.  Last read position: Supercontig_1.1:1,082,635
INFO	2017-12-18 23:53:12	AddOrReplaceReadGroups	Processed    31,000,000 records.  Elapsed time: 00:12:44s.  Time for last 1,000,000:   25s.  Last read position: Supercontig_1.5:267,471
INFO	2017-12-18 23:53:36	AddOrReplaceReadGroups	Processed    32,000,000 records.  Elapsed time: 00:13:08s.  Time for last 1,000,000:   23s.  Last read position: Supercontig_1.5:476,082
INFO	2017-12-18 23:53:59	AddOrReplaceReadGroups	Processed    33,000,000 records.  Elapsed time: 00:13:31s.  Time for last 1,000,000:   23s.  Last read position: Supercontig_1.2:707,730
INFO	2017-12-18 23:54:19	AddOrReplaceReadGroups	Processed    34,000,000 records.  Elapsed time: 00:13:51s.  Time for last 1,000,000:   19s.  Last read position: Supercontig_1.2:1,662,606
INFO	2017-12-18 23:54:44	AddOrReplaceReadGroups	Processed    35,000,000 records.  Elapsed time: 00:14:16s.  Time for last 1,000,000:   25s.  Last read position: Supercontig_1.8:470,877
INFO	2017-12-18 23:55:10	AddOrReplaceReadGroups	Processed    36,000,000 records.  Elapsed time: 00:14:42s.  Time for last 1,000,000:   25s.  Last read position: Supercontig_1.1:718,079
INFO	2017-12-18 23:55:34	AddOrReplaceReadGroups	Processed    37,000,000 records.  Elapsed time: 00:15:06s.  Time for last 1,000,000:   23s.  Last read position: Supercontig_1.1:476,700
INFO	2017-12-18 23:55:58	AddOrReplaceReadGroups	Processed    38,000,000 records.  Elapsed time: 00:15:30s.  Time for last 1,000,000:   23s.  Last read position: Supercontig_1.7:591,053
INFO	2017-12-18 23:56:23	AddOrReplaceReadGroups	Processed    39,000,000 records.  Elapsed time: 00:15:55s.  Time for last 1,000,000:   25s.  Last read position: Supercontig_1.4:1,232,120
INFO	2017-12-18 23:56:47	AddOrReplaceReadGroups	Processed    40,000,000 records.  Elapsed time: 00:16:19s.  Time for last 1,000,000:   23s.  Last read position: */*
INFO	2017-12-18 23:57:09	AddOrReplaceReadGroups	Processed    41,000,000 records.  Elapsed time: 00:16:41s.  Time for last 1,000,000:   22s.  Last read position: Supercontig_1.1:1,723,078
INFO	2017-12-18 23:57:33	AddOrReplaceReadGroups	Processed    42,000,000 records.  Elapsed time: 00:17:05s.  Time for last 1,000,000:   24s.  Last read position: Supercontig_1.4:1,201,768
INFO	2017-12-18 23:57:56	AddOrReplaceReadGroups	Processed    43,000,000 records.  Elapsed time: 00:17:28s.  Time for last 1,000,000:   23s.  Last read position: Supercontig_1.2:1,065,540
INFO	2017-12-18 23:58:22	AddOrReplaceReadGroups	Processed    44,000,000 records.  Elapsed time: 00:17:55s.  Time for last 1,000,000:   26s.  Last read position: Supercontig_1.3:287,269
INFO	2017-12-18 23:58:44	AddOrReplaceReadGroups	Processed    45,000,000 records.  Elapsed time: 00:18:17s.  Time for last 1,000,000:   22s.  Last read position: Supercontig_1.4:618,344
INFO	2017-12-18 23:59:07	AddOrReplaceReadGroups	Processed    46,000,000 records.  Elapsed time: 00:18:39s.  Time for last 1,000,000:   22s.  Last read position: Supercontig_1.1:829,173
INFO	2017-12-18 23:59:33	AddOrReplaceReadGroups	Processed    47,000,000 records.  Elapsed time: 00:19:05s.  Time for last 1,000,000:   25s.  Last read position: Supercontig_1.1:1,770,704
INFO	2017-12-18 23:59:56	AddOrReplaceReadGroups	Processed    48,000,000 records.  Elapsed time: 00:19:29s.  Time for last 1,000,000:   23s.  Last read position: Supercontig_1.5:873,126
INFO	2017-12-19 00:00:21	AddOrReplaceReadGroups	Processed    49,000,000 records.  Elapsed time: 00:19:53s.  Time for last 1,000,000:   24s.  Last read position: Supercontig_1.7:703,725
INFO	2017-12-19 00:00:45	AddOrReplaceReadGroups	Processed    50,000,000 records.  Elapsed time: 00:20:17s.  Time for last 1,000,000:   24s.  Last read position: */*
INFO	2017-12-19 00:01:11	AddOrReplaceReadGroups	Processed    51,000,000 records.  Elapsed time: 00:20:43s.  Time for last 1,000,000:   25s.  Last read position: Supercontig_1.4:1,322,676
INFO	2017-12-19 00:01:34	AddOrReplaceReadGroups	Processed    52,000,000 records.  Elapsed time: 00:21:06s.  Time for last 1,000,000:   22s.  Last read position: Supercontig_1.2:265,057
INFO	2017-12-19 00:01:57	AddOrReplaceReadGroups	Processed    53,000,000 records.  Elapsed time: 00:21:29s.  Time for last 1,000,000:   23s.  Last read position: Supercontig_1.3:11,917
[Tue Dec 19 00:11:36 PST 2017] picard.sam.AddOrReplaceReadGroups done. Elapsed time: 31.15 minutes.
Runtime.totalMemory()=5479333888
