DHED3-38373436 U10D 2
aln/U10D.r2.sam aln/U10D.r2.bam
CREATE_INDEX=true VALIDATION_STRINGENCY=LENIENT TMP_DIR=/scratch/jstajich RGID=DHED3-38373436 RGSM=U10D.r2 RGPL=NextSeq RGPU=Dartmouth RGLB=DHED3-38373436
23:40:30.192 INFO  NativeLibraryLoader - Loading libgkl_compression.so from jar:file:/bigdata/bioinfo/pkgadmin/opt/linux/centos/7.x/x86_64/pkgs/picard/2.14.1/lib/picard.jar!/com/intel/gkl/native/libgkl_compression.so
[Mon Dec 18 23:40:30 PST 2017] AddOrReplaceReadGroups INPUT=aln/U10D.r2.sam OUTPUT=aln/U10D.r2.bam SORT_ORDER=coordinate RGID=DHED3-38373436 RGLB=DHED3-38373436 RGPL=NextSeq RGPU=Dartmouth RGSM=U10D.r2 TMP_DIR=[/scratch/jstajich] VALIDATION_STRINGENCY=LENIENT CREATE_INDEX=true    VERBOSITY=INFO QUIET=false COMPRESSION_LEVEL=5 MAX_RECORDS_IN_RAM=500000 CREATE_MD5_FILE=false GA4GH_CLIENT_SECRETS=client_secrets.json USE_JDK_DEFLATER=false USE_JDK_INFLATER=false
[Mon Dec 18 23:40:30 PST 2017] Executing as jstajich@i39 on Linux 3.10.0-229.1.2.el7.x86_64 amd64; Java HotSpot(TM) 64-Bit Server VM 1.8.0_45-b14; Deflater: Intel; Inflater: Intel; Picard version: 2.14.1-SNAPSHOT
Ignoring SAM validation error: ERROR: Error parsing SAM header. @RG line missing SM tag. Line:
@RG	ID:DHED3-38373436
INFO	2017-12-18 23:40:31	AddOrReplaceReadGroups	Created read group ID=DHED3-38373436 PL=NextSeq LB=DHED3-38373436 SM=U10D.r2

INFO	2017-12-18 23:41:30	AddOrReplaceReadGroups	Processed     1,000,000 records.  Elapsed time: 00:00:59s.  Time for last 1,000,000:   59s.  Last read position: Supercontig_1.4:1,471,356
INFO	2017-12-18 23:42:31	AddOrReplaceReadGroups	Processed     2,000,000 records.  Elapsed time: 00:02:00s.  Time for last 1,000,000:   61s.  Last read position: Supercontig_1.2:1,929,167
INFO	2017-12-18 23:43:36	AddOrReplaceReadGroups	Processed     3,000,000 records.  Elapsed time: 00:03:04s.  Time for last 1,000,000:   64s.  Last read position: Supercontig_1.7:270,111
INFO	2017-12-18 23:44:42	AddOrReplaceReadGroups	Processed     4,000,000 records.  Elapsed time: 00:04:10s.  Time for last 1,000,000:   66s.  Last read position: */*
INFO	2017-12-18 23:45:46	AddOrReplaceReadGroups	Processed     5,000,000 records.  Elapsed time: 00:05:15s.  Time for last 1,000,000:   64s.  Last read position: Supercontig_1.4:1,396,843
INFO	2017-12-18 23:46:54	AddOrReplaceReadGroups	Processed     6,000,000 records.  Elapsed time: 00:06:22s.  Time for last 1,000,000:   67s.  Last read position: Supercontig_1.4:484,412
INFO	2017-12-18 23:48:02	AddOrReplaceReadGroups	Processed     7,000,000 records.  Elapsed time: 00:07:31s.  Time for last 1,000,000:   68s.  Last read position: Supercontig_1.5:430,197
INFO	2017-12-18 23:49:03	AddOrReplaceReadGroups	Processed     8,000,000 records.  Elapsed time: 00:08:32s.  Time for last 1,000,000:   60s.  Last read position: Supercontig_1.2:995,364
INFO	2017-12-18 23:50:09	AddOrReplaceReadGroups	Processed     9,000,000 records.  Elapsed time: 00:09:38s.  Time for last 1,000,000:   66s.  Last read position: Supercontig_1.4:78,650
INFO	2017-12-18 23:51:14	AddOrReplaceReadGroups	Processed    10,000,000 records.  Elapsed time: 00:10:42s.  Time for last 1,000,000:   64s.  Last read position: Supercontig_1.5:281,180
INFO	2017-12-18 23:52:13	AddOrReplaceReadGroups	Processed    11,000,000 records.  Elapsed time: 00:11:42s.  Time for last 1,000,000:   59s.  Last read position: Supercontig_1.1:829,010
INFO	2017-12-18 23:53:21	AddOrReplaceReadGroups	Processed    12,000,000 records.  Elapsed time: 00:12:50s.  Time for last 1,000,000:   68s.  Last read position: Supercontig_1.2:1,766,235
INFO	2017-12-18 23:54:27	AddOrReplaceReadGroups	Processed    13,000,000 records.  Elapsed time: 00:13:56s.  Time for last 1,000,000:   65s.  Last read position: Supercontig_1.1:2,356,314
INFO	2017-12-18 23:55:36	AddOrReplaceReadGroups	Processed    14,000,000 records.  Elapsed time: 00:15:04s.  Time for last 1,000,000:   68s.  Last read position: Supercontig_1.5:633,817
INFO	2017-12-18 23:56:35	AddOrReplaceReadGroups	Processed    15,000,000 records.  Elapsed time: 00:16:04s.  Time for last 1,000,000:   59s.  Last read position: Supercontig_1.5:725,963
INFO	2017-12-18 23:57:41	AddOrReplaceReadGroups	Processed    16,000,000 records.  Elapsed time: 00:17:09s.  Time for last 1,000,000:   65s.  Last read position: Supercontig_1.1:1,826,616
INFO	2017-12-18 23:58:46	AddOrReplaceReadGroups	Processed    17,000,000 records.  Elapsed time: 00:18:15s.  Time for last 1,000,000:   65s.  Last read position: Supercontig_1.2:1,811,701
INFO	2017-12-18 23:59:46	AddOrReplaceReadGroups	Processed    18,000,000 records.  Elapsed time: 00:19:14s.  Time for last 1,000,000:   59s.  Last read position: Supercontig_1.4:1,776,124
INFO	2017-12-19 00:00:50	AddOrReplaceReadGroups	Processed    19,000,000 records.  Elapsed time: 00:20:19s.  Time for last 1,000,000:   64s.  Last read position: Supercontig_1.6:677,791
INFO	2017-12-19 00:01:55	AddOrReplaceReadGroups	Processed    20,000,000 records.  Elapsed time: 00:21:23s.  Time for last 1,000,000:   64s.  Last read position: Supercontig_1.1:2,250,282
INFO	2017-12-19 00:02:57	AddOrReplaceReadGroups	Processed    21,000,000 records.  Elapsed time: 00:22:26s.  Time for last 1,000,000:   62s.  Last read position: */*
INFO	2017-12-19 00:03:56	AddOrReplaceReadGroups	Processed    22,000,000 records.  Elapsed time: 00:23:25s.  Time for last 1,000,000:   59s.  Last read position: Supercontig_1.4:1,214,145
INFO	2017-12-19 00:05:03	AddOrReplaceReadGroups	Processed    23,000,000 records.  Elapsed time: 00:24:32s.  Time for last 1,000,000:   67s.  Last read position: Supercontig_1.1:1,426,712
INFO	2017-12-19 00:06:08	AddOrReplaceReadGroups	Processed    24,000,000 records.  Elapsed time: 00:25:37s.  Time for last 1,000,000:   65s.  Last read position: Supercontig_1.1:1,873,248
INFO	2017-12-19 00:07:14	AddOrReplaceReadGroups	Processed    25,000,000 records.  Elapsed time: 00:26:43s.  Time for last 1,000,000:   65s.  Last read position: Supercontig_1.1:1,588,505
INFO	2017-12-19 00:08:15	AddOrReplaceReadGroups	Processed    26,000,000 records.  Elapsed time: 00:27:44s.  Time for last 1,000,000:   61s.  Last read position: Supercontig_1.4:81,349
INFO	2017-12-19 00:09:13	AddOrReplaceReadGroups	Processed    27,000,000 records.  Elapsed time: 00:28:42s.  Time for last 1,000,000:   58s.  Last read position: Supercontig_1.7:349,051
INFO	2017-12-19 00:10:18	AddOrReplaceReadGroups	Processed    28,000,000 records.  Elapsed time: 00:29:47s.  Time for last 1,000,000:   64s.  Last read position: Supercontig_1.7:710,360
INFO	2017-12-19 00:11:28	AddOrReplaceReadGroups	Processed    29,000,000 records.  Elapsed time: 00:30:57s.  Time for last 1,000,000:   69s.  Last read position: Supercontig_1.7:37,908
INFO	2017-12-19 00:12:32	AddOrReplaceReadGroups	Processed    30,000,000 records.  Elapsed time: 00:32:00s.  Time for last 1,000,000:   63s.  Last read position: Supercontig_1.4:1,336,152
INFO	2017-12-19 00:13:39	AddOrReplaceReadGroups	Processed    31,000,000 records.  Elapsed time: 00:33:08s.  Time for last 1,000,000:   67s.  Last read position: Supercontig_1.6:652,044
INFO	2017-12-19 00:14:39	AddOrReplaceReadGroups	Processed    32,000,000 records.  Elapsed time: 00:34:08s.  Time for last 1,000,000:   59s.  Last read position: Supercontig_1.5:126,016
INFO	2017-12-19 00:15:38	AddOrReplaceReadGroups	Processed    33,000,000 records.  Elapsed time: 00:35:07s.  Time for last 1,000,000:   58s.  Last read position: Supercontig_1.1:448,828
INFO	2017-12-19 00:16:37	AddOrReplaceReadGroups	Processed    34,000,000 records.  Elapsed time: 00:36:05s.  Time for last 1,000,000:   58s.  Last read position: Supercontig_1.4:975,547
INFO	2017-12-19 00:17:43	AddOrReplaceReadGroups	Processed    35,000,000 records.  Elapsed time: 00:37:12s.  Time for last 1,000,000:   66s.  Last read position: Supercontig_1.2:144,439
INFO	2017-12-19 00:18:51	AddOrReplaceReadGroups	Processed    36,000,000 records.  Elapsed time: 00:38:19s.  Time for last 1,000,000:   67s.  Last read position: Supercontig_1.1:828,567
INFO	2017-12-19 00:19:56	AddOrReplaceReadGroups	Processed    37,000,000 records.  Elapsed time: 00:39:25s.  Time for last 1,000,000:   65s.  Last read position: */*
INFO	2017-12-19 00:20:59	AddOrReplaceReadGroups	Processed    38,000,000 records.  Elapsed time: 00:40:28s.  Time for last 1,000,000:   63s.  Last read position: Supercontig_1.1:1,922,207
INFO	2017-12-19 00:22:02	AddOrReplaceReadGroups	Processed    39,000,000 records.  Elapsed time: 00:41:30s.  Time for last 1,000,000:   62s.  Last read position: Supercontig_1.4:975,669
INFO	2017-12-19 00:23:08	AddOrReplaceReadGroups	Processed    40,000,000 records.  Elapsed time: 00:42:37s.  Time for last 1,000,000:   66s.  Last read position: Supercontig_1.1:1,004,309
INFO	2017-12-19 00:24:12	AddOrReplaceReadGroups	Processed    41,000,000 records.  Elapsed time: 00:43:41s.  Time for last 1,000,000:   64s.  Last read position: Supercontig_1.1:409,143
INFO	2017-12-19 00:25:15	AddOrReplaceReadGroups	Processed    42,000,000 records.  Elapsed time: 00:44:44s.  Time for last 1,000,000:   63s.  Last read position: Supercontig_1.8:577,300
INFO	2017-12-19 00:26:18	AddOrReplaceReadGroups	Processed    43,000,000 records.  Elapsed time: 00:45:46s.  Time for last 1,000,000:   62s.  Last read position: Supercontig_1.6:120,678
INFO	2017-12-19 00:27:23	AddOrReplaceReadGroups	Processed    44,000,000 records.  Elapsed time: 00:46:52s.  Time for last 1,000,000:   65s.  Last read position: Supercontig_1.1:4,188
INFO	2017-12-19 00:28:31	AddOrReplaceReadGroups	Processed    45,000,000 records.  Elapsed time: 00:48:00s.  Time for last 1,000,000:   67s.  Last read position: Supercontig_1.1:790,691
INFO	2017-12-19 00:29:41	AddOrReplaceReadGroups	Processed    46,000,000 records.  Elapsed time: 00:49:10s.  Time for last 1,000,000:   69s.  Last read position: Supercontig_1.1:829,174
INFO	2017-12-19 00:30:47	AddOrReplaceReadGroups	Processed    47,000,000 records.  Elapsed time: 00:50:15s.  Time for last 1,000,000:   65s.  Last read position: */*
INFO	2017-12-19 00:31:50	AddOrReplaceReadGroups	Processed    48,000,000 records.  Elapsed time: 00:51:19s.  Time for last 1,000,000:   63s.  Last read position: Supercontig_1.2:1,899,852
INFO	2017-12-19 00:32:47	AddOrReplaceReadGroups	Processed    49,000,000 records.  Elapsed time: 00:52:15s.  Time for last 1,000,000:   56s.  Last read position: Supercontig_1.4:150,865
INFO	2017-12-19 00:33:54	AddOrReplaceReadGroups	Processed    50,000,000 records.  Elapsed time: 00:53:23s.  Time for last 1,000,000:   67s.  Last read position: Supercontig_1.4:1,325,905
INFO	2017-12-19 00:34:51	AddOrReplaceReadGroups	Processed    51,000,000 records.  Elapsed time: 00:54:20s.  Time for last 1,000,000:   57s.  Last read position: Supercontig_1.1:1,064,668
INFO	2017-12-19 00:35:45	AddOrReplaceReadGroups	Processed    52,000,000 records.  Elapsed time: 00:55:13s.  Time for last 1,000,000:   53s.  Last read position: Supercontig_1.4:1,354,374
INFO	2017-12-19 00:36:38	AddOrReplaceReadGroups	Processed    53,000,000 records.  Elapsed time: 00:56:06s.  Time for last 1,000,000:   53s.  Last read position: Supercontig_1.1:1,678,461
INFO	2017-12-19 00:37:42	AddOrReplaceReadGroups	Processed    54,000,000 records.  Elapsed time: 00:57:10s.  Time for last 1,000,000:   63s.  Last read position: Supercontig_1.3:736,964
INFO	2017-12-19 00:38:40	AddOrReplaceReadGroups	Processed    55,000,000 records.  Elapsed time: 00:58:08s.  Time for last 1,000,000:   58s.  Last read position: Supercontig_1.2:1,217,823
INFO	2017-12-19 00:39:39	AddOrReplaceReadGroups	Processed    56,000,000 records.  Elapsed time: 00:59:07s.  Time for last 1,000,000:   59s.  Last read position: Supercontig_1.8:143,732
[Tue Dec 19 01:06:51 PST 2017] picard.sam.AddOrReplaceReadGroups done. Elapsed time: 86.35 minutes.
Runtime.totalMemory()=4681891840
