DHED2-38379411 U10D_benomyl 1
aln/U10D_benomyl.r1.sam aln/U10D_benomyl.r1.bam
CREATE_INDEX=true VALIDATION_STRINGENCY=LENIENT TMP_DIR=/scratch/jstajich RGID=DHED2-38379411 RGSM=U10D_benomyl.r1 RGPL=NextSeq RGPU=Dartmouth RGLB=DHED2-38379411
INFO	2017-12-18 23:40:21	AddOrReplaceReadGroups	Processed     4,000,000 records.  Elapsed time: 00:00:31s.  Time for last 1,000,000:    7s.  Last read position: Supercontig_1.2:1,881,075
INFO	2017-12-18 23:40:30	AddOrReplaceReadGroups	Processed     5,000,000 records.  Elapsed time: 00:00:40s.  Time for last 1,000,000:    8s.  Last read position: Supercontig_1.4:620,178
INFO	2017-12-18 23:40:39	AddOrReplaceReadGroups	Processed     6,000,000 records.  Elapsed time: 00:00:48s.  Time for last 1,000,000:    8s.  Last read position: Supercontig_1.7:219,110
INFO	2017-12-18 23:40:48	AddOrReplaceReadGroups	Processed     7,000,000 records.  Elapsed time: 00:00:57s.  Time for last 1,000,000:    9s.  Last read position: Supercontig_1.3:712,052
INFO	2017-12-18 23:40:56	AddOrReplaceReadGroups	Processed     8,000,000 records.  Elapsed time: 00:01:06s.  Time for last 1,000,000:    8s.  Last read position: Supercontig_1.3:946,698
INFO	2017-12-18 23:41:06	AddOrReplaceReadGroups	Processed     9,000,000 records.  Elapsed time: 00:01:15s.  Time for last 1,000,000:    9s.  Last read position: Supercontig_1.1:969,683
INFO	2017-12-18 23:41:14	AddOrReplaceReadGroups	Processed    10,000,000 records.  Elapsed time: 00:01:23s.  Time for last 1,000,000:    8s.  Last read position: Supercontig_1.6:600,280
INFO	2017-12-18 23:41:22	AddOrReplaceReadGroups	Processed    11,000,000 records.  Elapsed time: 00:01:32s.  Time for last 1,000,000:    8s.  Last read position: Supercontig_1.1:1,216,432
INFO	2017-12-18 23:41:30	AddOrReplaceReadGroups	Processed    12,000,000 records.  Elapsed time: 00:01:40s.  Time for last 1,000,000:    7s.  Last read position: */*
INFO	2017-12-18 23:41:39	AddOrReplaceReadGroups	Processed    13,000,000 records.  Elapsed time: 00:01:48s.  Time for last 1,000,000:    8s.  Last read position: Supercontig_1.3:12,119
INFO	2017-12-18 23:41:46	AddOrReplaceReadGroups	Processed    14,000,000 records.  Elapsed time: 00:01:56s.  Time for last 1,000,000:    7s.  Last read position: */*
INFO	2017-12-18 23:41:55	AddOrReplaceReadGroups	Processed    15,000,000 records.  Elapsed time: 00:02:05s.  Time for last 1,000,000:    8s.  Last read position: Supercontig_1.3:395,734
INFO	2017-12-18 23:42:03	AddOrReplaceReadGroups	Processed    16,000,000 records.  Elapsed time: 00:02:12s.  Time for last 1,000,000:    7s.  Last read position: Supercontig_1.4:484,418
INFO	2017-12-18 23:42:11	AddOrReplaceReadGroups	Processed    17,000,000 records.  Elapsed time: 00:02:20s.  Time for last 1,000,000:    8s.  Last read position: Supercontig_1.1:229,972
INFO	2017-12-18 23:42:20	AddOrReplaceReadGroups	Processed    18,000,000 records.  Elapsed time: 00:02:29s.  Time for last 1,000,000:    8s.  Last read position: Supercontig_1.4:1,225,542
INFO	2017-12-18 23:42:27	AddOrReplaceReadGroups	Processed    19,000,000 records.  Elapsed time: 00:02:37s.  Time for last 1,000,000:    7s.  Last read position: Supercontig_1.1:2,015,984
INFO	2017-12-18 23:42:35	AddOrReplaceReadGroups	Processed    20,000,000 records.  Elapsed time: 00:02:44s.  Time for last 1,000,000:    7s.  Last read position: Supercontig_1.5:458,516
INFO	2017-12-18 23:42:43	AddOrReplaceReadGroups	Processed    21,000,000 records.  Elapsed time: 00:02:52s.  Time for last 1,000,000:    8s.  Last read position: Supercontig_1.8:661,421
INFO	2017-12-18 23:42:52	AddOrReplaceReadGroups	Processed    22,000,000 records.  Elapsed time: 00:03:01s.  Time for last 1,000,000:    8s.  Last read position: Supercontig_1.4:204,218
INFO	2017-12-18 23:42:59	AddOrReplaceReadGroups	Processed    23,000,000 records.  Elapsed time: 00:03:09s.  Time for last 1,000,000:    7s.  Last read position: Supercontig_1.3:4,295
INFO	2017-12-18 23:43:08	AddOrReplaceReadGroups	Processed    24,000,000 records.  Elapsed time: 00:03:17s.  Time for last 1,000,000:    8s.  Last read position: Supercontig_1.5:47,148
INFO	2017-12-18 23:43:16	AddOrReplaceReadGroups	Processed    25,000,000 records.  Elapsed time: 00:03:25s.  Time for last 1,000,000:    7s.  Last read position: Supercontig_1.3:1,776,507
INFO	2017-12-18 23:43:24	AddOrReplaceReadGroups	Processed    26,000,000 records.  Elapsed time: 00:03:33s.  Time for last 1,000,000:    8s.  Last read position: Supercontig_1.3:1,866,067
INFO	2017-12-18 23:43:31	AddOrReplaceReadGroups	Processed    27,000,000 records.  Elapsed time: 00:03:41s.  Time for last 1,000,000:    7s.  Last read position: Supercontig_1.2:474,308
INFO	2017-12-18 23:43:39	AddOrReplaceReadGroups	Processed    28,000,000 records.  Elapsed time: 00:03:49s.  Time for last 1,000,000:    8s.  Last read position: Supercontig_1.3:947,831
INFO	2017-12-18 23:43:48	AddOrReplaceReadGroups	Processed    29,000,000 records.  Elapsed time: 00:03:58s.  Time for last 1,000,000:    8s.  Last read position: Supercontig_1.5:806,376
INFO	2017-12-18 23:43:56	AddOrReplaceReadGroups	Processed    30,000,000 records.  Elapsed time: 00:04:06s.  Time for last 1,000,000:    7s.  Last read position: Supercontig_1.8:741,376
INFO	2017-12-18 23:44:04	AddOrReplaceReadGroups	Processed    31,000,000 records.  Elapsed time: 00:04:13s.  Time for last 1,000,000:    7s.  Last read position: Supercontig_1.5:551,481
INFO	2017-12-18 23:44:12	AddOrReplaceReadGroups	Processed    32,000,000 records.  Elapsed time: 00:04:21s.  Time for last 1,000,000:    8s.  Last read position: Supercontig_1.6:600,290
INFO	2017-12-18 23:44:20	AddOrReplaceReadGroups	Processed    33,000,000 records.  Elapsed time: 00:04:30s.  Time for last 1,000,000:    8s.  Last read position: Supercontig_1.2:399,674
INFO	2017-12-18 23:44:28	AddOrReplaceReadGroups	Processed    34,000,000 records.  Elapsed time: 00:04:37s.  Time for last 1,000,000:    7s.  Last read position: Supercontig_1.2:664,878
INFO	2017-12-18 23:44:37	AddOrReplaceReadGroups	Processed    35,000,000 records.  Elapsed time: 00:04:46s.  Time for last 1,000,000:    8s.  Last read position: Supercontig_1.6:652,269
INFO	2017-12-18 23:44:44	AddOrReplaceReadGroups	Processed    36,000,000 records.  Elapsed time: 00:04:54s.  Time for last 1,000,000:    7s.  Last read position: Supercontig_1.2:1,392,882
INFO	2017-12-18 23:44:53	AddOrReplaceReadGroups	Processed    37,000,000 records.  Elapsed time: 00:05:02s.  Time for last 1,000,000:    8s.  Last read position: Supercontig_1.3:259,357
INFO	2017-12-18 23:45:00	AddOrReplaceReadGroups	Processed    38,000,000 records.  Elapsed time: 00:05:10s.  Time for last 1,000,000:    7s.  Last read position: Supercontig_1.1:1,243,297
INFO	2017-12-18 23:45:08	AddOrReplaceReadGroups	Processed    39,000,000 records.  Elapsed time: 00:05:18s.  Time for last 1,000,000:    8s.  Last read position: Supercontig_1.1:351,821
INFO	2017-12-18 23:45:17	AddOrReplaceReadGroups	Processed    40,000,000 records.  Elapsed time: 00:05:27s.  Time for last 1,000,000:    8s.  Last read position: Supercontig_1.8:742,013
INFO	2017-12-18 23:45:25	AddOrReplaceReadGroups	Processed    41,000,000 records.  Elapsed time: 00:05:35s.  Time for last 1,000,000:    7s.  Last read position: Supercontig_1.1:1,146,889
[Mon Dec 18 23:48:03 PST 2017] picard.sam.AddOrReplaceReadGroups done. Elapsed time: 8.21 minutes.
Runtime.totalMemory()=6518996992
