DHED24-38373424 U5C_benomyl 2
aln/U5C_benomyl.r2.sam aln/U5C_benomyl.r2.bam
CREATE_INDEX=true VALIDATION_STRINGENCY=LENIENT TMP_DIR=/scratch/jstajich RGID=DHED24-38373424 RGSM=U5C_benomyl.r2 RGPL=NextSeq RGPU=Dartmouth RGLB=DHED24-38373424
23:40:27.200 INFO  NativeLibraryLoader - Loading libgkl_compression.so from jar:file:/bigdata/bioinfo/pkgadmin/opt/linux/centos/7.x/x86_64/pkgs/picard/2.14.1/lib/picard.jar!/com/intel/gkl/native/libgkl_compression.so
[Mon Dec 18 23:40:27 PST 2017] AddOrReplaceReadGroups INPUT=aln/U5C_benomyl.r2.sam OUTPUT=aln/U5C_benomyl.r2.bam SORT_ORDER=coordinate RGID=DHED24-38373424 RGLB=DHED24-38373424 RGPL=NextSeq RGPU=Dartmouth RGSM=U5C_benomyl.r2 TMP_DIR=[/scratch/jstajich] VALIDATION_STRINGENCY=LENIENT CREATE_INDEX=true    VERBOSITY=INFO QUIET=false COMPRESSION_LEVEL=5 MAX_RECORDS_IN_RAM=500000 CREATE_MD5_FILE=false GA4GH_CLIENT_SECRETS=client_secrets.json USE_JDK_DEFLATER=false USE_JDK_INFLATER=false
[Mon Dec 18 23:40:27 PST 2017] Executing as jstajich@i33 on Linux 3.10.0-229.1.2.el7.x86_64 amd64; Java HotSpot(TM) 64-Bit Server VM 1.8.0_45-b14; Deflater: Intel; Inflater: Intel; Picard version: 2.14.1-SNAPSHOT
Ignoring SAM validation error: ERROR: Error parsing SAM header. @RG line missing SM tag. Line:
@RG	ID:DHED24-38373424
INFO	2017-12-18 23:40:27	AddOrReplaceReadGroups	Created read group ID=DHED24-38373424 PL=NextSeq LB=DHED24-38373424 SM=U5C_benomyl.r2

INFO	2017-12-18 23:40:54	AddOrReplaceReadGroups	Processed     1,000,000 records.  Elapsed time: 00:00:27s.  Time for last 1,000,000:   26s.  Last read position: Supercontig_1.2:1,296,460
INFO	2017-12-18 23:41:18	AddOrReplaceReadGroups	Processed     2,000,000 records.  Elapsed time: 00:00:50s.  Time for last 1,000,000:   23s.  Last read position: Supercontig_1.1:1,958,805
INFO	2017-12-18 23:41:42	AddOrReplaceReadGroups	Processed     3,000,000 records.  Elapsed time: 00:01:15s.  Time for last 1,000,000:   24s.  Last read position: Supercontig_1.4:77,457
INFO	2017-12-18 23:42:04	AddOrReplaceReadGroups	Processed     4,000,000 records.  Elapsed time: 00:01:36s.  Time for last 1,000,000:   21s.  Last read position: Supercontig_1.3:11,158
INFO	2017-12-18 23:42:31	AddOrReplaceReadGroups	Processed     5,000,000 records.  Elapsed time: 00:02:03s.  Time for last 1,000,000:   26s.  Last read position: Supercontig_1.3:1,865,772
INFO	2017-12-18 23:42:58	AddOrReplaceReadGroups	Processed     6,000,000 records.  Elapsed time: 00:02:30s.  Time for last 1,000,000:   27s.  Last read position: Supercontig_1.5:619,440
INFO	2017-12-18 23:43:28	AddOrReplaceReadGroups	Processed     7,000,000 records.  Elapsed time: 00:03:01s.  Time for last 1,000,000:   30s.  Last read position: Supercontig_1.7:184,927
INFO	2017-12-18 23:43:53	AddOrReplaceReadGroups	Processed     8,000,000 records.  Elapsed time: 00:03:25s.  Time for last 1,000,000:   24s.  Last read position: Supercontig_1.3:121,905
INFO	2017-12-18 23:44:20	AddOrReplaceReadGroups	Processed     9,000,000 records.  Elapsed time: 00:03:53s.  Time for last 1,000,000:   27s.  Last read position: Supercontig_1.1:1,913,154
INFO	2017-12-18 23:44:44	AddOrReplaceReadGroups	Processed    10,000,000 records.  Elapsed time: 00:04:16s.  Time for last 1,000,000:   23s.  Last read position: Supercontig_1.5:619,451
INFO	2017-12-18 23:45:08	AddOrReplaceReadGroups	Processed    11,000,000 records.  Elapsed time: 00:04:41s.  Time for last 1,000,000:   24s.  Last read position: Supercontig_1.4:1,134,244
INFO	2017-12-18 23:45:33	AddOrReplaceReadGroups	Processed    12,000,000 records.  Elapsed time: 00:05:06s.  Time for last 1,000,000:   25s.  Last read position: Supercontig_1.4:400,625
INFO	2017-12-18 23:45:59	AddOrReplaceReadGroups	Processed    13,000,000 records.  Elapsed time: 00:05:31s.  Time for last 1,000,000:   25s.  Last read position: Supercontig_1.2:687,240
INFO	2017-12-18 23:46:28	AddOrReplaceReadGroups	Processed    14,000,000 records.  Elapsed time: 00:06:00s.  Time for last 1,000,000:   29s.  Last read position: Supercontig_1.8:742,819
INFO	2017-12-18 23:46:52	AddOrReplaceReadGroups	Processed    15,000,000 records.  Elapsed time: 00:06:25s.  Time for last 1,000,000:   24s.  Last read position: Supercontig_1.1:314,604
INFO	2017-12-18 23:47:18	AddOrReplaceReadGroups	Processed    16,000,000 records.  Elapsed time: 00:06:50s.  Time for last 1,000,000:   25s.  Last read position: Supercontig_1.3:1,808,869
INFO	2017-12-18 23:47:43	AddOrReplaceReadGroups	Processed    17,000,000 records.  Elapsed time: 00:07:15s.  Time for last 1,000,000:   25s.  Last read position: Supercontig_1.3:20,212
INFO	2017-12-18 23:48:10	AddOrReplaceReadGroups	Processed    18,000,000 records.  Elapsed time: 00:07:42s.  Time for last 1,000,000:   27s.  Last read position: Supercontig_1.3:590,944
INFO	2017-12-18 23:48:33	AddOrReplaceReadGroups	Processed    19,000,000 records.  Elapsed time: 00:08:05s.  Time for last 1,000,000:   23s.  Last read position: Supercontig_1.8:739,935
INFO	2017-12-18 23:48:58	AddOrReplaceReadGroups	Processed    20,000,000 records.  Elapsed time: 00:08:31s.  Time for last 1,000,000:   25s.  Last read position: Supercontig_1.8:741,480
INFO	2017-12-18 23:49:22	AddOrReplaceReadGroups	Processed    21,000,000 records.  Elapsed time: 00:08:54s.  Time for last 1,000,000:   23s.  Last read position: Supercontig_1.8:740,333
INFO	2017-12-18 23:49:48	AddOrReplaceReadGroups	Processed    22,000,000 records.  Elapsed time: 00:09:20s.  Time for last 1,000,000:   25s.  Last read position: Supercontig_1.3:4,151
INFO	2017-12-18 23:50:12	AddOrReplaceReadGroups	Processed    23,000,000 records.  Elapsed time: 00:09:44s.  Time for last 1,000,000:   24s.  Last read position: Supercontig_1.5:42,512
INFO	2017-12-18 23:50:38	AddOrReplaceReadGroups	Processed    24,000,000 records.  Elapsed time: 00:10:10s.  Time for last 1,000,000:   25s.  Last read position: Supercontig_1.6:668,751
INFO	2017-12-18 23:51:05	AddOrReplaceReadGroups	Processed    25,000,000 records.  Elapsed time: 00:10:37s.  Time for last 1,000,000:   27s.  Last read position: Supercontig_1.5:648,108
INFO	2017-12-18 23:51:29	AddOrReplaceReadGroups	Processed    26,000,000 records.  Elapsed time: 00:11:01s.  Time for last 1,000,000:   24s.  Last read position: Supercontig_1.2:299,643
INFO	2017-12-18 23:51:53	AddOrReplaceReadGroups	Processed    27,000,000 records.  Elapsed time: 00:11:26s.  Time for last 1,000,000:   24s.  Last read position: Supercontig_1.2:599,549
INFO	2017-12-18 23:52:17	AddOrReplaceReadGroups	Processed    28,000,000 records.  Elapsed time: 00:11:49s.  Time for last 1,000,000:   23s.  Last read position: Supercontig_1.7:615,783
INFO	2017-12-18 23:52:41	AddOrReplaceReadGroups	Processed    29,000,000 records.  Elapsed time: 00:12:14s.  Time for last 1,000,000:   24s.  Last read position: Supercontig_1.3:1,072,800
INFO	2017-12-18 23:53:05	AddOrReplaceReadGroups	Processed    30,000,000 records.  Elapsed time: 00:12:37s.  Time for last 1,000,000:   23s.  Last read position: Supercontig_1.5:708,845
INFO	2017-12-18 23:53:30	AddOrReplaceReadGroups	Processed    31,000,000 records.  Elapsed time: 00:13:03s.  Time for last 1,000,000:   25s.  Last read position: Supercontig_1.3:694,362
INFO	2017-12-18 23:53:55	AddOrReplaceReadGroups	Processed    32,000,000 records.  Elapsed time: 00:13:27s.  Time for last 1,000,000:   24s.  Last read position: */*
INFO	2017-12-18 23:54:18	AddOrReplaceReadGroups	Processed    33,000,000 records.  Elapsed time: 00:13:50s.  Time for last 1,000,000:   22s.  Last read position: Supercontig_1.2:1,503,017
INFO	2017-12-18 23:54:41	AddOrReplaceReadGroups	Processed    34,000,000 records.  Elapsed time: 00:14:13s.  Time for last 1,000,000:   23s.  Last read position: Supercontig_1.5:796,945
INFO	2017-12-18 23:55:07	AddOrReplaceReadGroups	Processed    35,000,000 records.  Elapsed time: 00:14:39s.  Time for last 1,000,000:   25s.  Last read position: Supercontig_1.8:540,275
INFO	2017-12-18 23:55:33	AddOrReplaceReadGroups	Processed    36,000,000 records.  Elapsed time: 00:15:06s.  Time for last 1,000,000:   26s.  Last read position: Supercontig_1.7:370,654
INFO	2017-12-18 23:55:59	AddOrReplaceReadGroups	Processed    37,000,000 records.  Elapsed time: 00:15:31s.  Time for last 1,000,000:   25s.  Last read position: Supercontig_1.6:347,766
INFO	2017-12-18 23:56:25	AddOrReplaceReadGroups	Processed    38,000,000 records.  Elapsed time: 00:15:57s.  Time for last 1,000,000:   25s.  Last read position: Supercontig_1.3:102,511
INFO	2017-12-18 23:56:47	AddOrReplaceReadGroups	Processed    39,000,000 records.  Elapsed time: 00:16:19s.  Time for last 1,000,000:   22s.  Last read position: Supercontig_1.1:1,402,792
INFO	2017-12-18 23:57:12	AddOrReplaceReadGroups	Processed    40,000,000 records.  Elapsed time: 00:16:44s.  Time for last 1,000,000:   25s.  Last read position: Supercontig_1.5:43,694
INFO	2017-12-18 23:57:35	AddOrReplaceReadGroups	Processed    41,000,000 records.  Elapsed time: 00:17:07s.  Time for last 1,000,000:   22s.  Last read position: Supercontig_1.5:1,070,347
INFO	2017-12-18 23:58:00	AddOrReplaceReadGroups	Processed    42,000,000 records.  Elapsed time: 00:17:32s.  Time for last 1,000,000:   24s.  Last read position: Supercontig_1.8:741,199
INFO	2017-12-18 23:58:23	AddOrReplaceReadGroups	Processed    43,000,000 records.  Elapsed time: 00:17:56s.  Time for last 1,000,000:   23s.  Last read position: Supercontig_1.2:1,541,132
INFO	2017-12-18 23:58:47	AddOrReplaceReadGroups	Processed    44,000,000 records.  Elapsed time: 00:18:19s.  Time for last 1,000,000:   23s.  Last read position: Supercontig_1.1:2,249,177
INFO	2017-12-18 23:59:08	AddOrReplaceReadGroups	Processed    45,000,000 records.  Elapsed time: 00:18:40s.  Time for last 1,000,000:   21s.  Last read position: Supercontig_1.7:285,403
INFO	2017-12-18 23:59:28	AddOrReplaceReadGroups	Processed    46,000,000 records.  Elapsed time: 00:19:01s.  Time for last 1,000,000:   20s.  Last read position: Supercontig_1.4:484,414
INFO	2017-12-18 23:59:53	AddOrReplaceReadGroups	Processed    47,000,000 records.  Elapsed time: 00:19:25s.  Time for last 1,000,000:   24s.  Last read position: Supercontig_1.3:665,026
INFO	2017-12-19 00:00:12	AddOrReplaceReadGroups	Processed    48,000,000 records.  Elapsed time: 00:19:45s.  Time for last 1,000,000:   19s.  Last read position: Supercontig_1.1:165,474
INFO	2017-12-19 00:00:37	AddOrReplaceReadGroups	Processed    49,000,000 records.  Elapsed time: 00:20:09s.  Time for last 1,000,000:   24s.  Last read position: Supercontig_1.4:1,618,943
INFO	2017-12-19 00:01:01	AddOrReplaceReadGroups	Processed    50,000,000 records.  Elapsed time: 00:20:33s.  Time for last 1,000,000:   24s.  Last read position: Supercontig_1.3:20,238
INFO	2017-12-19 00:01:29	AddOrReplaceReadGroups	Processed    51,000,000 records.  Elapsed time: 00:21:01s.  Time for last 1,000,000:   27s.  Last read position: Supercontig_1.8:401,842
INFO	2017-12-19 00:01:52	AddOrReplaceReadGroups	Processed    52,000,000 records.  Elapsed time: 00:21:24s.  Time for last 1,000,000:   23s.  Last read position: Supercontig_1.8:550,983
INFO	2017-12-19 00:02:18	AddOrReplaceReadGroups	Processed    53,000,000 records.  Elapsed time: 00:21:51s.  Time for last 1,000,000:   26s.  Last read position: Supercontig_1.4:78,116
INFO	2017-12-19 00:02:44	AddOrReplaceReadGroups	Processed    54,000,000 records.  Elapsed time: 00:22:17s.  Time for last 1,000,000:   25s.  Last read position: */*
INFO	2017-12-19 00:03:07	AddOrReplaceReadGroups	Processed    55,000,000 records.  Elapsed time: 00:22:40s.  Time for last 1,000,000:   22s.  Last read position: Supercontig_1.1:1,594,220
INFO	2017-12-19 00:03:29	AddOrReplaceReadGroups	Processed    56,000,000 records.  Elapsed time: 00:23:02s.  Time for last 1,000,000:   21s.  Last read position: Supercontig_1.2:1,852,216
INFO	2017-12-19 00:03:53	AddOrReplaceReadGroups	Processed    57,000,000 records.  Elapsed time: 00:23:25s.  Time for last 1,000,000:   23s.  Last read position: Supercontig_1.3:129,755
INFO	2017-12-19 00:04:19	AddOrReplaceReadGroups	Processed    58,000,000 records.  Elapsed time: 00:23:51s.  Time for last 1,000,000:   26s.  Last read position: Supercontig_1.3:11,198
INFO	2017-12-19 00:04:43	AddOrReplaceReadGroups	Processed    59,000,000 records.  Elapsed time: 00:24:15s.  Time for last 1,000,000:   23s.  Last read position: Supercontig_1.3:12,074
INFO	2017-12-19 00:05:07	AddOrReplaceReadGroups	Processed    60,000,000 records.  Elapsed time: 00:24:39s.  Time for last 1,000,000:   23s.  Last read position: Supercontig_1.2:404,561
INFO	2017-12-19 00:05:32	AddOrReplaceReadGroups	Processed    61,000,000 records.  Elapsed time: 00:25:04s.  Time for last 1,000,000:   24s.  Last read position: Supercontig_1.3:326,244
INFO	2017-12-19 00:05:57	AddOrReplaceReadGroups	Processed    62,000,000 records.  Elapsed time: 00:25:29s.  Time for last 1,000,000:   24s.  Last read position: Supercontig_1.3:1,714,406
INFO	2017-12-19 00:06:19	AddOrReplaceReadGroups	Processed    63,000,000 records.  Elapsed time: 00:25:51s.  Time for last 1,000,000:   22s.  Last read position: Supercontig_1.2:598,406
INFO	2017-12-19 00:06:42	AddOrReplaceReadGroups	Processed    64,000,000 records.  Elapsed time: 00:26:15s.  Time for last 1,000,000:   23s.  Last read position: Supercontig_1.2:687,466
INFO	2017-12-19 00:07:05	AddOrReplaceReadGroups	Processed    65,000,000 records.  Elapsed time: 00:26:37s.  Time for last 1,000,000:   22s.  Last read position: Supercontig_1.2:1,645,785
INFO	2017-12-19 00:07:27	AddOrReplaceReadGroups	Processed    66,000,000 records.  Elapsed time: 00:26:59s.  Time for last 1,000,000:   22s.  Last read position: Supercontig_1.6:577,921
INFO	2017-12-19 00:07:49	AddOrReplaceReadGroups	Processed    67,000,000 records.  Elapsed time: 00:27:21s.  Time for last 1,000,000:   21s.  Last read position: Supercontig_1.1:970,545
INFO	2017-12-19 00:08:10	AddOrReplaceReadGroups	Processed    68,000,000 records.  Elapsed time: 00:27:42s.  Time for last 1,000,000:   20s.  Last read position: Supercontig_1.1:1,878,641
INFO	2017-12-19 00:08:33	AddOrReplaceReadGroups	Processed    69,000,000 records.  Elapsed time: 00:28:05s.  Time for last 1,000,000:   22s.  Last read position: Supercontig_1.2:2,010,016
[Tue Dec 19 00:19:25 PST 2017] picard.sam.AddOrReplaceReadGroups done. Elapsed time: 38.97 minutes.
Runtime.totalMemory()=4913627136
