DHED23-38372442 U5C 2
aln/U5C.r2.sam aln/U5C.r2.bam
CREATE_INDEX=true VALIDATION_STRINGENCY=LENIENT TMP_DIR=/scratch/jstajich RGID=DHED23-38372442 RGSM=U5C.r2 RGPL=NextSeq RGPU=Dartmouth RGLB=DHED23-38372442
23:40:27.387 INFO  NativeLibraryLoader - Loading libgkl_compression.so from jar:file:/bigdata/bioinfo/pkgadmin/opt/linux/centos/7.x/x86_64/pkgs/picard/2.14.1/lib/picard.jar!/com/intel/gkl/native/libgkl_compression.so
[Mon Dec 18 23:40:27 PST 2017] AddOrReplaceReadGroups INPUT=aln/U5C.r2.sam OUTPUT=aln/U5C.r2.bam SORT_ORDER=coordinate RGID=DHED23-38372442 RGLB=DHED23-38372442 RGPL=NextSeq RGPU=Dartmouth RGSM=U5C.r2 TMP_DIR=[/scratch/jstajich] VALIDATION_STRINGENCY=LENIENT CREATE_INDEX=true    VERBOSITY=INFO QUIET=false COMPRESSION_LEVEL=5 MAX_RECORDS_IN_RAM=500000 CREATE_MD5_FILE=false GA4GH_CLIENT_SECRETS=client_secrets.json USE_JDK_DEFLATER=false USE_JDK_INFLATER=false
[Mon Dec 18 23:40:27 PST 2017] Executing as jstajich@i33 on Linux 3.10.0-229.1.2.el7.x86_64 amd64; Java HotSpot(TM) 64-Bit Server VM 1.8.0_45-b14; Deflater: Intel; Inflater: Intel; Picard version: 2.14.1-SNAPSHOT
Ignoring SAM validation error: ERROR: Error parsing SAM header. @RG line missing SM tag. Line:
@RG	ID:DHED23-38372442
INFO	2017-12-18 23:40:27	AddOrReplaceReadGroups	Created read group ID=DHED23-38372442 PL=NextSeq LB=DHED23-38372442 SM=U5C.r2

INFO	2017-12-18 23:40:56	AddOrReplaceReadGroups	Processed     1,000,000 records.  Elapsed time: 00:00:29s.  Time for last 1,000,000:   28s.  Last read position: Supercontig_1.3:1,344,694
INFO	2017-12-18 23:41:19	AddOrReplaceReadGroups	Processed     2,000,000 records.  Elapsed time: 00:00:51s.  Time for last 1,000,000:   22s.  Last read position: Supercontig_1.4:1,094,123
INFO	2017-12-18 23:41:46	AddOrReplaceReadGroups	Processed     3,000,000 records.  Elapsed time: 00:01:18s.  Time for last 1,000,000:   26s.  Last read position: Supercontig_1.3:771,940
INFO	2017-12-18 23:42:08	AddOrReplaceReadGroups	Processed     4,000,000 records.  Elapsed time: 00:01:40s.  Time for last 1,000,000:   22s.  Last read position: Supercontig_1.2:399,577
INFO	2017-12-18 23:42:33	AddOrReplaceReadGroups	Processed     5,000,000 records.  Elapsed time: 00:02:05s.  Time for last 1,000,000:   25s.  Last read position: Supercontig_1.3:1,650,785
INFO	2017-12-18 23:42:57	AddOrReplaceReadGroups	Processed     6,000,000 records.  Elapsed time: 00:02:29s.  Time for last 1,000,000:   23s.  Last read position: Supercontig_1.1:239,115
INFO	2017-12-18 23:43:22	AddOrReplaceReadGroups	Processed     7,000,000 records.  Elapsed time: 00:02:54s.  Time for last 1,000,000:   25s.  Last read position: Supercontig_1.2:1,401,179
INFO	2017-12-18 23:43:46	AddOrReplaceReadGroups	Processed     8,000,000 records.  Elapsed time: 00:03:18s.  Time for last 1,000,000:   23s.  Last read position: Supercontig_1.3:78,927
INFO	2017-12-18 23:44:14	AddOrReplaceReadGroups	Processed     9,000,000 records.  Elapsed time: 00:03:46s.  Time for last 1,000,000:   27s.  Last read position: Supercontig_1.1:2,339,069
INFO	2017-12-18 23:44:37	AddOrReplaceReadGroups	Processed    10,000,000 records.  Elapsed time: 00:04:10s.  Time for last 1,000,000:   23s.  Last read position: Supercontig_1.3:571,672
INFO	2017-12-18 23:45:01	AddOrReplaceReadGroups	Processed    11,000,000 records.  Elapsed time: 00:04:33s.  Time for last 1,000,000:   23s.  Last read position: Supercontig_1.6:667,436
INFO	2017-12-18 23:45:23	AddOrReplaceReadGroups	Processed    12,000,000 records.  Elapsed time: 00:04:55s.  Time for last 1,000,000:   22s.  Last read position: Supercontig_1.1:333,937
INFO	2017-12-18 23:45:50	AddOrReplaceReadGroups	Processed    13,000,000 records.  Elapsed time: 00:05:22s.  Time for last 1,000,000:   26s.  Last read position: Supercontig_1.5:267,650
INFO	2017-12-18 23:46:19	AddOrReplaceReadGroups	Processed    14,000,000 records.  Elapsed time: 00:05:51s.  Time for last 1,000,000:   29s.  Last read position: Supercontig_1.4:375,139
INFO	2017-12-18 23:46:44	AddOrReplaceReadGroups	Processed    15,000,000 records.  Elapsed time: 00:06:16s.  Time for last 1,000,000:   24s.  Last read position: Supercontig_1.4:1,034,360
INFO	2017-12-18 23:47:07	AddOrReplaceReadGroups	Processed    16,000,000 records.  Elapsed time: 00:06:39s.  Time for last 1,000,000:   23s.  Last read position: Supercontig_1.1:906,062
INFO	2017-12-18 23:47:30	AddOrReplaceReadGroups	Processed    17,000,000 records.  Elapsed time: 00:07:02s.  Time for last 1,000,000:   23s.  Last read position: Supercontig_1.4:484,795
INFO	2017-12-18 23:47:59	AddOrReplaceReadGroups	Processed    18,000,000 records.  Elapsed time: 00:07:31s.  Time for last 1,000,000:   28s.  Last read position: Supercontig_1.6:764,662
INFO	2017-12-18 23:48:25	AddOrReplaceReadGroups	Processed    19,000,000 records.  Elapsed time: 00:07:57s.  Time for last 1,000,000:   25s.  Last read position: Supercontig_1.1:970,198
INFO	2017-12-18 23:48:51	AddOrReplaceReadGroups	Processed    20,000,000 records.  Elapsed time: 00:08:23s.  Time for last 1,000,000:   26s.  Last read position: Supercontig_1.3:880,099
INFO	2017-12-18 23:49:14	AddOrReplaceReadGroups	Processed    21,000,000 records.  Elapsed time: 00:08:46s.  Time for last 1,000,000:   23s.  Last read position: Supercontig_1.1:1,999,471
INFO	2017-12-18 23:49:38	AddOrReplaceReadGroups	Processed    22,000,000 records.  Elapsed time: 00:09:10s.  Time for last 1,000,000:   23s.  Last read position: Supercontig_1.2:1,180,004
INFO	2017-12-18 23:50:00	AddOrReplaceReadGroups	Processed    23,000,000 records.  Elapsed time: 00:09:32s.  Time for last 1,000,000:   21s.  Last read position: Supercontig_1.6:671,677
INFO	2017-12-18 23:50:25	AddOrReplaceReadGroups	Processed    24,000,000 records.  Elapsed time: 00:09:57s.  Time for last 1,000,000:   24s.  Last read position: Supercontig_1.4:953,558
INFO	2017-12-18 23:50:50	AddOrReplaceReadGroups	Processed    25,000,000 records.  Elapsed time: 00:10:22s.  Time for last 1,000,000:   25s.  Last read position: Supercontig_1.2:588,082
INFO	2017-12-18 23:51:14	AddOrReplaceReadGroups	Processed    26,000,000 records.  Elapsed time: 00:10:46s.  Time for last 1,000,000:   24s.  Last read position: Supercontig_1.4:126,249
INFO	2017-12-18 23:51:37	AddOrReplaceReadGroups	Processed    27,000,000 records.  Elapsed time: 00:11:09s.  Time for last 1,000,000:   22s.  Last read position: Supercontig_1.2:883,618
INFO	2017-12-18 23:52:04	AddOrReplaceReadGroups	Processed    28,000,000 records.  Elapsed time: 00:11:36s.  Time for last 1,000,000:   26s.  Last read position: Supercontig_1.5:1,283,300
INFO	2017-12-18 23:52:27	AddOrReplaceReadGroups	Processed    29,000,000 records.  Elapsed time: 00:11:59s.  Time for last 1,000,000:   23s.  Last read position: Supercontig_1.1:1,272,808
INFO	2017-12-18 23:52:50	AddOrReplaceReadGroups	Processed    30,000,000 records.  Elapsed time: 00:12:22s.  Time for last 1,000,000:   22s.  Last read position: Supercontig_1.6:506,267
INFO	2017-12-18 23:53:13	AddOrReplaceReadGroups	Processed    31,000,000 records.  Elapsed time: 00:12:45s.  Time for last 1,000,000:   22s.  Last read position: Supercontig_1.2:35,150
INFO	2017-12-18 23:53:37	AddOrReplaceReadGroups	Processed    32,000,000 records.  Elapsed time: 00:13:09s.  Time for last 1,000,000:   24s.  Last read position: Supercontig_1.4:484,434
INFO	2017-12-18 23:54:02	AddOrReplaceReadGroups	Processed    33,000,000 records.  Elapsed time: 00:13:34s.  Time for last 1,000,000:   24s.  Last read position: Supercontig_1.1:970,216
INFO	2017-12-18 23:54:27	AddOrReplaceReadGroups	Processed    34,000,000 records.  Elapsed time: 00:13:59s.  Time for last 1,000,000:   24s.  Last read position: Supercontig_1.1:2,250,283
INFO	2017-12-18 23:54:50	AddOrReplaceReadGroups	Processed    35,000,000 records.  Elapsed time: 00:14:23s.  Time for last 1,000,000:   23s.  Last read position: Supercontig_1.1:1,830,722
INFO	2017-12-18 23:55:18	AddOrReplaceReadGroups	Processed    36,000,000 records.  Elapsed time: 00:14:50s.  Time for last 1,000,000:   27s.  Last read position: Supercontig_1.1:2,337,314
INFO	2017-12-18 23:55:43	AddOrReplaceReadGroups	Processed    37,000,000 records.  Elapsed time: 00:15:15s.  Time for last 1,000,000:   25s.  Last read position: Supercontig_1.3:1,808,871
INFO	2017-12-18 23:56:06	AddOrReplaceReadGroups	Processed    38,000,000 records.  Elapsed time: 00:15:38s.  Time for last 1,000,000:   22s.  Last read position: Supercontig_1.1:909,829
INFO	2017-12-18 23:56:29	AddOrReplaceReadGroups	Processed    39,000,000 records.  Elapsed time: 00:16:02s.  Time for last 1,000,000:   23s.  Last read position: Supercontig_1.4:544,774
INFO	2017-12-18 23:56:56	AddOrReplaceReadGroups	Processed    40,000,000 records.  Elapsed time: 00:16:28s.  Time for last 1,000,000:   26s.  Last read position: Supercontig_1.2:598,542
INFO	2017-12-18 23:57:19	AddOrReplaceReadGroups	Processed    41,000,000 records.  Elapsed time: 00:16:51s.  Time for last 1,000,000:   23s.  Last read position: Supercontig_1.5:997,574
INFO	2017-12-18 23:57:46	AddOrReplaceReadGroups	Processed    42,000,000 records.  Elapsed time: 00:17:18s.  Time for last 1,000,000:   26s.  Last read position: Supercontig_1.1:828,780
INFO	2017-12-18 23:58:09	AddOrReplaceReadGroups	Processed    43,000,000 records.  Elapsed time: 00:17:41s.  Time for last 1,000,000:   22s.  Last read position: Supercontig_1.8:641,871
INFO	2017-12-18 23:58:35	AddOrReplaceReadGroups	Processed    44,000,000 records.  Elapsed time: 00:18:07s.  Time for last 1,000,000:   26s.  Last read position: Supercontig_1.5:84,084
INFO	2017-12-18 23:58:59	AddOrReplaceReadGroups	Processed    45,000,000 records.  Elapsed time: 00:18:32s.  Time for last 1,000,000:   24s.  Last read position: Supercontig_1.3:987,728
INFO	2017-12-18 23:59:25	AddOrReplaceReadGroups	Processed    46,000,000 records.  Elapsed time: 00:18:57s.  Time for last 1,000,000:   25s.  Last read position: Supercontig_1.4:1,201,746
INFO	2017-12-18 23:59:49	AddOrReplaceReadGroups	Processed    47,000,000 records.  Elapsed time: 00:19:22s.  Time for last 1,000,000:   24s.  Last read position: Supercontig_1.2:656,987
INFO	2017-12-19 00:00:14	AddOrReplaceReadGroups	Processed    48,000,000 records.  Elapsed time: 00:19:46s.  Time for last 1,000,000:   24s.  Last read position: Supercontig_1.6:418,060
INFO	2017-12-19 00:00:39	AddOrReplaceReadGroups	Processed    49,000,000 records.  Elapsed time: 00:20:11s.  Time for last 1,000,000:   25s.  Last read position: Supercontig_1.8:538,619
INFO	2017-12-19 00:01:04	AddOrReplaceReadGroups	Processed    50,000,000 records.  Elapsed time: 00:20:37s.  Time for last 1,000,000:   25s.  Last read position: */*
INFO	2017-12-19 00:01:29	AddOrReplaceReadGroups	Processed    51,000,000 records.  Elapsed time: 00:21:01s.  Time for last 1,000,000:   24s.  Last read position: Supercontig_1.1:962,764
INFO	2017-12-19 00:01:52	AddOrReplaceReadGroups	Processed    52,000,000 records.  Elapsed time: 00:21:24s.  Time for last 1,000,000:   23s.  Last read position: Supercontig_1.2:980,084
INFO	2017-12-19 00:02:18	AddOrReplaceReadGroups	Processed    53,000,000 records.  Elapsed time: 00:21:50s.  Time for last 1,000,000:   26s.  Last read position: Supercontig_1.1:561,925
INFO	2017-12-19 00:02:45	AddOrReplaceReadGroups	Processed    54,000,000 records.  Elapsed time: 00:22:18s.  Time for last 1,000,000:   27s.  Last read position: Supercontig_1.2:526,765
INFO	2017-12-19 00:03:09	AddOrReplaceReadGroups	Processed    55,000,000 records.  Elapsed time: 00:22:42s.  Time for last 1,000,000:   24s.  Last read position: Supercontig_1.1:435,461
INFO	2017-12-19 00:03:34	AddOrReplaceReadGroups	Processed    56,000,000 records.  Elapsed time: 00:23:06s.  Time for last 1,000,000:   24s.  Last read position: Supercontig_1.5:869,003
INFO	2017-12-19 00:03:57	AddOrReplaceReadGroups	Processed    57,000,000 records.  Elapsed time: 00:23:29s.  Time for last 1,000,000:   22s.  Last read position: Supercontig_1.4:803,604
INFO	2017-12-19 00:04:24	AddOrReplaceReadGroups	Processed    58,000,000 records.  Elapsed time: 00:23:56s.  Time for last 1,000,000:   26s.  Last read position: Supercontig_1.2:763,051
[Tue Dec 19 00:14:57 PST 2017] picard.sam.AddOrReplaceReadGroups done. Elapsed time: 34.50 minutes.
Runtime.totalMemory()=4749000704
