DHED15-38377448 L1B 2
aln/L1B.r2.sam aln/L1B.r2.bam
CREATE_INDEX=true VALIDATION_STRINGENCY=LENIENT TMP_DIR=/scratch/jstajich RGID=DHED15-38377448 RGSM=L1B.r2 RGPL=NextSeq RGPU=Dartmouth RGLB=DHED15-38377448
23:40:27.393 INFO  NativeLibraryLoader - Loading libgkl_compression.so from jar:file:/bigdata/bioinfo/pkgadmin/opt/linux/centos/7.x/x86_64/pkgs/picard/2.14.1/lib/picard.jar!/com/intel/gkl/native/libgkl_compression.so
[Mon Dec 18 23:40:27 PST 2017] AddOrReplaceReadGroups INPUT=aln/L1B.r2.sam OUTPUT=aln/L1B.r2.bam SORT_ORDER=coordinate RGID=DHED15-38377448 RGLB=DHED15-38377448 RGPL=NextSeq RGPU=Dartmouth RGSM=L1B.r2 TMP_DIR=[/scratch/jstajich] VALIDATION_STRINGENCY=LENIENT CREATE_INDEX=true    VERBOSITY=INFO QUIET=false COMPRESSION_LEVEL=5 MAX_RECORDS_IN_RAM=500000 CREATE_MD5_FILE=false GA4GH_CLIENT_SECRETS=client_secrets.json USE_JDK_DEFLATER=false USE_JDK_INFLATER=false
[Mon Dec 18 23:40:27 PST 2017] Executing as jstajich@i33 on Linux 3.10.0-229.1.2.el7.x86_64 amd64; Java HotSpot(TM) 64-Bit Server VM 1.8.0_45-b14; Deflater: Intel; Inflater: Intel; Picard version: 2.14.1-SNAPSHOT
Ignoring SAM validation error: ERROR: Error parsing SAM header. @RG line missing SM tag. Line:
@RG	ID:DHED15-38377448
INFO	2017-12-18 23:40:27	AddOrReplaceReadGroups	Created read group ID=DHED15-38377448 PL=NextSeq LB=DHED15-38377448 SM=L1B.r2

INFO	2017-12-18 23:40:55	AddOrReplaceReadGroups	Processed     1,000,000 records.  Elapsed time: 00:00:27s.  Time for last 1,000,000:   27s.  Last read position: Supercontig_1.4:1,145,939
INFO	2017-12-18 23:41:18	AddOrReplaceReadGroups	Processed     2,000,000 records.  Elapsed time: 00:00:50s.  Time for last 1,000,000:   23s.  Last read position: Supercontig_1.1:1,572,130
INFO	2017-12-18 23:41:45	AddOrReplaceReadGroups	Processed     3,000,000 records.  Elapsed time: 00:01:17s.  Time for last 1,000,000:   27s.  Last read position: Supercontig_1.2:639,520
INFO	2017-12-18 23:42:09	AddOrReplaceReadGroups	Processed     4,000,000 records.  Elapsed time: 00:01:41s.  Time for last 1,000,000:   23s.  Last read position: Supercontig_1.1:1,925,397
INFO	2017-12-18 23:42:34	AddOrReplaceReadGroups	Processed     5,000,000 records.  Elapsed time: 00:02:06s.  Time for last 1,000,000:   25s.  Last read position: Supercontig_1.1:2,124,550
INFO	2017-12-18 23:42:59	AddOrReplaceReadGroups	Processed     6,000,000 records.  Elapsed time: 00:02:32s.  Time for last 1,000,000:   25s.  Last read position: Supercontig_1.1:350,887
INFO	2017-12-18 23:43:25	AddOrReplaceReadGroups	Processed     7,000,000 records.  Elapsed time: 00:02:57s.  Time for last 1,000,000:   25s.  Last read position: Supercontig_1.1:827,691
INFO	2017-12-18 23:43:48	AddOrReplaceReadGroups	Processed     8,000,000 records.  Elapsed time: 00:03:21s.  Time for last 1,000,000:   23s.  Last read position: Supercontig_1.1:980,594
INFO	2017-12-18 23:44:16	AddOrReplaceReadGroups	Processed     9,000,000 records.  Elapsed time: 00:03:49s.  Time for last 1,000,000:   28s.  Last read position: Supercontig_1.4:953,169
INFO	2017-12-18 23:44:43	AddOrReplaceReadGroups	Processed    10,000,000 records.  Elapsed time: 00:04:16s.  Time for last 1,000,000:   26s.  Last read position: Supercontig_1.1:142,310
INFO	2017-12-18 23:45:10	AddOrReplaceReadGroups	Processed    11,000,000 records.  Elapsed time: 00:04:42s.  Time for last 1,000,000:   26s.  Last read position: Supercontig_1.7:123,501
INFO	2017-12-18 23:45:34	AddOrReplaceReadGroups	Processed    12,000,000 records.  Elapsed time: 00:05:06s.  Time for last 1,000,000:   24s.  Last read position: Supercontig_1.2:1,217,652
INFO	2017-12-18 23:45:59	AddOrReplaceReadGroups	Processed    13,000,000 records.  Elapsed time: 00:05:31s.  Time for last 1,000,000:   24s.  Last read position: Supercontig_1.4:1,121,375
INFO	2017-12-18 23:46:26	AddOrReplaceReadGroups	Processed    14,000,000 records.  Elapsed time: 00:05:58s.  Time for last 1,000,000:   26s.  Last read position: Supercontig_1.4:613,835
INFO	2017-12-18 23:46:50	AddOrReplaceReadGroups	Processed    15,000,000 records.  Elapsed time: 00:06:22s.  Time for last 1,000,000:   24s.  Last read position: Supercontig_1.2:2,068,534
INFO	2017-12-18 23:47:14	AddOrReplaceReadGroups	Processed    16,000,000 records.  Elapsed time: 00:06:46s.  Time for last 1,000,000:   23s.  Last read position: Supercontig_1.4:484,416
INFO	2017-12-18 23:47:38	AddOrReplaceReadGroups	Processed    17,000,000 records.  Elapsed time: 00:07:10s.  Time for last 1,000,000:   24s.  Last read position: Supercontig_1.7:85,047
INFO	2017-12-18 23:48:06	AddOrReplaceReadGroups	Processed    18,000,000 records.  Elapsed time: 00:07:39s.  Time for last 1,000,000:   28s.  Last read position: Supercontig_1.6:767,639
INFO	2017-12-18 23:48:29	AddOrReplaceReadGroups	Processed    19,000,000 records.  Elapsed time: 00:08:02s.  Time for last 1,000,000:   22s.  Last read position: Supercontig_1.1:832,332
INFO	2017-12-18 23:48:54	AddOrReplaceReadGroups	Processed    20,000,000 records.  Elapsed time: 00:08:26s.  Time for last 1,000,000:   24s.  Last read position: Supercontig_1.1:1,036,871
INFO	2017-12-18 23:49:18	AddOrReplaceReadGroups	Processed    21,000,000 records.  Elapsed time: 00:08:50s.  Time for last 1,000,000:   24s.  Last read position: Supercontig_1.3:13,295
INFO	2017-12-18 23:49:42	AddOrReplaceReadGroups	Processed    22,000,000 records.  Elapsed time: 00:09:14s.  Time for last 1,000,000:   23s.  Last read position: Supercontig_1.2:262,801
INFO	2017-12-18 23:50:04	AddOrReplaceReadGroups	Processed    23,000,000 records.  Elapsed time: 00:09:37s.  Time for last 1,000,000:   22s.  Last read position: Supercontig_1.6:333,160
INFO	2017-12-18 23:50:30	AddOrReplaceReadGroups	Processed    24,000,000 records.  Elapsed time: 00:10:03s.  Time for last 1,000,000:   26s.  Last read position: Supercontig_1.6:426,272
INFO	2017-12-18 23:50:55	AddOrReplaceReadGroups	Processed    25,000,000 records.  Elapsed time: 00:10:27s.  Time for last 1,000,000:   24s.  Last read position: Supercontig_1.8:503,804
INFO	2017-12-18 23:51:18	AddOrReplaceReadGroups	Processed    26,000,000 records.  Elapsed time: 00:10:50s.  Time for last 1,000,000:   23s.  Last read position: Supercontig_1.8:513,397
INFO	2017-12-18 23:51:42	AddOrReplaceReadGroups	Processed    27,000,000 records.  Elapsed time: 00:11:15s.  Time for last 1,000,000:   24s.  Last read position: Supercontig_1.4:976,384
INFO	2017-12-18 23:52:07	AddOrReplaceReadGroups	Processed    28,000,000 records.  Elapsed time: 00:11:39s.  Time for last 1,000,000:   24s.  Last read position: Supercontig_1.1:2,016,274
INFO	2017-12-18 23:52:31	AddOrReplaceReadGroups	Processed    29,000,000 records.  Elapsed time: 00:12:03s.  Time for last 1,000,000:   24s.  Last read position: Supercontig_1.5:442,510
INFO	2017-12-18 23:52:54	AddOrReplaceReadGroups	Processed    30,000,000 records.  Elapsed time: 00:12:26s.  Time for last 1,000,000:   22s.  Last read position: Supercontig_1.4:295,333
INFO	2017-12-18 23:53:16	AddOrReplaceReadGroups	Processed    31,000,000 records.  Elapsed time: 00:12:48s.  Time for last 1,000,000:   21s.  Last read position: Supercontig_1.3:771,208
INFO	2017-12-18 23:53:40	AddOrReplaceReadGroups	Processed    32,000,000 records.  Elapsed time: 00:13:12s.  Time for last 1,000,000:   24s.  Last read position: Supercontig_1.1:1,521,860
INFO	2017-12-18 23:54:07	AddOrReplaceReadGroups	Processed    33,000,000 records.  Elapsed time: 00:13:39s.  Time for last 1,000,000:   27s.  Last read position: Supercontig_1.6:176,736
INFO	2017-12-18 23:54:29	AddOrReplaceReadGroups	Processed    34,000,000 records.  Elapsed time: 00:14:02s.  Time for last 1,000,000:   22s.  Last read position: Supercontig_1.2:1,218,475
INFO	2017-12-18 23:54:51	AddOrReplaceReadGroups	Processed    35,000,000 records.  Elapsed time: 00:14:23s.  Time for last 1,000,000:   21s.  Last read position: Supercontig_1.4:1,201,380
INFO	2017-12-18 23:55:17	AddOrReplaceReadGroups	Processed    36,000,000 records.  Elapsed time: 00:14:49s.  Time for last 1,000,000:   26s.  Last read position: Supercontig_1.1:834,439
INFO	2017-12-18 23:55:42	AddOrReplaceReadGroups	Processed    37,000,000 records.  Elapsed time: 00:15:14s.  Time for last 1,000,000:   24s.  Last read position: Supercontig_1.2:823,877
INFO	2017-12-18 23:56:07	AddOrReplaceReadGroups	Processed    38,000,000 records.  Elapsed time: 00:15:39s.  Time for last 1,000,000:   24s.  Last read position: Supercontig_1.1:2,356,683
INFO	2017-12-18 23:56:31	AddOrReplaceReadGroups	Processed    39,000,000 records.  Elapsed time: 00:16:03s.  Time for last 1,000,000:   24s.  Last read position: Supercontig_1.6:120,800
INFO	2017-12-18 23:56:54	AddOrReplaceReadGroups	Processed    40,000,000 records.  Elapsed time: 00:16:27s.  Time for last 1,000,000:   23s.  Last read position: Supercontig_1.8:631,850
INFO	2017-12-18 23:57:19	AddOrReplaceReadGroups	Processed    41,000,000 records.  Elapsed time: 00:16:52s.  Time for last 1,000,000:   25s.  Last read position: Supercontig_1.4:622,451
[Tue Dec 19 00:04:47 PST 2017] picard.sam.AddOrReplaceReadGroups done. Elapsed time: 24.34 minutes.
Runtime.totalMemory()=5853675520
