DHED13-38374448 L1B 1
aln/L1B.r1.sam aln/L1B.r1.bam
CREATE_INDEX=true VALIDATION_STRINGENCY=LENIENT TMP_DIR=/scratch/jstajich RGID=DHED13-38374448 RGSM=L1B.r1 RGPL=NextSeq RGPU=Dartmouth RGLB=DHED13-38374448
23:40:22.829 INFO  NativeLibraryLoader - Loading libgkl_compression.so from jar:file:/bigdata/bioinfo/pkgadmin/opt/linux/centos/7.x/x86_64/pkgs/picard/2.14.1/lib/picard.jar!/com/intel/gkl/native/libgkl_compression.so
[Mon Dec 18 23:40:22 PST 2017] AddOrReplaceReadGroups INPUT=aln/L1B.r1.sam OUTPUT=aln/L1B.r1.bam SORT_ORDER=coordinate RGID=DHED13-38374448 RGLB=DHED13-38374448 RGPL=NextSeq RGPU=Dartmouth RGSM=L1B.r1 TMP_DIR=[/scratch/jstajich] VALIDATION_STRINGENCY=LENIENT CREATE_INDEX=true    VERBOSITY=INFO QUIET=false COMPRESSION_LEVEL=5 MAX_RECORDS_IN_RAM=500000 CREATE_MD5_FILE=false GA4GH_CLIENT_SECRETS=client_secrets.json USE_JDK_DEFLATER=false USE_JDK_INFLATER=false
[Mon Dec 18 23:40:22 PST 2017] Executing as jstajich@i29 on Linux 3.10.0-229.1.2.el7.x86_64 amd64; Java HotSpot(TM) 64-Bit Server VM 1.8.0_45-b14; Deflater: Intel; Inflater: Intel; Picard version: 2.14.1-SNAPSHOT
Ignoring SAM validation error: ERROR: Error parsing SAM header. @RG line missing SM tag. Line:
@RG	ID:DHED13-38374448
INFO	2017-12-18 23:40:23	AddOrReplaceReadGroups	Created read group ID=DHED13-38374448 PL=NextSeq LB=DHED13-38374448 SM=L1B.r1

INFO	2017-12-18 23:40:41	AddOrReplaceReadGroups	Processed     1,000,000 records.  Elapsed time: 00:00:18s.  Time for last 1,000,000:   18s.  Last read position: Supercontig_1.3:10,676
INFO	2017-12-18 23:40:58	AddOrReplaceReadGroups	Processed     2,000,000 records.  Elapsed time: 00:00:35s.  Time for last 1,000,000:   16s.  Last read position: Supercontig_1.4:1,760,444
INFO	2017-12-18 23:41:16	AddOrReplaceReadGroups	Processed     3,000,000 records.  Elapsed time: 00:00:53s.  Time for last 1,000,000:   17s.  Last read position: Supercontig_1.4:957,191
INFO	2017-12-18 23:41:33	AddOrReplaceReadGroups	Processed     4,000,000 records.  Elapsed time: 00:01:09s.  Time for last 1,000,000:   16s.  Last read position: Supercontig_1.2:388,631
INFO	2017-12-18 23:41:49	AddOrReplaceReadGroups	Processed     5,000,000 records.  Elapsed time: 00:01:26s.  Time for last 1,000,000:   16s.  Last read position: Supercontig_1.4:759,409
INFO	2017-12-18 23:42:06	AddOrReplaceReadGroups	Processed     6,000,000 records.  Elapsed time: 00:01:43s.  Time for last 1,000,000:   17s.  Last read position: Supercontig_1.2:1,959,493
INFO	2017-12-18 23:42:23	AddOrReplaceReadGroups	Processed     7,000,000 records.  Elapsed time: 00:02:00s.  Time for last 1,000,000:   17s.  Last read position: Supercontig_1.3:968,706
INFO	2017-12-18 23:42:42	AddOrReplaceReadGroups	Processed     8,000,000 records.  Elapsed time: 00:02:18s.  Time for last 1,000,000:   18s.  Last read position: Supercontig_1.3:1,483,239
INFO	2017-12-18 23:43:01	AddOrReplaceReadGroups	Processed     9,000,000 records.  Elapsed time: 00:02:38s.  Time for last 1,000,000:   19s.  Last read position: */*
INFO	2017-12-18 23:43:20	AddOrReplaceReadGroups	Processed    10,000,000 records.  Elapsed time: 00:02:57s.  Time for last 1,000,000:   19s.  Last read position: Supercontig_1.4:1,353,560
INFO	2017-12-18 23:43:39	AddOrReplaceReadGroups	Processed    11,000,000 records.  Elapsed time: 00:03:16s.  Time for last 1,000,000:   18s.  Last read position: Supercontig_1.7:123,535
INFO	2017-12-18 23:43:57	AddOrReplaceReadGroups	Processed    12,000,000 records.  Elapsed time: 00:03:34s.  Time for last 1,000,000:   18s.  Last read position: */*
INFO	2017-12-18 23:44:16	AddOrReplaceReadGroups	Processed    13,000,000 records.  Elapsed time: 00:03:53s.  Time for last 1,000,000:   18s.  Last read position: Supercontig_1.3:416,545
INFO	2017-12-18 23:44:35	AddOrReplaceReadGroups	Processed    14,000,000 records.  Elapsed time: 00:04:12s.  Time for last 1,000,000:   18s.  Last read position: Supercontig_1.2:264,315
INFO	2017-12-18 23:44:55	AddOrReplaceReadGroups	Processed    15,000,000 records.  Elapsed time: 00:04:31s.  Time for last 1,000,000:   19s.  Last read position: Supercontig_1.2:1,217,726
INFO	2017-12-18 23:45:10	AddOrReplaceReadGroups	Processed    16,000,000 records.  Elapsed time: 00:04:47s.  Time for last 1,000,000:   15s.  Last read position: Supercontig_1.2:1,218,507
INFO	2017-12-18 23:45:26	AddOrReplaceReadGroups	Processed    17,000,000 records.  Elapsed time: 00:05:03s.  Time for last 1,000,000:   16s.  Last read position: Supercontig_1.1:1,734,041
INFO	2017-12-18 23:45:45	AddOrReplaceReadGroups	Processed    18,000,000 records.  Elapsed time: 00:05:21s.  Time for last 1,000,000:   18s.  Last read position: Supercontig_1.6:622,705
INFO	2017-12-18 23:46:02	AddOrReplaceReadGroups	Processed    19,000,000 records.  Elapsed time: 00:05:38s.  Time for last 1,000,000:   17s.  Last read position: Supercontig_1.6:496,489
INFO	2017-12-18 23:46:19	AddOrReplaceReadGroups	Processed    20,000,000 records.  Elapsed time: 00:05:56s.  Time for last 1,000,000:   17s.  Last read position: Supercontig_1.2:1,909,798
INFO	2017-12-18 23:46:35	AddOrReplaceReadGroups	Processed    21,000,000 records.  Elapsed time: 00:06:12s.  Time for last 1,000,000:   15s.  Last read position: Supercontig_1.1:829,020
INFO	2017-12-18 23:46:52	AddOrReplaceReadGroups	Processed    22,000,000 records.  Elapsed time: 00:06:29s.  Time for last 1,000,000:   17s.  Last read position: Supercontig_1.4:1,304,017
INFO	2017-12-18 23:47:08	AddOrReplaceReadGroups	Processed    23,000,000 records.  Elapsed time: 00:06:45s.  Time for last 1,000,000:   16s.  Last read position: Supercontig_1.3:130,105
INFO	2017-12-18 23:47:28	AddOrReplaceReadGroups	Processed    24,000,000 records.  Elapsed time: 00:07:05s.  Time for last 1,000,000:   19s.  Last read position: Supercontig_1.6:750,762
INFO	2017-12-18 23:47:47	AddOrReplaceReadGroups	Processed    25,000,000 records.  Elapsed time: 00:07:24s.  Time for last 1,000,000:   19s.  Last read position: Supercontig_1.4:975,547
INFO	2017-12-18 23:48:05	AddOrReplaceReadGroups	Processed    26,000,000 records.  Elapsed time: 00:07:42s.  Time for last 1,000,000:   17s.  Last read position: Supercontig_1.3:394,258
INFO	2017-12-18 23:48:20	AddOrReplaceReadGroups	Processed    27,000,000 records.  Elapsed time: 00:07:57s.  Time for last 1,000,000:   15s.  Last read position: Supercontig_1.8:423,076
INFO	2017-12-18 23:48:38	AddOrReplaceReadGroups	Processed    28,000,000 records.  Elapsed time: 00:08:15s.  Time for last 1,000,000:   17s.  Last read position: */*
INFO	2017-12-18 23:48:56	AddOrReplaceReadGroups	Processed    29,000,000 records.  Elapsed time: 00:08:33s.  Time for last 1,000,000:   18s.  Last read position: Supercontig_1.7:543,993
INFO	2017-12-18 23:49:14	AddOrReplaceReadGroups	Processed    30,000,000 records.  Elapsed time: 00:08:51s.  Time for last 1,000,000:   17s.  Last read position: Supercontig_1.3:3,116
INFO	2017-12-18 23:49:30	AddOrReplaceReadGroups	Processed    31,000,000 records.  Elapsed time: 00:09:07s.  Time for last 1,000,000:   16s.  Last read position: Supercontig_1.1:976,508
INFO	2017-12-18 23:49:46	AddOrReplaceReadGroups	Processed    32,000,000 records.  Elapsed time: 00:09:23s.  Time for last 1,000,000:   15s.  Last read position: Supercontig_1.4:1,353,922
INFO	2017-12-18 23:50:03	AddOrReplaceReadGroups	Processed    33,000,000 records.  Elapsed time: 00:09:40s.  Time for last 1,000,000:   16s.  Last read position: Supercontig_1.6:305,141
INFO	2017-12-18 23:50:19	AddOrReplaceReadGroups	Processed    34,000,000 records.  Elapsed time: 00:09:55s.  Time for last 1,000,000:   15s.  Last read position: Supercontig_1.1:2,016,181
INFO	2017-12-18 23:50:34	AddOrReplaceReadGroups	Processed    35,000,000 records.  Elapsed time: 00:10:11s.  Time for last 1,000,000:   15s.  Last read position: Supercontig_1.2:441,547
INFO	2017-12-18 23:50:52	AddOrReplaceReadGroups	Processed    36,000,000 records.  Elapsed time: 00:10:29s.  Time for last 1,000,000:   18s.  Last read position: Supercontig_1.2:1,116,926
INFO	2017-12-18 23:51:10	AddOrReplaceReadGroups	Processed    37,000,000 records.  Elapsed time: 00:10:47s.  Time for last 1,000,000:   17s.  Last read position: Supercontig_1.3:1,777,948
INFO	2017-12-18 23:51:27	AddOrReplaceReadGroups	Processed    38,000,000 records.  Elapsed time: 00:11:04s.  Time for last 1,000,000:   16s.  Last read position: Supercontig_1.8:739,682
INFO	2017-12-18 23:51:46	AddOrReplaceReadGroups	Processed    39,000,000 records.  Elapsed time: 00:11:22s.  Time for last 1,000,000:   18s.  Last read position: Supercontig_1.8:742,439
INFO	2017-12-18 23:52:04	AddOrReplaceReadGroups	Processed    40,000,000 records.  Elapsed time: 00:11:41s.  Time for last 1,000,000:   18s.  Last read position: Supercontig_1.1:2,250,276
INFO	2017-12-18 23:52:21	AddOrReplaceReadGroups	Processed    41,000,000 records.  Elapsed time: 00:11:58s.  Time for last 1,000,000:   17s.  Last read position: Supercontig_1.3:1,645,433
INFO	2017-12-18 23:52:38	AddOrReplaceReadGroups	Processed    42,000,000 records.  Elapsed time: 00:12:15s.  Time for last 1,000,000:   17s.  Last read position: Supercontig_1.7:687,238
INFO	2017-12-18 23:52:56	AddOrReplaceReadGroups	Processed    43,000,000 records.  Elapsed time: 00:12:32s.  Time for last 1,000,000:   17s.  Last read position: Supercontig_1.6:253,844
INFO	2017-12-18 23:53:13	AddOrReplaceReadGroups	Processed    44,000,000 records.  Elapsed time: 00:12:49s.  Time for last 1,000,000:   17s.  Last read position: Supercontig_1.5:1,341,106
INFO	2017-12-18 23:53:31	AddOrReplaceReadGroups	Processed    45,000,000 records.  Elapsed time: 00:13:07s.  Time for last 1,000,000:   18s.  Last read position: Supercontig_1.5:109,813
INFO	2017-12-18 23:53:48	AddOrReplaceReadGroups	Processed    46,000,000 records.  Elapsed time: 00:13:25s.  Time for last 1,000,000:   17s.  Last read position: Supercontig_1.4:1,776,228
INFO	2017-12-18 23:54:08	AddOrReplaceReadGroups	Processed    47,000,000 records.  Elapsed time: 00:13:44s.  Time for last 1,000,000:   19s.  Last read position: Supercontig_1.8:173,594
INFO	2017-12-18 23:54:27	AddOrReplaceReadGroups	Processed    48,000,000 records.  Elapsed time: 00:14:03s.  Time for last 1,000,000:   18s.  Last read position: Supercontig_1.5:476,043
INFO	2017-12-18 23:54:45	AddOrReplaceReadGroups	Processed    49,000,000 records.  Elapsed time: 00:14:22s.  Time for last 1,000,000:   18s.  Last read position: Supercontig_1.3:1,172,347
[Tue Dec 19 00:00:30 PST 2017] picard.sam.AddOrReplaceReadGroups done. Elapsed time: 20.13 minutes.
Runtime.totalMemory()=5863636992
