/bigdata/stajichlab/shared/projects/Candida/RNAseq/results/L1B.r1.gsnap /bigdata/stajichlab/shared/projects/Candida/RNAseq/results
/bigdata/stajichlab/shared/projects/Candida/RNAseq/results
/bigdata/stajichlab/shared/projects/Candida/RNAseq/results/L1B.r2.gsnap /bigdata/stajichlab/shared/projects/Candida/RNAseq/results
/bigdata/stajichlab/shared/projects/Candida/RNAseq/results
/bigdata/stajichlab/shared/projects/Candida/RNAseq/results/L1B_benomyl.r1.gsnap /bigdata/stajichlab/shared/projects/Candida/RNAseq/results
/bigdata/stajichlab/shared/projects/Candida/RNAseq/results
/bigdata/stajichlab/shared/projects/Candida/RNAseq/results/L1B_benomyl.r2.gsnap /bigdata/stajichlab/shared/projects/Candida/RNAseq/results
/bigdata/stajichlab/shared/projects/Candida/RNAseq/results
/bigdata/stajichlab/shared/projects/Candida/RNAseq/results/L4C.r1.gsnap /bigdata/stajichlab/shared/projects/Candida/RNAseq/results
/bigdata/stajichlab/shared/projects/Candida/RNAseq/results
/bigdata/stajichlab/shared/projects/Candida/RNAseq/results/L4C.r2.gsnap /bigdata/stajichlab/shared/projects/Candida/RNAseq/results
/bigdata/stajichlab/shared/projects/Candida/RNAseq/results
/bigdata/stajichlab/shared/projects/Candida/RNAseq/results/L4C_benomyl.r1.gsnap /bigdata/stajichlab/shared/projects/Candida/RNAseq/results
/bigdata/stajichlab/shared/projects/Candida/RNAseq/results
/bigdata/stajichlab/shared/projects/Candida/RNAseq/results/L4C_benomyl.r2.gsnap /bigdata/stajichlab/shared/projects/Candida/RNAseq/results
/bigdata/stajichlab/shared/projects/Candida/RNAseq/results
/bigdata/stajichlab/shared/projects/Candida/RNAseq/results/U10D.r1.gsnap /bigdata/stajichlab/shared/projects/Candida/RNAseq/results
/bigdata/stajichlab/shared/projects/Candida/RNAseq/results
/bigdata/stajichlab/shared/projects/Candida/RNAseq/results/U10D.r2.gsnap /bigdata/stajichlab/shared/projects/Candida/RNAseq/results
/bigdata/stajichlab/shared/projects/Candida/RNAseq/results
/bigdata/stajichlab/shared/projects/Candida/RNAseq/results/U10D_benomyl.r1.gsnap /bigdata/stajichlab/shared/projects/Candida/RNAseq/results
/bigdata/stajichlab/shared/projects/Candida/RNAseq/results
/bigdata/stajichlab/shared/projects/Candida/RNAseq/results/U10D_benomyl.r2.gsnap /bigdata/stajichlab/shared/projects/Candida/RNAseq/results
/bigdata/stajichlab/shared/projects/Candida/RNAseq/results
/bigdata/stajichlab/shared/projects/Candida/RNAseq/results/U3B.r1.gsnap /bigdata/stajichlab/shared/projects/Candida/RNAseq/results
/bigdata/stajichlab/shared/projects/Candida/RNAseq/results
/bigdata/stajichlab/shared/projects/Candida/RNAseq/results/U3B.r2.gsnap /bigdata/stajichlab/shared/projects/Candida/RNAseq/results
/bigdata/stajichlab/shared/projects/Candida/RNAseq/results
/bigdata/stajichlab/shared/projects/Candida/RNAseq/results/U3B_benomyl.r1.gsnap /bigdata/stajichlab/shared/projects/Candida/RNAseq/results
/bigdata/stajichlab/shared/projects/Candida/RNAseq/results
/bigdata/stajichlab/shared/projects/Candida/RNAseq/results/U3B_benomyl.r2.gsnap /bigdata/stajichlab/shared/projects/Candida/RNAseq/results
/bigdata/stajichlab/shared/projects/Candida/RNAseq/results
/bigdata/stajichlab/shared/projects/Candida/RNAseq/results/U3E.r1.gsnap /bigdata/stajichlab/shared/projects/Candida/RNAseq/results
/bigdata/stajichlab/shared/projects/Candida/RNAseq/results
/bigdata/stajichlab/shared/projects/Candida/RNAseq/results/U3E.r2.gsnap /bigdata/stajichlab/shared/projects/Candida/RNAseq/results
/bigdata/stajichlab/shared/projects/Candida/RNAseq/results
/bigdata/stajichlab/shared/projects/Candida/RNAseq/results/U3E_benomyl.r1.gsnap /bigdata/stajichlab/shared/projects/Candida/RNAseq/results
/bigdata/stajichlab/shared/projects/Candida/RNAseq/results
/bigdata/stajichlab/shared/projects/Candida/RNAseq/results/U3E_benomyl.r2.gsnap /bigdata/stajichlab/shared/projects/Candida/RNAseq/results
/bigdata/stajichlab/shared/projects/Candida/RNAseq/results
/bigdata/stajichlab/shared/projects/Candida/RNAseq/results/U5C.r1.gsnap /bigdata/stajichlab/shared/projects/Candida/RNAseq/results
/bigdata/stajichlab/shared/projects/Candida/RNAseq/results
/bigdata/stajichlab/shared/projects/Candida/RNAseq/results/U5C.r2.gsnap /bigdata/stajichlab/shared/projects/Candida/RNAseq/results
/bigdata/stajichlab/shared/projects/Candida/RNAseq/results
/bigdata/stajichlab/shared/projects/Candida/RNAseq/results/U5C_benomyl.r1.gsnap /bigdata/stajichlab/shared/projects/Candida/RNAseq/results
/bigdata/stajichlab/shared/projects/Candida/RNAseq/results
/bigdata/stajichlab/shared/projects/Candida/RNAseq/results/U5C_benomyl.r2.gsnap /bigdata/stajichlab/shared/projects/Candida/RNAseq/results
/bigdata/stajichlab/shared/projects/Candida/RNAseq/results
0 L1B.r1.gsnap
1 L1B.r2.gsnap
2 L1B_benomyl.r1.gsnap
3 L1B_benomyl.r2.gsnap
4 L4C.r1.gsnap
5 L4C.r2.gsnap
6 L4C_benomyl.r1.gsnap
7 L4C_benomyl.r2.gsnap
8 U10D.r1.gsnap
9 U10D.r2.gsnap
10 U10D_benomyl.r1.gsnap
11 U10D_benomyl.r2.gsnap
12 U3B.r1.gsnap
13 U3B.r2.gsnap
14 U3B_benomyl.r1.gsnap
15 U3B_benomyl.r2.gsnap
16 U3E.r1.gsnap
17 U3E.r2.gsnap
18 U3E_benomyl.r1.gsnap
19 U3E_benomyl.r2.gsnap
20 U5C.r1.gsnap
21 U5C.r2.gsnap
22 U5C_benomyl.r1.gsnap
23 U5C_benomyl.r2.gsnap
